<?xml version="1.0" encoding="UTF-8"?>
<coverage generated="1746999782816" clover="3.2.0">
  <project timestamp="1746999782816" name="All files">
    <metrics statements="950" coveredstatements="613" conditionals="327" coveredconditionals="154" methods="148" coveredmethods="63" elements="1425" coveredelements="830" complexity="0" loc="950" ncloc="950" packages="8" files="28" classes="28"/>
    <package name="mcp_resources">
      <metrics statements="314" coveredstatements="281" conditionals="144" coveredconditionals="117" methods="32" coveredmethods="26"/>
      <file name="BaseResourceHandler.ts" path="/home/luis/Development/oss/maas-mcp-server/src/mcp_resources/BaseResourceHandler.ts">
        <metrics statements="177" coveredstatements="152" conditionals="91" coveredconditionals="68" methods="25" coveredmethods="19"/>
        <line num="8" count="6" type="stmt"/>
        <line num="9" count="6" type="stmt"/>
        <line num="10" count="6" type="stmt"/>
        <line num="11" count="6" type="stmt"/>
        <line num="16" count="6" type="stmt"/>
        <line num="17" count="6" type="stmt"/>
        <line num="18" count="6" type="stmt"/>
        <line num="23" count="6" type="stmt"/>
        <line num="60" count="89" type="stmt"/>
        <line num="61" count="89" type="stmt"/>
        <line num="62" count="89" type="stmt"/>
        <line num="63" count="89" type="stmt"/>
        <line num="64" count="89" type="stmt"/>
        <line num="65" count="89" type="stmt"/>
        <line num="66" count="89" type="stmt"/>
        <line num="67" count="89" type="stmt"/>
        <line num="68" count="89" type="stmt"/>
        <line num="71" count="89" type="stmt"/>
        <line num="79" count="89" type="stmt"/>
        <line num="81" count="89" type="stmt"/>
        <line num="94" count="89" type="stmt"/>
        <line num="115" count="63" type="stmt"/>
        <line num="118" count="63" type="stmt"/>
        <line num="119" count="63" type="stmt"/>
        <line num="120" count="46" type="cond" truecount="1" falsecount="1"/>
        <line num="121" count="46" type="stmt"/>
        <line num="122" count="0" type="cond" truecount="0" falsecount="3"/>
        <line num="123" count="0" type="stmt"/>
        <line num="128" count="63" type="stmt"/>
        <line num="130" count="63" type="stmt"/>
        <line num="131" count="63" type="stmt"/>
        <line num="133" count="63" type="stmt"/>
        <line num="136" count="28" type="stmt"/>
        <line num="139" count="28" type="stmt"/>
        <line num="142" count="28" type="cond" truecount="1" falsecount="0"/>
        <line num="143" count="28" type="stmt"/>
        <line num="155" count="28" type="cond" truecount="3" falsecount="0"/>
        <line num="157" count="28" type="stmt"/>
        <line num="165" count="28" type="stmt"/>
        <line num="166" count="28" type="cond" truecount="1" falsecount="0"/>
        <line num="167" count="1" type="cond" truecount="1" falsecount="1"/>
        <line num="170" count="1" type="cond" truecount="1" falsecount="0"/>
        <line num="171" count="1" type="stmt"/>
        <line num="180" count="1" type="stmt"/>
        <line num="183" count="27" type="cond" truecount="2" falsecount="0"/>
        <line num="186" count="27" type="cond" truecount="1" falsecount="0"/>
        <line num="187" count="27" type="stmt"/>
        <line num="197" count="27" type="stmt"/>
        <line num="199" count="27" type="stmt"/>
        <line num="202" count="18" type="stmt"/>
        <line num="205" count="13" type="cond" truecount="2" falsecount="0"/>
        <line num="206" count="5" type="stmt"/>
        <line num="209" count="5" type="cond" truecount="1" falsecount="0"/>
        <line num="210" count="5" type="stmt"/>
        <line num="222" count="8" type="stmt"/>
        <line num="225" count="8" type="cond" truecount="1" falsecount="0"/>
        <line num="226" count="8" type="stmt"/>
        <line num="240" count="13" type="cond" truecount="3" falsecount="0"/>
        <line num="241" count="13" type="stmt"/>
        <line num="248" count="13" type="stmt"/>
        <line num="255" count="13" type="cond" truecount="2" falsecount="0"/>
        <line num="258" count="13" type="cond" truecount="1" falsecount="0"/>
        <line num="259" count="13" type="stmt"/>
        <line num="270" count="13" type="stmt"/>
        <line num="273" count="14" type="cond" truecount="1" falsecount="0"/>
        <line num="274" count="14" type="stmt"/>
        <line num="287" count="14" type="stmt"/>
        <line num="291" count="49" type="cond" truecount="1" falsecount="0"/>
        <line num="292" count="49" type="stmt"/>
        <line num="305" count="49" type="stmt"/>
        <line num="317" count="63" type="stmt"/>
        <line num="346" count="63" type="stmt"/>
        <line num="359" count="28" type="cond" truecount="2" falsecount="0"/>
        <line num="360" count="28" type="cond" truecount="2" falsecount="0"/>
        <line num="361" count="28" type="stmt"/>
        <line num="384" count="12" type="stmt"/>
        <line num="399" count="8" type="cond" truecount="1" falsecount="1"/>
        <line num="400" count="8" type="cond" truecount="1" falsecount="1"/>
        <line num="401" count="8" type="stmt"/>
        <line num="417" count="14" type="stmt"/>
        <line num="420" count="14" type="stmt"/>
        <line num="423" count="14" type="stmt"/>
        <line num="426" count="14" type="cond" truecount="3" falsecount="0"/>
        <line num="427" count="14" type="stmt"/>
        <line num="430" count="14" type="stmt"/>
        <line num="433" count="14" type="cond" truecount="1" falsecount="0"/>
        <line num="434" count="1" type="cond" truecount="1" falsecount="0"/>
        <line num="435" count="1" type="stmt"/>
        <line num="437" count="1" type="cond" truecount="1" falsecount="0"/>
        <line num="438" count="1" type="stmt"/>
        <line num="440" count="1" type="cond" truecount="0" falsecount="1"/>
        <line num="441" count="0" type="stmt"/>
        <line num="445" count="14" type="stmt"/>
        <line num="448" count="14" type="cond" truecount="1" falsecount="0"/>
        <line num="450" count="1" type="stmt"/>
        <line num="455" count="14" type="cond" truecount="1" falsecount="0"/>
        <line num="456" count="1" type="stmt"/>
        <line num="459" count="1" type="stmt"/>
        <line num="461" count="1" type="cond" truecount="1" falsecount="1"/>
        <line num="463" count="1" type="stmt"/>
        <line num="473" count="0" type="stmt"/>
        <line num="478" count="13" type="cond" truecount="2" falsecount="0"/>
        <line num="480" count="13" type="stmt"/>
        <line num="505" count="1" type="stmt"/>
        <line num="506" count="1" type="cond" truecount="2" falsecount="1"/>
        <line num="507" count="0" type="stmt"/>
        <line num="510" count="1" type="cond" truecount="0" falsecount="1"/>
        <line num="511" count="0" type="stmt"/>
        <line num="514" count="1" type="cond" truecount="0" falsecount="1"/>
        <line num="515" count="0" type="stmt"/>
        <line num="518" count="1" type="stmt"/>
        <line num="520" count="1" type="stmt"/>
        <line num="521" count="4" type="cond" truecount="2" falsecount="1"/>
        <line num="523" count="4" type="cond" truecount="1" falsecount="1"/>
        <line num="524" count="0" type="stmt"/>
        <line num="525" count="0" type="stmt"/>
        <line num="526" count="0" type="stmt"/>
        <line num="527" count="4" type="cond" truecount="1" falsecount="1"/>
        <line num="528" count="0" type="stmt"/>
        <line num="530" count="4" type="stmt"/>
        <line num="534" count="1" type="stmt"/>
        <line num="535" count="1" type="stmt"/>
        <line num="539" count="1" type="stmt"/>
        <line num="540" count="1" type="cond" truecount="1" falsecount="1"/>
        <line num="545" count="1" type="stmt"/>
        <line num="558" count="14" type="cond" truecount="2" falsecount="0"/>
        <line num="559" count="14" type="stmt"/>
        <line num="571" count="49" type="cond" truecount="1" falsecount="0"/>
        <line num="572" count="13" type="stmt"/>
        <line num="576" count="36" type="cond" truecount="2" falsecount="0"/>
        <line num="577" count="36" type="cond" truecount="1" falsecount="1"/>
        <line num="578" count="36" type="stmt"/>
        <line num="579" count="36" type="stmt"/>
        <line num="591" count="1" type="cond" truecount="2" falsecount="1"/>
        <line num="592" count="0" type="stmt"/>
        <line num="596" count="1" type="stmt"/>
        <line num="598" count="1" type="stmt"/>
        <line num="599" count="1" type="stmt"/>
        <line num="602" count="1" type="cond" truecount="1" falsecount="0"/>
        <line num="603" count="1" type="stmt"/>
        <line num="611" count="1" type="stmt"/>
        <line num="620" count="1" type="cond" truecount="3" falsecount="1"/>
        <line num="621" count="0" type="stmt"/>
        <line num="625" count="1" type="stmt"/>
        <line num="627" count="1" type="stmt"/>
        <line num="628" count="1" type="stmt"/>
        <line num="631" count="1" type="cond" truecount="1" falsecount="0"/>
        <line num="632" count="1" type="stmt"/>
        <line num="640" count="1" type="stmt"/>
        <line num="648" count="1" type="stmt"/>
        <line num="654" count="1" type="stmt"/>
        <line num="656" count="1" type="stmt"/>
        <line num="662" count="1" type="cond" truecount="1" falsecount="0"/>
        <line num="663" count="1" type="stmt"/>
        <line num="681" count="0" type="stmt"/>
        <line num="688" count="6" type="stmt"/>
        <line num="697" count="1" type="stmt"/>
        <line num="699" count="1" type="cond" truecount="2" falsecount="1"/>
        <line num="700" count="0" type="stmt"/>
        <line num="701" count="0" type="stmt"/>
        <line num="709" count="1" type="stmt"/>
        <line num="716" count="1" type="cond" truecount="0" falsecount="1"/>
        <line num="717" count="0" type="stmt"/>
        <line num="718" count="0" type="stmt"/>
        <line num="725" count="1" type="stmt"/>
        <line num="732" count="6" type="stmt"/>
        <line num="742" count="0" type="stmt"/>
        <line num="749" count="0" type="cond" truecount="0" falsecount="1"/>
        <line num="750" count="0" type="stmt"/>
        <line num="751" count="0" type="stmt"/>
        <line num="758" count="0" type="stmt"/>
        <line num="769" count="6" type="cond" truecount="1" falsecount="0"/>
        <line num="770" count="1" type="stmt"/>
        <line num="777" count="5" type="stmt"/>
        <line num="778" count="8" type="stmt"/>
        <line num="793" count="0" type="stmt"/>
        <line num="805" count="0" type="stmt"/>
      </file>
      <file name="tagsResource.ts" path="/home/luis/Development/oss/maas-mcp-server/src/mcp_resources/tagsResource.ts">
        <metrics statements="137" coveredstatements="129" conditionals="53" coveredconditionals="49" methods="7" coveredmethods="7"/>
        <line num="1" count="1" type="stmt"/>
        <line num="3" count="1" type="stmt"/>
        <line num="11" count="1" type="stmt"/>
        <line num="13" count="1" type="stmt"/>
        <line num="14" count="1" type="stmt"/>
        <line num="21" count="1" type="stmt"/>
        <line num="32" count="1" type="stmt"/>
        <line num="43" count="1" type="stmt"/>
        <line num="56" count="1" type="stmt"/>
        <line num="57" count="40" type="stmt"/>
        <line num="61" count="8" type="stmt"/>
        <line num="63" count="8" type="stmt"/>
        <line num="65" count="8" type="stmt"/>
        <line num="67" count="3" type="cond" truecount="1" falsecount="0"/>
        <line num="68" count="1" type="stmt"/>
        <line num="69" count="1" type="stmt"/>
        <line num="73" count="2" type="stmt"/>
        <line num="74" count="5" type="stmt"/>
        <line num="75" count="1" type="stmt"/>
        <line num="78" count="1" type="stmt"/>
        <line num="81" count="1" type="stmt"/>
        <line num="89" count="1" type="cond" truecount="1" falsecount="0"/>
        <line num="90" count="1" type="stmt"/>
        <line num="94" count="1" type="stmt"/>
        <line num="101" count="0" type="stmt"/>
        <line num="105" count="7" type="cond" truecount="2" falsecount="0"/>
        <line num="107" count="2" type="stmt"/>
        <line num="111" count="2" type="stmt"/>
        <line num="112" count="5" type="cond" truecount="2" falsecount="0"/>
        <line num="114" count="1" type="stmt"/>
        <line num="115" count="1" type="stmt"/>
        <line num="116" count="4" type="cond" truecount="4" falsecount="0"/>
        <line num="118" count="1" type="stmt"/>
        <line num="122" count="1" type="stmt"/>
        <line num="128" count="3" type="cond" truecount="2" falsecount="0"/>
        <line num="130" count="1" type="stmt"/>
        <line num="131" count="1" type="stmt"/>
        <line num="139" count="2" type="stmt"/>
        <line num="142" count="2" type="stmt"/>
        <line num="162" count="1" type="stmt"/>
        <line num="163" count="40" type="stmt"/>
        <line num="168" count="11" type="stmt"/>
        <line num="169" count="11" type="stmt"/>
        <line num="170" count="10" type="stmt"/>
        <line num="172" count="10" type="cond" truecount="3" falsecount="0"/>
        <line num="173" count="1" type="stmt"/>
        <line num="174" count="1" type="stmt"/>
        <line num="182" count="9" type="cond" truecount="1" falsecount="0"/>
        <line num="183" count="1" type="stmt"/>
        <line num="184" count="1" type="stmt"/>
        <line num="191" count="8" type="stmt"/>
        <line num="193" count="8" type="stmt"/>
        <line num="195" count="8" type="stmt"/>
        <line num="198" count="3" type="cond" truecount="1" falsecount="0"/>
        <line num="199" count="1" type="stmt"/>
        <line num="200" count="1" type="stmt"/>
        <line num="208" count="2" type="stmt"/>
        <line num="209" count="2" type="stmt"/>
        <line num="210" count="1" type="stmt"/>
        <line num="213" count="1" type="stmt"/>
        <line num="216" count="1" type="stmt"/>
        <line num="224" count="1" type="cond" truecount="1" falsecount="0"/>
        <line num="225" count="1" type="stmt"/>
        <line num="229" count="1" type="stmt"/>
        <line num="236" count="0" type="stmt"/>
        <line num="240" count="7" type="cond" truecount="2" falsecount="0"/>
        <line num="242" count="3" type="stmt"/>
        <line num="248" count="3" type="cond" truecount="1" falsecount="0"/>
        <line num="249" count="2" type="stmt"/>
        <line num="256" count="1" type="stmt"/>
        <line num="257" count="4" type="cond" truecount="2" falsecount="0"/>
        <line num="259" count="1" type="stmt"/>
        <line num="260" count="1" type="stmt"/>
        <line num="265" count="3" type="cond" truecount="4" falsecount="0"/>
        <line num="267" count="1" type="stmt"/>
        <line num="271" count="1" type="stmt"/>
        <line num="277" count="2" type="cond" truecount="2" falsecount="0"/>
        <line num="279" count="1" type="stmt"/>
        <line num="280" count="1" type="stmt"/>
        <line num="288" count="1" type="stmt"/>
        <line num="291" count="1" type="stmt"/>
        <line num="300" count="10" type="cond" truecount="1" falsecount="0"/>
        <line num="301" count="1" type="stmt"/>
        <line num="305" count="1" type="stmt"/>
        <line num="313" count="9" type="cond" truecount="1" falsecount="0"/>
        <line num="314" count="9" type="stmt"/>
        <line num="317" count="0" type="cond" truecount="0" falsecount="2"/>
        <line num="318" count="0" type="stmt"/>
        <line num="319" count="0" type="stmt"/>
        <line num="337" count="1" type="stmt"/>
        <line num="338" count="40" type="stmt"/>
        <line num="343" count="12" type="stmt"/>
        <line num="344" count="12" type="stmt"/>
        <line num="345" count="11" type="stmt"/>
        <line num="347" count="11" type="cond" truecount="3" falsecount="0"/>
        <line num="348" count="1" type="stmt"/>
        <line num="349" count="1" type="stmt"/>
        <line num="357" count="10" type="cond" truecount="1" falsecount="0"/>
        <line num="358" count="1" type="stmt"/>
        <line num="359" count="1" type="stmt"/>
        <line num="366" count="9" type="stmt"/>
        <line num="368" count="9" type="stmt"/>
        <line num="370" count="9" type="stmt"/>
        <line num="371" count="9" type="stmt"/>
        <line num="374" count="6" type="cond" truecount="1" falsecount="0"/>
        <line num="375" count="1" type="stmt"/>
        <line num="376" count="1" type="stmt"/>
        <line num="384" count="5" type="stmt"/>
        <line num="389" count="8" type="stmt"/>
        <line num="392" count="4" type="cond" truecount="1" falsecount="0"/>
        <line num="393" count="1" type="stmt"/>
        <line num="394" count="1" type="stmt"/>
        <line num="401" count="3" type="stmt"/>
        <line num="404" count="3" type="stmt"/>
        <line num="407" count="3" type="stmt"/>
        <line num="416" count="6" type="cond" truecount="2" falsecount="0"/>
        <line num="418" count="2" type="stmt"/>
        <line num="422" count="2" type="stmt"/>
        <line num="423" count="4" type="cond" truecount="2" falsecount="0"/>
        <line num="425" count="1" type="stmt"/>
        <line num="426" count="1" type="stmt"/>
        <line num="431" count="3" type="cond" truecount="4" falsecount="0"/>
        <line num="433" count="1" type="stmt"/>
        <line num="437" count="1" type="stmt"/>
        <line num="443" count="2" type="cond" truecount="2" falsecount="0"/>
        <line num="445" count="1" type="stmt"/>
        <line num="446" count="1" type="stmt"/>
        <line num="454" count="1" type="stmt"/>
        <line num="457" count="1" type="stmt"/>
        <line num="466" count="9" type="cond" truecount="1" falsecount="0"/>
        <line num="467" count="1" type="stmt"/>
        <line num="471" count="1" type="stmt"/>
        <line num="479" count="8" type="cond" truecount="1" falsecount="0"/>
        <line num="480" count="8" type="stmt"/>
        <line num="483" count="0" type="cond" truecount="0" falsecount="2"/>
        <line num="484" count="0" type="stmt"/>
        <line num="485" count="0" type="stmt"/>
      </file>
    </package>
    <package name="mcp_resources.cache">
      <metrics statements="239" coveredstatements="13" conditionals="72" coveredconditionals="0" methods="47" coveredmethods="1"/>
      <file name="cacheManager.ts" path="/home/luis/Development/oss/maas-mcp-server/src/mcp_resources/cache/cacheManager.ts">
        <metrics statements="63" coveredstatements="5" conditionals="31" coveredconditionals="0" methods="17" coveredmethods="0"/>
        <line num="6" count="4" type="stmt"/>
        <line num="7" count="4" type="stmt"/>
        <line num="8" count="4" type="stmt"/>
        <line num="9" count="4" type="stmt"/>
        <line num="18" count="4" type="stmt"/>
        <line num="32" count="0" type="stmt"/>
        <line num="33" count="0" type="stmt"/>
        <line num="34" count="0" type="stmt"/>
        <line num="37" count="0" type="cond" truecount="0" falsecount="2"/>
        <line num="38" count="0" type="stmt"/>
        <line num="39" count="0" type="stmt"/>
        <line num="44" count="0" type="stmt"/>
        <line num="45" count="0" type="stmt"/>
        <line num="57" count="0" type="cond" truecount="0" falsecount="1"/>
        <line num="58" count="0" type="stmt"/>
        <line num="60" count="0" type="stmt"/>
        <line num="84" count="0" type="cond" truecount="0" falsecount="1"/>
        <line num="85" count="0" type="stmt"/>
        <line num="89" count="0" type="stmt"/>
        <line num="92" count="0" type="cond" truecount="0" falsecount="3"/>
        <line num="93" count="0" type="cond" truecount="0" falsecount="1"/>
        <line num="94" count="0" type="stmt"/>
        <line num="98" count="0" type="cond" truecount="0" falsecount="3"/>
        <line num="99" count="0" type="stmt"/>
        <line num="102" count="0" type="cond" truecount="0" falsecount="4"/>
        <line num="103" count="0" type="stmt"/>
        <line num="104" count="0" type="stmt"/>
        <line num="105" count="0" type="cond" truecount="0" falsecount="1"/>
        <line num="106" count="0" type="stmt"/>
        <line num="109" count="0" type="stmt"/>
        <line num="112" count="0" type="stmt"/>
        <line num="116" count="0" type="stmt"/>
        <line num="125" count="0" type="cond" truecount="0" falsecount="1"/>
        <line num="126" count="0" type="stmt"/>
        <line num="129" count="0" type="stmt"/>
        <line num="130" count="0" type="stmt"/>
        <line num="153" count="0" type="cond" truecount="0" falsecount="4"/>
        <line num="154" count="0" type="stmt"/>
        <line num="158" count="0" type="stmt"/>
        <line num="160" count="0" type="cond" truecount="0" falsecount="3"/>
        <line num="161" count="0" type="stmt"/>
        <line num="164" count="0" type="cond" truecount="0" falsecount="1"/>
        <line num="165" count="0" type="stmt"/>
        <line num="168" count="0" type="stmt"/>
        <line num="177" count="0" type="cond" truecount="0" falsecount="1"/>
        <line num="178" count="0" type="stmt"/>
        <line num="180" count="0" type="stmt"/>
        <line num="187" count="0" type="stmt"/>
        <line num="194" count="0" type="stmt"/>
        <line num="203" count="0" type="cond" truecount="0" falsecount="1"/>
        <line num="204" count="0" type="stmt"/>
        <line num="206" count="0" type="stmt"/>
        <line num="218" count="0" type="stmt"/>
        <line num="235" count="0" type="stmt"/>
        <line num="242" count="0" type="stmt"/>
        <line num="250" count="0" type="stmt"/>
        <line num="251" count="0" type="cond" truecount="0" falsecount="2"/>
        <line num="258" count="0" type="stmt"/>
        <line num="266" count="0" type="stmt"/>
        <line num="267" count="0" type="stmt"/>
        <line num="275" count="0" type="cond" truecount="0" falsecount="2"/>
        <line num="284" count="0" type="stmt"/>
        <line num="285" count="0" type="stmt"/>
      </file>
      <file name="index.ts" path="/home/luis/Development/oss/maas-mcp-server/src/mcp_resources/cache/index.ts">
        <metrics statements="4" coveredstatements="4" conditionals="0" coveredconditionals="0" methods="3" coveredmethods="1"/>
        <line num="7" count="6" type="stmt"/>
        <line num="10" count="6" type="stmt"/>
        <line num="11" count="6" type="stmt"/>
        <line num="14" count="95" type="stmt"/>
      </file>
      <file name="lruCacheStrategy.ts" path="/home/luis/Development/oss/maas-mcp-server/src/mcp_resources/cache/lruCacheStrategy.ts">
        <metrics statements="109" coveredstatements="2" conditionals="24" coveredconditionals="0" methods="16" coveredmethods="0"/>
        <line num="6" count="10" type="stmt"/>
        <line num="17" count="0" type="stmt"/>
        <line num="18" count="0" type="stmt"/>
        <line num="21" count="0" type="stmt"/>
        <line num="22" count="0" type="stmt"/>
        <line num="33" count="10" type="stmt"/>
        <line num="35" count="0" type="stmt"/>
        <line num="36" count="0" type="stmt"/>
        <line num="38" count="0" type="stmt"/>
        <line num="39" count="0" type="stmt"/>
        <line num="46" count="0" type="stmt"/>
        <line num="47" count="0" type="stmt"/>
        <line num="48" count="0" type="stmt"/>
        <line num="49" count="0" type="stmt"/>
        <line num="59" count="0" type="cond" truecount="0" falsecount="1"/>
        <line num="60" count="0" type="stmt"/>
        <line num="63" count="0" type="stmt"/>
        <line num="64" count="0" type="stmt"/>
        <line num="68" count="0" type="cond" truecount="0" falsecount="1"/>
        <line num="69" count="0" type="stmt"/>
        <line num="79" count="0" type="stmt"/>
        <line num="80" count="0" type="stmt"/>
        <line num="81" count="0" type="stmt"/>
        <line num="84" count="0" type="stmt"/>
        <line num="85" count="0" type="stmt"/>
        <line num="87" count="0" type="cond" truecount="0" falsecount="1"/>
        <line num="88" count="0" type="stmt"/>
        <line num="89" count="0" type="stmt"/>
        <line num="90" count="0" type="stmt"/>
        <line num="93" count="0" type="stmt"/>
        <line num="96" count="0" type="cond" truecount="0" falsecount="1"/>
        <line num="97" count="0" type="stmt"/>
        <line num="100" count="0" type="stmt"/>
        <line num="109" count="0" type="stmt"/>
        <line num="110" count="0" type="stmt"/>
        <line num="113" count="0" type="cond" truecount="0" falsecount="1"/>
        <line num="114" count="0" type="stmt"/>
        <line num="118" count="0" type="stmt"/>
        <line num="121" count="0" type="cond" truecount="0" falsecount="1"/>
        <line num="122" count="0" type="stmt"/>
        <line num="133" count="0" type="cond" truecount="0" falsecount="2"/>
        <line num="134" count="0" type="stmt"/>
        <line num="136" count="0" type="stmt"/>
        <line num="139" count="0" type="cond" truecount="0" falsecount="2"/>
        <line num="140" count="0" type="stmt"/>
        <line num="142" count="0" type="stmt"/>
        <line num="153" count="0" type="stmt"/>
        <line num="154" count="0" type="stmt"/>
        <line num="163" count="0" type="cond" truecount="0" falsecount="1"/>
        <line num="165" count="0" type="stmt"/>
        <line num="166" count="0" type="stmt"/>
        <line num="167" count="0" type="stmt"/>
        <line num="168" count="0" type="stmt"/>
        <line num="177" count="0" type="stmt"/>
        <line num="179" count="0" type="cond" truecount="0" falsecount="1"/>
        <line num="180" count="0" type="stmt"/>
        <line num="184" count="0" type="cond" truecount="0" falsecount="1"/>
        <line num="185" count="0" type="stmt"/>
        <line num="186" count="0" type="stmt"/>
        <line num="187" count="0" type="stmt"/>
        <line num="188" count="0" type="stmt"/>
        <line num="192" count="0" type="stmt"/>
        <line num="194" count="0" type="stmt"/>
        <line num="195" count="0" type="stmt"/>
        <line num="213" count="0" type="cond" truecount="0" falsecount="2"/>
        <line num="214" count="0" type="stmt"/>
        <line num="215" count="0" type="stmt"/>
        <line num="216" count="0" type="stmt"/>
        <line num="219" count="0" type="cond" truecount="0" falsecount="1"/>
        <line num="220" count="0" type="stmt"/>
        <line num="223" count="0" type="stmt"/>
        <line num="224" count="0" type="stmt"/>
        <line num="233" count="0" type="stmt"/>
        <line num="234" count="0" type="stmt"/>
        <line num="235" count="0" type="stmt"/>
        <line num="237" count="0" type="stmt"/>
        <line num="238" count="0" type="stmt"/>
        <line num="247" count="0" type="stmt"/>
        <line num="248" count="0" type="cond" truecount="0" falsecount="1"/>
        <line num="249" count="0" type="stmt"/>
        <line num="252" count="0" type="stmt"/>
        <line num="253" count="0" type="stmt"/>
        <line num="255" count="0" type="cond" truecount="0" falsecount="1"/>
        <line num="256" count="0" type="stmt"/>
        <line num="259" count="0" type="stmt"/>
        <line num="266" count="0" type="stmt"/>
        <line num="267" count="0" type="stmt"/>
        <line num="268" count="0" type="stmt"/>
        <line num="269" count="0" type="stmt"/>
        <line num="270" count="0" type="stmt"/>
        <line num="277" count="0" type="stmt"/>
        <line num="286" count="0" type="stmt"/>
        <line num="287" count="0" type="cond" truecount="0" falsecount="2"/>
        <line num="288" count="0" type="stmt"/>
        <line num="291" count="0" type="stmt"/>
        <line num="292" count="0" type="cond" truecount="0" falsecount="1"/>
        <line num="293" count="0" type="stmt"/>
        <line num="298" count="0" type="stmt"/>
        <line num="299" count="0" type="stmt"/>
        <line num="300" count="0" type="stmt"/>
        <line num="301" count="0" type="stmt"/>
        <line num="302" count="0" type="stmt"/>
        <line num="305" count="0" type="cond" truecount="0" falsecount="1"/>
        <line num="306" count="0" type="stmt"/>
        <line num="309" count="0" type="stmt"/>
        <line num="318" count="0" type="cond" truecount="0" falsecount="1"/>
        <line num="319" count="0" type="stmt"/>
        <line num="320" count="0" type="stmt"/>
        <line num="321" count="0" type="stmt"/>
      </file>
      <file name="timeBasedCacheStrategy.ts" path="/home/luis/Development/oss/maas-mcp-server/src/mcp_resources/cache/timeBasedCacheStrategy.ts">
        <metrics statements="63" coveredstatements="2" conditionals="17" coveredconditionals="0" methods="11" coveredmethods="0"/>
        <line num="6" count="10" type="stmt"/>
        <line num="15" count="10" type="stmt"/>
        <line num="18" count="0" type="stmt"/>
        <line num="19" count="0" type="stmt"/>
        <line num="26" count="0" type="stmt"/>
        <line num="27" count="0" type="stmt"/>
        <line num="28" count="0" type="stmt"/>
        <line num="29" count="0" type="stmt"/>
        <line num="39" count="0" type="cond" truecount="0" falsecount="1"/>
        <line num="40" count="0" type="stmt"/>
        <line num="43" count="0" type="stmt"/>
        <line num="44" count="0" type="stmt"/>
        <line num="48" count="0" type="cond" truecount="0" falsecount="1"/>
        <line num="49" count="0" type="stmt"/>
        <line num="58" count="0" type="stmt"/>
        <line num="59" count="0" type="stmt"/>
        <line num="61" count="0" type="stmt"/>
        <line num="62" count="0" type="cond" truecount="0" falsecount="1"/>
        <line num="63" count="0" type="stmt"/>
        <line num="64" count="0" type="stmt"/>
        <line num="68" count="0" type="cond" truecount="0" falsecount="1"/>
        <line num="69" count="0" type="stmt"/>
        <line num="72" count="0" type="stmt"/>
        <line num="81" count="0" type="stmt"/>
        <line num="83" count="0" type="cond" truecount="0" falsecount="1"/>
        <line num="84" count="0" type="stmt"/>
        <line num="88" count="0" type="cond" truecount="0" falsecount="1"/>
        <line num="89" count="0" type="stmt"/>
        <line num="90" count="0" type="stmt"/>
        <line num="91" count="0" type="stmt"/>
        <line num="94" count="0" type="stmt"/>
        <line num="95" count="0" type="stmt"/>
        <line num="118" count="0" type="cond" truecount="0" falsecount="3"/>
        <line num="119" count="0" type="stmt"/>
        <line num="120" count="0" type="cond" truecount="0" falsecount="1"/>
        <line num="121" count="0" type="stmt"/>
        <line num="122" count="0" type="stmt"/>
        <line num="126" count="0" type="stmt"/>
        <line num="127" count="0" type="stmt"/>
        <line num="135" count="0" type="stmt"/>
        <line num="136" count="0" type="stmt"/>
        <line num="137" count="0" type="stmt"/>
        <line num="146" count="0" type="stmt"/>
        <line num="147" count="0" type="cond" truecount="0" falsecount="1"/>
        <line num="148" count="0" type="stmt"/>
        <line num="150" count="0" type="stmt"/>
        <line num="157" count="0" type="stmt"/>
        <line num="158" count="0" type="stmt"/>
        <line num="159" count="0" type="stmt"/>
        <line num="166" count="0" type="stmt"/>
        <line num="175" count="0" type="stmt"/>
        <line num="176" count="0" type="cond" truecount="0" falsecount="2"/>
        <line num="178" count="0" type="stmt"/>
        <line num="179" count="0" type="cond" truecount="0" falsecount="1"/>
        <line num="180" count="0" type="stmt"/>
        <line num="181" count="0" type="stmt"/>
        <line num="185" count="0" type="cond" truecount="0" falsecount="1"/>
        <line num="186" count="0" type="stmt"/>
        <line num="189" count="0" type="stmt"/>
        <line num="198" count="0" type="cond" truecount="0" falsecount="1"/>
        <line num="199" count="0" type="stmt"/>
        <line num="200" count="0" type="stmt"/>
        <line num="201" count="0" type="stmt"/>
      </file>
    </package>
    <package name="mcp_resources.handlers">
      <metrics statements="162" coveredstatements="108" conditionals="50" coveredconditionals="2" methods="29" coveredmethods="20"/>
      <file name="DomainResourceHandler.ts" path="/home/luis/Development/oss/maas-mcp-server/src/mcp_resources/handlers/DomainResourceHandler.ts">
        <metrics statements="32" coveredstatements="17" conditionals="11" coveredconditionals="0" methods="6" coveredmethods="3"/>
        <line num="5" count="1" type="stmt"/>
        <line num="7" count="1" type="stmt"/>
        <line num="11" count="1" type="stmt"/>
        <line num="21" count="1" type="stmt"/>
        <line num="27" count="1" type="stmt"/>
        <line num="47" count="1" type="stmt"/>
        <line num="54" count="1" type="stmt"/>
        <line num="63" count="7" type="stmt"/>
        <line num="65" count="7" type="stmt"/>
        <line num="84" count="0" type="stmt"/>
        <line num="93" count="1" type="stmt"/>
        <line num="102" count="8" type="stmt"/>
        <line num="104" count="8" type="stmt"/>
        <line num="125" count="0" type="stmt"/>
        <line num="139" count="0" type="stmt"/>
        <line num="142" count="0" type="cond" truecount="0" falsecount="1"/>
        <line num="143" count="0" type="cond" truecount="0" falsecount="1"/>
        <line num="144" count="0" type="cond" truecount="0" falsecount="1"/>
        <line num="145" count="0" type="cond" truecount="0" falsecount="1"/>
        <line num="148" count="0" type="cond" truecount="0" falsecount="1"/>
        <line num="149" count="0" type="cond" truecount="0" falsecount="1"/>
        <line num="152" count="0" type="cond" truecount="0" falsecount="1"/>
        <line num="153" count="0" type="cond" truecount="0" falsecount="1"/>
        <line num="156" count="0" type="stmt"/>
        <line num="163" count="0" type="cond" truecount="0" falsecount="1"/>
        <line num="164" count="0" type="stmt"/>
        <line num="167" count="0" type="stmt"/>
        <line num="177" count="1" type="stmt"/>
        <line num="179" count="1" type="stmt"/>
        <line num="180" count="1" type="stmt"/>
        <line num="183" count="1" type="stmt"/>
        <line num="184" count="1" type="stmt"/>
      </file>
      <file name="SubnetResourceHandler.ts" path="/home/luis/Development/oss/maas-mcp-server/src/mcp_resources/handlers/SubnetResourceHandler.ts">
        <metrics statements="34" coveredstatements="17" conditionals="13" coveredconditionals="0" methods="6" coveredmethods="3"/>
        <line num="5" count="1" type="stmt"/>
        <line num="7" count="1" type="stmt"/>
        <line num="11" count="1" type="stmt"/>
        <line num="21" count="1" type="stmt"/>
        <line num="27" count="1" type="stmt"/>
        <line num="47" count="1" type="stmt"/>
        <line num="54" count="1" type="stmt"/>
        <line num="63" count="7" type="stmt"/>
        <line num="65" count="7" type="stmt"/>
        <line num="84" count="0" type="stmt"/>
        <line num="93" count="1" type="stmt"/>
        <line num="102" count="8" type="stmt"/>
        <line num="104" count="8" type="stmt"/>
        <line num="125" count="0" type="stmt"/>
        <line num="139" count="0" type="stmt"/>
        <line num="142" count="0" type="cond" truecount="0" falsecount="1"/>
        <line num="143" count="0" type="cond" truecount="0" falsecount="1"/>
        <line num="144" count="0" type="cond" truecount="0" falsecount="1"/>
        <line num="145" count="0" type="cond" truecount="0" falsecount="1"/>
        <line num="148" count="0" type="cond" truecount="0" falsecount="1"/>
        <line num="149" count="0" type="cond" truecount="0" falsecount="1"/>
        <line num="152" count="0" type="cond" truecount="0" falsecount="1"/>
        <line num="153" count="0" type="cond" truecount="0" falsecount="1"/>
        <line num="154" count="0" type="cond" truecount="0" falsecount="1"/>
        <line num="155" count="0" type="cond" truecount="0" falsecount="1"/>
        <line num="158" count="0" type="stmt"/>
        <line num="165" count="0" type="cond" truecount="0" falsecount="1"/>
        <line num="166" count="0" type="stmt"/>
        <line num="169" count="0" type="stmt"/>
        <line num="179" count="1" type="stmt"/>
        <line num="181" count="1" type="stmt"/>
        <line num="182" count="1" type="stmt"/>
        <line num="185" count="1" type="stmt"/>
        <line num="186" count="1" type="stmt"/>
      </file>
      <file name="TagResourceHandler.ts" path="/home/luis/Development/oss/maas-mcp-server/src/mcp_resources/handlers/TagResourceHandler.ts">
        <metrics statements="65" coveredstatements="57" conditionals="16" coveredconditionals="2" methods="11" coveredmethods="11"/>
        <line num="5" count="1" type="stmt"/>
        <line num="7" count="1" type="stmt"/>
        <line num="12" count="1" type="stmt"/>
        <line num="25" count="1" type="stmt"/>
        <line num="26" count="1" type="stmt"/>
        <line num="27" count="1" type="stmt"/>
        <line num="28" count="1" type="stmt"/>
        <line num="34" count="1" type="stmt"/>
        <line num="46" count="1" type="stmt"/>
        <line num="66" count="1" type="stmt"/>
        <line num="74" count="1" type="stmt"/>
        <line num="83" count="2" type="stmt"/>
        <line num="85" count="2" type="stmt"/>
        <line num="104" count="2" type="stmt"/>
        <line num="118" count="1" type="stmt"/>
        <line num="121" count="1" type="cond" truecount="0" falsecount="1"/>
        <line num="122" count="0" type="stmt"/>
        <line num="123" count="0" type="stmt"/>
        <line num="130" count="1" type="stmt"/>
        <line num="139" count="1" type="stmt"/>
        <line num="148" count="2" type="stmt"/>
        <line num="150" count="2" type="stmt"/>
        <line num="171" count="1" type="stmt"/>
        <line num="185" count="1" type="stmt"/>
        <line num="188" count="1" type="cond" truecount="0" falsecount="1"/>
        <line num="189" count="1" type="cond" truecount="0" falsecount="1"/>
        <line num="190" count="1" type="cond" truecount="0" falsecount="1"/>
        <line num="191" count="1" type="cond" truecount="0" falsecount="1"/>
        <line num="194" count="1" type="cond" truecount="0" falsecount="1"/>
        <line num="195" count="1" type="cond" truecount="0" falsecount="1"/>
        <line num="198" count="1" type="cond" truecount="0" falsecount="1"/>
        <line num="199" count="1" type="cond" truecount="0" falsecount="1"/>
        <line num="200" count="1" type="cond" truecount="0" falsecount="1"/>
        <line num="203" count="1" type="stmt"/>
        <line num="210" count="1" type="cond" truecount="0" falsecount="1"/>
        <line num="211" count="0" type="stmt"/>
        <line num="214" count="1" type="stmt"/>
        <line num="225" count="1" type="stmt"/>
        <line num="236" count="8" type="stmt"/>
        <line num="238" count="8" type="stmt"/>
        <line num="257" count="4" type="stmt"/>
        <line num="271" count="4" type="stmt"/>
        <line num="274" count="4" type="cond" truecount="0" falsecount="1"/>
        <line num="275" count="0" type="stmt"/>
        <line num="276" count="0" type="stmt"/>
        <line num="283" count="4" type="stmt"/>
        <line num="299" count="3" type="stmt"/>
        <line num="304" count="3" type="stmt"/>
        <line num="305" count="3" type="stmt"/>
        <line num="308" count="1" type="cond" truecount="1" falsecount="0"/>
        <line num="309" count="1" type="stmt"/>
        <line num="310" count="1" type="stmt"/>
        <line num="318" count="0" type="stmt"/>
        <line num="323" count="2" type="stmt"/>
        <line num="326" count="2" type="cond" truecount="0" falsecount="1"/>
        <line num="327" count="0" type="stmt"/>
        <line num="328" count="0" type="stmt"/>
        <line num="335" count="2" type="stmt"/>
        <line num="345" count="1" type="stmt"/>
        <line num="347" count="1" type="stmt"/>
        <line num="348" count="1" type="stmt"/>
        <line num="351" count="1" type="stmt"/>
        <line num="352" count="1" type="stmt"/>
        <line num="355" count="1" type="stmt"/>
        <line num="356" count="1" type="stmt"/>
      </file>
      <file name="ZoneResourceHandler.ts" path="/home/luis/Development/oss/maas-mcp-server/src/mcp_resources/handlers/ZoneResourceHandler.ts">
        <metrics statements="31" coveredstatements="17" conditionals="10" coveredconditionals="0" methods="6" coveredmethods="3"/>
        <line num="5" count="1" type="stmt"/>
        <line num="7" count="1" type="stmt"/>
        <line num="11" count="1" type="stmt"/>
        <line num="21" count="1" type="stmt"/>
        <line num="27" count="1" type="stmt"/>
        <line num="47" count="1" type="stmt"/>
        <line num="54" count="1" type="stmt"/>
        <line num="63" count="7" type="stmt"/>
        <line num="65" count="7" type="stmt"/>
        <line num="84" count="0" type="stmt"/>
        <line num="93" count="1" type="stmt"/>
        <line num="102" count="8" type="stmt"/>
        <line num="104" count="8" type="stmt"/>
        <line num="125" count="0" type="stmt"/>
        <line num="139" count="0" type="stmt"/>
        <line num="142" count="0" type="cond" truecount="0" falsecount="1"/>
        <line num="143" count="0" type="cond" truecount="0" falsecount="1"/>
        <line num="144" count="0" type="cond" truecount="0" falsecount="1"/>
        <line num="145" count="0" type="cond" truecount="0" falsecount="1"/>
        <line num="148" count="0" type="cond" truecount="0" falsecount="1"/>
        <line num="149" count="0" type="cond" truecount="0" falsecount="1"/>
        <line num="152" count="0" type="cond" truecount="0" falsecount="1"/>
        <line num="155" count="0" type="stmt"/>
        <line num="162" count="0" type="cond" truecount="0" falsecount="1"/>
        <line num="163" count="0" type="stmt"/>
        <line num="166" count="0" type="stmt"/>
        <line num="176" count="1" type="stmt"/>
        <line num="178" count="1" type="stmt"/>
        <line num="179" count="1" type="stmt"/>
        <line num="182" count="1" type="stmt"/>
        <line num="183" count="1" type="stmt"/>
      </file>
    </package>
    <package name="mcp_resources.schemas">
      <metrics statements="73" coveredstatements="70" conditionals="9" coveredconditionals="3" methods="17" coveredmethods="4"/>
      <file name="collectionQueryParams.ts" path="/home/luis/Development/oss/maas-mcp-server/src/mcp_resources/schemas/collectionQueryParams.ts">
        <metrics statements="11" coveredstatements="8" conditionals="6" coveredconditionals="0" methods="3" coveredmethods="0"/>
        <line num="5" count="4" type="stmt"/>
        <line num="14" count="4" type="stmt"/>
        <line num="37" count="4" type="stmt"/>
        <line num="46" count="0" type="cond" truecount="0" falsecount="2"/>
        <line num="48" count="0" type="cond" truecount="0" falsecount="2"/>
        <line num="49" count="0" type="cond" truecount="0" falsecount="2"/>
        <line num="133" count="4" type="stmt"/>
        <line num="153" count="4" type="stmt"/>
        <line num="169" count="4" type="stmt"/>
        <line num="188" count="4" type="stmt"/>
        <line num="205" count="4" type="stmt"/>
      </file>
      <file name="deviceResourceSchema.ts" path="/home/luis/Development/oss/maas-mcp-server/src/mcp_resources/schemas/deviceResourceSchema.ts">
        <metrics statements="5" coveredstatements="5" conditionals="0" coveredconditionals="0" methods="2" coveredmethods="0"/>
        <line num="1" count="4" type="stmt"/>
        <line num="2" count="4" type="stmt"/>
        <line num="8" count="4" type="stmt"/>
        <line num="14" count="4" type="stmt"/>
        <line num="43" count="4" type="stmt"/>
      </file>
      <file name="domainResourceSchema.ts" path="/home/luis/Development/oss/maas-mcp-server/src/mcp_resources/schemas/domainResourceSchema.ts">
        <metrics statements="5" coveredstatements="5" conditionals="0" coveredconditionals="0" methods="2" coveredmethods="0"/>
        <line num="1" count="4" type="stmt"/>
        <line num="2" count="4" type="stmt"/>
        <line num="8" count="4" type="stmt"/>
        <line num="14" count="4" type="stmt"/>
        <line num="29" count="4" type="stmt"/>
      </file>
      <file name="index.ts" path="/home/luis/Development/oss/maas-mcp-server/src/mcp_resources/schemas/index.ts">
        <metrics statements="8" coveredstatements="8" conditionals="0" coveredconditionals="0" methods="0" coveredmethods="0"/>
        <line num="7" count="4" type="stmt"/>
        <line num="10" count="4" type="stmt"/>
        <line num="11" count="4" type="stmt"/>
        <line num="12" count="4" type="stmt"/>
        <line num="13" count="4" type="stmt"/>
        <line num="14" count="4" type="stmt"/>
        <line num="15" count="4" type="stmt"/>
        <line num="18" count="4" type="stmt"/>
      </file>
      <file name="machineDetailsSchema.ts" path="/home/luis/Development/oss/maas-mcp-server/src/mcp_resources/schemas/machineDetailsSchema.ts">
        <metrics statements="5" coveredstatements="5" conditionals="0" coveredconditionals="0" methods="2" coveredmethods="0"/>
        <line num="1" count="5" type="stmt"/>
        <line num="2" count="5" type="stmt"/>
        <line num="8" count="5" type="stmt"/>
        <line num="14" count="5" type="stmt"/>
        <line num="45" count="5" type="stmt"/>
      </file>
      <file name="subnetResourceSchema.ts" path="/home/luis/Development/oss/maas-mcp-server/src/mcp_resources/schemas/subnetResourceSchema.ts">
        <metrics statements="5" coveredstatements="5" conditionals="0" coveredconditionals="0" methods="2" coveredmethods="0"/>
        <line num="1" count="4" type="stmt"/>
        <line num="2" count="4" type="stmt"/>
        <line num="8" count="4" type="stmt"/>
        <line num="14" count="4" type="stmt"/>
        <line num="40" count="4" type="stmt"/>
      </file>
      <file name="tagResourcesSchema.ts" path="/home/luis/Development/oss/maas-mcp-server/src/mcp_resources/schemas/tagResourcesSchema.ts">
        <metrics statements="8" coveredstatements="8" conditionals="0" coveredconditionals="0" methods="3" coveredmethods="3"/>
        <line num="1" count="5" type="stmt"/>
        <line num="2" count="5" type="stmt"/>
        <line num="13" count="6" type="stmt"/>
        <line num="14" count="6" type="stmt"/>
        <line num="15" count="6" type="stmt"/>
        <line num="22" count="5" type="stmt"/>
        <line num="35" count="5" type="stmt"/>
        <line num="44" count="5" type="stmt"/>
      </file>
      <file name="uriPatterns.ts" path="/home/luis/Development/oss/maas-mcp-server/src/mcp_resources/schemas/uriPatterns.ts">
        <metrics statements="21" coveredstatements="21" conditionals="3" coveredconditionals="3" methods="1" coveredmethods="1"/>
        <line num="8" count="12" type="stmt"/>
        <line num="9" count="12" type="stmt"/>
        <line num="13" count="12" type="stmt"/>
        <line num="14" count="12" type="stmt"/>
        <line num="15" count="12" type="stmt"/>
        <line num="19" count="12" type="stmt"/>
        <line num="20" count="12" type="stmt"/>
        <line num="24" count="12" type="stmt"/>
        <line num="25" count="12" type="stmt"/>
        <line num="29" count="12" type="stmt"/>
        <line num="30" count="12" type="stmt"/>
        <line num="34" count="12" type="stmt"/>
        <line num="35" count="12" type="stmt"/>
        <line num="46" count="12" type="stmt"/>
        <line num="47" count="56" type="stmt"/>
        <line num="50" count="56" type="stmt"/>
        <line num="51" count="56" type="stmt"/>
        <line num="54" count="56" type="stmt"/>
        <line num="55" count="56" type="cond" truecount="3" falsecount="0"/>
        <line num="56" count="29" type="stmt"/>
        <line num="59" count="27" type="stmt"/>
      </file>
      <file name="zoneResourceSchema.ts" path="/home/luis/Development/oss/maas-mcp-server/src/mcp_resources/schemas/zoneResourceSchema.ts">
        <metrics statements="5" coveredstatements="5" conditionals="0" coveredconditionals="0" methods="2" coveredmethods="0"/>
        <line num="1" count="4" type="stmt"/>
        <line num="2" count="4" type="stmt"/>
        <line num="8" count="4" type="stmt"/>
        <line num="14" count="4" type="stmt"/>
        <line num="26" count="4" type="stmt"/>
      </file>
    </package>
    <package name="mcp_resources.utils">
      <metrics statements="65" coveredstatements="65" conditionals="24" coveredconditionals="22" methods="3" coveredmethods="3"/>
      <file name="resourceUtils.ts" path="/home/luis/Development/oss/maas-mcp-server/src/mcp_resources/utils/resourceUtils.ts">
        <metrics statements="65" coveredstatements="65" conditionals="24" coveredconditionals="22" methods="3" coveredmethods="3"/>
        <line num="4" count="8" type="stmt"/>
        <line num="5" count="8" type="stmt"/>
        <line num="6" count="8" type="stmt"/>
        <line num="7" count="8" type="stmt"/>
        <line num="8" count="8" type="stmt"/>
        <line num="20" count="8" type="stmt"/>
        <line num="26" count="32" type="stmt"/>
        <line num="28" count="32" type="stmt"/>
        <line num="31" count="30" type="stmt"/>
        <line num="34" count="8" type="stmt"/>
        <line num="36" count="8" type="cond" truecount="1" falsecount="0"/>
        <line num="37" count="6" type="stmt"/>
        <line num="43" count="6" type="stmt"/>
        <line num="51" count="6" type="stmt"/>
        <line num="65" count="6" type="stmt"/>
        <line num="69" count="2" type="cond" truecount="1" falsecount="0"/>
        <line num="71" count="1" type="stmt"/>
        <line num="85" count="1" type="stmt"/>
        <line num="89" count="1" type="cond" truecount="1" falsecount="1"/>
        <line num="90" count="1" type="stmt"/>
        <line num="93" count="1" type="stmt"/>
        <line num="100" count="1" type="stmt"/>
        <line num="115" count="1" type="stmt"/>
        <line num="129" count="8" type="stmt"/>
        <line num="135" count="10" type="stmt"/>
        <line num="136" count="10" type="stmt"/>
        <line num="139" count="5" type="stmt"/>
        <line num="141" count="5" type="cond" truecount="1" falsecount="0"/>
        <line num="142" count="4" type="cond" truecount="2" falsecount="0"/>
        <line num="143" count="4" type="stmt"/>
        <line num="149" count="4" type="stmt"/>
        <line num="157" count="4" type="stmt"/>
        <line num="170" count="4" type="stmt"/>
        <line num="174" count="1" type="stmt"/>
        <line num="187" count="1" type="stmt"/>
        <line num="199" count="8" type="stmt"/>
        <line num="205" count="19" type="cond" truecount="2" falsecount="0"/>
        <line num="208" count="19" type="stmt"/>
        <line num="210" count="19" type="cond" truecount="2" falsecount="0"/>
        <line num="212" count="10" type="stmt"/>
        <line num="219" count="10" type="cond" truecount="3" falsecount="0"/>
        <line num="220" count="2" type="stmt"/>
        <line num="227" count="2" type="stmt"/>
        <line num="238" count="2" type="stmt"/>
        <line num="242" count="8" type="stmt"/>
        <line num="253" count="8" type="stmt"/>
        <line num="254" count="9" type="cond" truecount="2" falsecount="0"/>
        <line num="256" count="2" type="stmt"/>
        <line num="258" count="2" type="stmt"/>
        <line num="265" count="2" type="stmt"/>
        <line num="276" count="2" type="stmt"/>
        <line num="277" count="7" type="cond" truecount="4" falsecount="0"/>
        <line num="279" count="3" type="stmt"/>
        <line num="285" count="3" type="stmt"/>
        <line num="293" count="3" type="stmt"/>
        <line num="308" count="3" type="stmt"/>
        <line num="309" count="4" type="cond" truecount="2" falsecount="0"/>
        <line num="311" count="2" type="stmt"/>
        <line num="313" count="2" type="stmt"/>
        <line num="321" count="2" type="stmt"/>
        <line num="332" count="2" type="stmt"/>
        <line num="335" count="2" type="stmt"/>
        <line num="340" count="2" type="stmt"/>
        <line num="348" count="2" type="stmt"/>
        <line num="362" count="2" type="stmt"/>
      </file>
    </package>
    <package name="mcp_tools.schemas">
      <metrics statements="19" coveredstatements="19" conditionals="0" coveredconditionals="0" methods="0" coveredmethods="0"/>
      <file name="common.ts" path="/home/luis/Development/oss/maas-mcp-server/src/mcp_tools/schemas/common.ts">
        <metrics statements="10" coveredstatements="10" conditionals="0" coveredconditionals="0" methods="0" coveredmethods="0"/>
        <line num="1" count="5" type="stmt"/>
        <line num="4" count="5" type="stmt"/>
        <line num="9" count="5" type="stmt"/>
        <line num="11" count="5" type="stmt"/>
        <line num="19" count="5" type="stmt"/>
        <line num="22" count="5" type="stmt"/>
        <line num="23" count="5" type="stmt"/>
        <line num="26" count="5" type="stmt"/>
        <line num="27" count="5" type="stmt"/>
        <line num="30" count="5" type="stmt"/>
      </file>
      <file name="createTagSchema.ts" path="/home/luis/Development/oss/maas-mcp-server/src/mcp_tools/schemas/createTagSchema.ts">
        <metrics statements="3" coveredstatements="3" conditionals="0" coveredconditionals="0" methods="0" coveredmethods="0"/>
        <line num="1" count="5" type="stmt"/>
        <line num="2" count="5" type="stmt"/>
        <line num="8" count="5" type="stmt"/>
      </file>
      <file name="listMachinesSchema.ts" path="/home/luis/Development/oss/maas-mcp-server/src/mcp_tools/schemas/listMachinesSchema.ts">
        <metrics statements="3" coveredstatements="3" conditionals="0" coveredconditionals="0" methods="0" coveredmethods="0"/>
        <line num="1" count="5" type="stmt"/>
        <line num="2" count="5" type="stmt"/>
        <line num="8" count="5" type="stmt"/>
      </file>
      <file name="tagSchema.ts" path="/home/luis/Development/oss/maas-mcp-server/src/mcp_tools/schemas/tagSchema.ts">
        <metrics statements="3" coveredstatements="3" conditionals="0" coveredconditionals="0" methods="0" coveredmethods="0"/>
        <line num="1" count="5" type="stmt"/>
        <line num="2" count="5" type="stmt"/>
        <line num="8" count="5" type="stmt"/>
      </file>
    </package>
    <package name="types">
      <metrics statements="20" coveredstatements="19" conditionals="2" coveredconditionals="1" methods="5" coveredmethods="1"/>
      <file name="index.ts" path="/home/luis/Development/oss/maas-mcp-server/src/types/index.ts">
        <metrics statements="11" coveredstatements="11" conditionals="0" coveredconditionals="0" methods="4" coveredmethods="0"/>
        <line num="10" count="5" type="stmt"/>
        <line num="11" count="5" type="stmt"/>
        <line num="12" count="5" type="stmt"/>
        <line num="20" count="5" type="stmt"/>
        <line num="21" count="5" type="stmt"/>
        <line num="28" count="5" type="stmt"/>
        <line num="29" count="5" type="stmt"/>
        <line num="34" count="5" type="stmt"/>
        <line num="35" count="5" type="stmt"/>
        <line num="42" count="5" type="stmt"/>
        <line num="43" count="5" type="stmt"/>
      </file>
      <file name="maas.ts" path="/home/luis/Development/oss/maas-mcp-server/src/types/maas.ts">
        <metrics statements="9" coveredstatements="8" conditionals="2" coveredconditionals="1" methods="1" coveredmethods="1"/>
        <line num="53" count="13" type="stmt"/>
        <line num="84" count="114" type="stmt"/>
        <line num="85" count="114" type="stmt"/>
        <line num="86" count="114" type="stmt"/>
        <line num="87" count="114" type="stmt"/>
        <line num="88" count="114" type="stmt"/>
        <line num="91" count="114" type="cond" truecount="1" falsecount="1"/>
        <line num="92" count="114" type="stmt"/>
        <line num="94" count="0" type="stmt"/>
      </file>
    </package>
    <package name="utils">
      <metrics statements="58" coveredstatements="38" conditionals="26" coveredconditionals="9" methods="15" coveredmethods="8"/>
      <file name="auditLogger.ts" path="/home/luis/Development/oss/maas-mcp-server/src/utils/auditLogger.ts">
        <metrics statements="50" coveredstatements="31" conditionals="22" coveredconditionals="8" methods="13" coveredmethods="7"/>
        <line num="7" count="6" type="stmt"/>
        <line num="11" count="6" type="stmt"/>
        <line num="20" count="6" type="cond" truecount="2" falsecount="0"/>
        <line num="21" count="6" type="stmt"/>
        <line num="22" count="6" type="stmt"/>
        <line num="23" count="6" type="stmt"/>
        <line num="29" count="6" type="cond" truecount="2" falsecount="0"/>
        <line num="30" count="6" type="stmt"/>
        <line num="31" count="6" type="stmt"/>
        <line num="32" count="6" type="stmt"/>
        <line num="33" count="6" type="stmt"/>
        <line num="34" count="6" type="stmt"/>
        <line num="35" count="6" type="stmt"/>
        <line num="36" count="6" type="stmt"/>
        <line num="75" count="6" type="stmt"/>
        <line num="83" count="6" type="stmt"/>
        <line num="90" count="6" type="stmt"/>
        <line num="91" count="0" type="stmt"/>
        <line num="96" count="0" type="stmt"/>
        <line num="104" count="6" type="stmt"/>
        <line num="105" count="0" type="stmt"/>
        <line num="116" count="0" type="cond" truecount="0" falsecount="3"/>
        <line num="117" count="0" type="stmt"/>
        <line num="120" count="0" type="cond" truecount="0" falsecount="2"/>
        <line num="122" count="0" type="stmt"/>
        <line num="123" count="0" type="cond" truecount="0" falsecount="2"/>
        <line num="124" count="0" type="stmt"/>
        <line num="125" count="0" type="cond" truecount="0" falsecount="1"/>
        <line num="126" count="0" type="stmt"/>
        <line num="130" count="0" type="stmt"/>
        <line num="140" count="216" type="cond" truecount="1" falsecount="0"/>
        <line num="141" count="216" type="stmt"/>
        <line num="144" count="0" type="cond" truecount="0" falsecount="1"/>
        <line num="145" count="0" type="stmt"/>
        <line num="148" count="0" type="cond" truecount="0" falsecount="1"/>
        <line num="149" count="0" type="stmt"/>
        <line num="152" count="0" type="stmt"/>
        <line num="163" count="108" type="stmt"/>
        <line num="170" count="108" type="cond" truecount="2" falsecount="0"/>
        <line num="185" count="6" type="stmt"/>
        <line num="195" count="33" type="stmt"/>
        <line num="222" count="6" type="stmt"/>
        <line num="232" count="39" type="stmt"/>
        <line num="260" count="6" type="stmt"/>
        <line num="271" count="0" type="stmt"/>
        <line num="300" count="6" type="stmt"/>
        <line num="311" count="0" type="stmt"/>
        <line num="336" count="6" type="stmt"/>
        <line num="343" count="36" type="stmt"/>
        <line num="355" count="6" type="stmt"/>
      </file>
      <file name="logger.ts" path="/home/luis/Development/oss/maas-mcp-server/src/utils/logger.ts">
        <metrics statements="8" coveredstatements="7" conditionals="4" coveredconditionals="1" methods="2" coveredmethods="1"/>
        <line num="1" count="6" type="stmt"/>
        <line num="2" count="6" type="stmt"/>
        <line num="5" count="6" type="stmt"/>
        <line num="6" count="42" type="stmt"/>
        <line num="10" count="6" type="stmt"/>
        <line num="19" count="6" type="stmt"/>
        <line num="20" count="0" type="stmt"/>
        <line num="27" count="6" type="stmt"/>
      </file>
    </package>
  </project>
</coverage>
