{"/home/luis/Development/oss/maas-mcp-server/src/mcp_resources/BaseResourceHandler.ts": {"path":"/home/luis/Development/oss/maas-mcp-server/src/mcp_resources/BaseResourceHandler.ts","statementMap":{"0":{"start":{"line":8,"column":0},"end":{"line":8,"column":40}},"1":{"start":{"line":9,"column":0},"end":{"line":9,"column":55}},"2":{"start":{"line":10,"column":0},"end":{"line":10,"column":48}},"3":{"start":{"line":11,"column":0},"end":{"line":11,"column":null}},"4":{"start":{"line":16,"column":0},"end":{"line":16,"column":62}},"5":{"start":{"line":17,"column":0},"end":{"line":17,"column":34}},"6":{"start":{"line":18,"column":0},"end":{"line":18,"column":50}},"7":{"start":{"line":60,"column":4},"end":{"line":60,"column":25}},"8":{"start":{"line":61,"column":4},"end":{"line":61,"column":33}},"9":{"start":{"line":62,"column":4},"end":{"line":62,"column":37}},"10":{"start":{"line":63,"column":4},"end":{"line":63,"column":45}},"11":{"start":{"line":64,"column":4},"end":{"line":64,"column":33}},"12":{"start":{"line":65,"column":4},"end":{"line":65,"column":33}},"13":{"start":{"line":66,"column":4},"end":{"line":66,"column":37}},"14":{"start":{"line":67,"column":4},"end":{"line":67,"column":35}},"15":{"start":{"line":68,"column":4},"end":{"line":68,"column":51}},"16":{"start":{"line":71,"column":4},"end":{"line":76,"column":6}},"17":{"start":{"line":79,"column":4},"end":{"line":79,"column":47}},"18":{"start":{"line":81,"column":4},"end":{"line":85,"column":7}},"19":{"start":{"line":94,"column":4},"end":{"line":98,"column":6}},"20":{"start":{"line":115,"column":22},"end":{"line":115,"column":41}},"21":{"start":{"line":118,"column":43},"end":{"line":118,"column":45}},"22":{"start":{"line":119,"column":4},"end":{"line":125,"column":5}},"23":{"start":{"line":120,"column":6},"end":{"line":124,"column":7}},"24":{"start":{"line":121,"column":8},"end":{"line":121,"column":28}},"25":{"start":{"line":122,"column":13},"end":{"line":124,"column":7}},"26":{"start":{"line":123,"column":8},"end":{"line":123,"column":31}},"27":{"start":{"line":128,"column":23},"end":{"line":128,"column":50}},"28":{"start":{"line":130,"column":23},"end":{"line":130,"column":30}},"29":{"start":{"line":131,"column":4},"end":{"line":306,"column":5}},"30":{"start":{"line":133,"column":30},"end":{"line":133,"column":73}},"31":{"start":{"line":136,"column":25},"end":{"line":136,"column":70}},"32":{"start":{"line":139,"column":6},"end":{"line":139,"column":45}},"33":{"start":{"line":142,"column":6},"end":{"line":152,"column":7}},"34":{"start":{"line":143,"column":8},"end":{"line":151,"column":10}},"35":{"start":{"line":155,"column":6},"end":{"line":195,"column":7}},"36":{"start":{"line":157,"column":25},"end":{"line":161,"column":null}},"37":{"start":{"line":165,"column":27},"end":{"line":165,"column":61}},"38":{"start":{"line":166,"column":8},"end":{"line":181,"column":9}},"39":{"start":{"line":167,"column":10},"end":{"line":167,"column":100}},"40":{"start":{"line":170,"column":10},"end":{"line":178,"column":11}},"41":{"start":{"line":171,"column":12},"end":{"line":177,"column":14}},"42":{"start":{"line":180,"column":10},"end":{"line":180,"column":71}},"43":{"start":{"line":183,"column":8},"end":{"line":183,"column":99}},"44":{"start":{"line":186,"column":8},"end":{"line":194,"column":9}},"45":{"start":{"line":187,"column":10},"end":{"line":193,"column":12}},"46":{"start":{"line":197,"column":6},"end":{"line":288,"column":7}},"47":{"start":{"line":199,"column":21},"end":{"line":199,"column":74}},"48":{"start":{"line":202,"column":30},"end":{"line":202,"column":65}},"49":{"start":{"line":205,"column":8},"end":{"line":237,"column":9}},"50":{"start":{"line":206,"column":10},"end":{"line":206,"column":91}},"51":{"start":{"line":209,"column":10},"end":{"line":220,"column":11}},"52":{"start":{"line":210,"column":12},"end":{"line":219,"column":14}},"53":{"start":{"line":222,"column":10},"end":{"line":222,"column":49}},"54":{"start":{"line":225,"column":10},"end":{"line":236,"column":11}},"55":{"start":{"line":226,"column":12},"end":{"line":235,"column":14}},"56":{"start":{"line":240,"column":8},"end":{"line":267,"column":9}},"57":{"start":{"line":241,"column":27},"end":{"line":245,"column":null}},"58":{"start":{"line":248,"column":10},"end":{"line":253,"column":12}},"59":{"start":{"line":255,"column":10},"end":{"line":255,"column":114}},"60":{"start":{"line":258,"column":10},"end":{"line":266,"column":11}},"61":{"start":{"line":259,"column":12},"end":{"line":265,"column":14}},"62":{"start":{"line":270,"column":8},"end":{"line":270,"column":73}},"63":{"start":{"line":273,"column":8},"end":{"line":284,"column":9}},"64":{"start":{"line":274,"column":10},"end":{"line":283,"column":12}},"65":{"start":{"line":287,"column":8},"end":{"line":287,"column":66}},"66":{"start":{"line":291,"column":6},"end":{"line":302,"column":7}},"67":{"start":{"line":292,"column":8},"end":{"line":301,"column":10}},"68":{"start":{"line":305,"column":6},"end":{"line":305,"column":57}},"69":{"start":{"line":317,"column":4},"end":{"line":322,"column":6}},"70":{"start":{"line":346,"column":4},"end":{"line":349,"column":6}},"71":{"start":{"line":359,"column":22},"end":{"line":359,"column":57}},"72":{"start":{"line":360,"column":25},"end":{"line":360,"column":59}},"73":{"start":{"line":361,"column":4},"end":{"line":361,"column":76}},"74":{"start":{"line":384,"column":4},"end":{"line":389,"column":6}},"75":{"start":{"line":399,"column":22},"end":{"line":399,"column":60}},"76":{"start":{"line":400,"column":25},"end":{"line":400,"column":59}},"77":{"start":{"line":401,"column":4},"end":{"line":401,"column":88}},"78":{"start":{"line":417,"column":23},"end":{"line":417,"column":43}},"79":{"start":{"line":420,"column":19},"end":{"line":420,"column":64}},"80":{"start":{"line":423,"column":44},"end":{"line":423,"column":46}},"81":{"start":{"line":426,"column":4},"end":{"line":452,"column":5}},"82":{"start":{"line":427,"column":37},"end":{"line":427,"column":39}},"83":{"start":{"line":430,"column":6},"end":{"line":430,"column":60}},"84":{"start":{"line":433,"column":6},"end":{"line":443,"column":7}},"85":{"start":{"line":434,"column":8},"end":{"line":436,"column":9}},"86":{"start":{"line":435,"column":10},"end":{"line":435,"column":39}},"87":{"start":{"line":437,"column":8},"end":{"line":439,"column":9}},"88":{"start":{"line":438,"column":10},"end":{"line":438,"column":47}},"89":{"start":{"line":440,"column":8},"end":{"line":442,"column":9}},"90":{"start":{"line":441,"column":10},"end":{"line":441,"column":41}},"91":{"start":{"line":445,"column":6},"end":{"line":445,"column":57}},"92":{"start":{"line":448,"column":6},"end":{"line":451,"column":7}},"93":{"start":{"line":450,"column":8},"end":{"line":450,"column":29}},"94":{"start":{"line":455,"column":4},"end":{"line":475,"column":5}},"95":{"start":{"line":456,"column":6},"end":{"line":474,"column":7}},"96":{"start":{"line":459,"column":26},"end":{"line":459,"column":49}},"97":{"start":{"line":461,"column":8},"end":{"line":461,"column":106}},"98":{"start":{"line":463,"column":8},"end":{"line":470,"column":10}},"99":{"start":{"line":473,"column":8},"end":{"line":473,"column":109}},"100":{"start":{"line":478,"column":4},"end":{"line":478,"column":103}},"101":{"start":{"line":480,"column":4},"end":{"line":487,"column":6}},"102":{"start":{"line":505,"column":24},"end":{"line":536,"column":5}},"103":{"start":{"line":506,"column":6},"end":{"line":508,"column":7}},"104":{"start":{"line":507,"column":8},"end":{"line":507,"column":32}},"105":{"start":{"line":510,"column":6},"end":{"line":512,"column":7}},"106":{"start":{"line":511,"column":8},"end":{"line":511,"column":59}},"107":{"start":{"line":514,"column":6},"end":{"line":516,"column":7}},"108":{"start":{"line":515,"column":8},"end":{"line":515,"column":87}},"109":{"start":{"line":515,"column":31},"end":{"line":515,"column":76}},"110":{"start":{"line":518,"column":16},"end":{"line":518,"column":31}},"111":{"start":{"line":520,"column":6},"end":{"line":532,"column":7}},"112":{"start":{"line":521,"column":8},"end":{"line":521,"column":60}},"113":{"start":{"line":521,"column":51},"end":{"line":521,"column":60}},"114":{"start":{"line":523,"column":8},"end":{"line":531,"column":9}},"115":{"start":{"line":524,"column":10},"end":{"line":524,"column":29}},"116":{"start":{"line":525,"column":10},"end":{"line":525,"column":68}},"117":{"start":{"line":525,"column":35},"end":{"line":525,"column":57}},"118":{"start":{"line":526,"column":10},"end":{"line":526,"column":30}},"119":{"start":{"line":527,"column":15},"end":{"line":531,"column":9}},"120":{"start":{"line":528,"column":10},"end":{"line":528,"column":41}},"121":{"start":{"line":530,"column":10},"end":{"line":530,"column":53}},"122":{"start":{"line":534,"column":6},"end":{"line":534,"column":30}},"123":{"start":{"line":535,"column":6},"end":{"line":535,"column":17}},"124":{"start":{"line":539,"column":21},"end":{"line":539,"column":73}},"125":{"start":{"line":540,"column":16},"end":{"line":542,"column":35}},"126":{"start":{"line":545,"column":4},"end":{"line":545,"column":58}},"127":{"start":{"line":558,"column":20},"end":{"line":558,"column":57}},"128":{"start":{"line":559,"column":4},"end":{"line":559,"column":83}},"129":{"start":{"line":571,"column":4},"end":{"line":573,"column":5}},"130":{"start":{"line":572,"column":6},"end":{"line":572,"column":18}},"131":{"start":{"line":576,"column":25},"end":{"line":576,"column":81}},"132":{"start":{"line":577,"column":25},"end":{"line":577,"column":59}},"133":{"start":{"line":578,"column":4},"end":{"line":578,"column":98}},"134":{"start":{"line":579,"column":4},"end":{"line":583,"column":6}},"135":{"start":{"line":591,"column":4},"end":{"line":593,"column":5}},"136":{"start":{"line":592,"column":6},"end":{"line":592,"column":15}},"137":{"start":{"line":596,"column":22},"end":{"line":596,"column":41}},"138":{"start":{"line":598,"column":18},"end":{"line":598,"column":73}},"139":{"start":{"line":599,"column":4},"end":{"line":599,"column":95}},"140":{"start":{"line":602,"column":4},"end":{"line":610,"column":5}},"141":{"start":{"line":603,"column":6},"end":{"line":609,"column":8}},"142":{"start":{"line":611,"column":4},"end":{"line":611,"column":17}},"143":{"start":{"line":620,"column":4},"end":{"line":622,"column":5}},"144":{"start":{"line":621,"column":6},"end":{"line":621,"column":15}},"145":{"start":{"line":625,"column":22},"end":{"line":625,"column":41}},"146":{"start":{"line":627,"column":18},"end":{"line":627,"column":89}},"147":{"start":{"line":628,"column":4},"end":{"line":628,"column":117}},"148":{"start":{"line":631,"column":4},"end":{"line":639,"column":5}},"149":{"start":{"line":632,"column":6},"end":{"line":638,"column":8}},"150":{"start":{"line":640,"column":4},"end":{"line":640,"column":17}},"151":{"start":{"line":648,"column":4},"end":{"line":651,"column":6}},"152":{"start":{"line":654,"column":22},"end":{"line":654,"column":41}},"153":{"start":{"line":656,"column":4},"end":{"line":659,"column":7}},"154":{"start":{"line":662,"column":4},"end":{"line":673,"column":5}},"155":{"start":{"line":663,"column":6},"end":{"line":672,"column":8}},"156":{"start":{"line":681,"column":4},"end":{"line":681,"column":36}},"157":{"start":{"line":23,"column":0},"end":{"line":23,"column":22}},"158":{"start":{"line":697,"column":23},"end":{"line":697,"column":59}},"159":{"start":{"line":699,"column":4},"end":{"line":706,"column":5}},"160":{"start":{"line":700,"column":6},"end":{"line":700,"column":86}},"161":{"start":{"line":701,"column":6},"end":{"line":705,"column":8}},"162":{"start":{"line":709,"column":17},"end":{"line":712,"column":null}},"163":{"start":{"line":716,"column":4},"end":{"line":723,"column":5}},"164":{"start":{"line":717,"column":6},"end":{"line":717,"column":68}},"165":{"start":{"line":718,"column":6},"end":{"line":722,"column":8}},"166":{"start":{"line":725,"column":4},"end":{"line":725,"column":16}},"167":{"start":{"line":688,"column":0},"end":{"line":688,"column":22}},"168":{"start":{"line":742,"column":17},"end":{"line":745,"column":null}},"169":{"start":{"line":749,"column":4},"end":{"line":756,"column":5}},"170":{"start":{"line":750,"column":6},"end":{"line":750,"column":89}},"171":{"start":{"line":751,"column":6},"end":{"line":755,"column":8}},"172":{"start":{"line":758,"column":4},"end":{"line":758,"column":16}},"173":{"start":{"line":769,"column":4},"end":{"line":775,"column":5}},"174":{"start":{"line":770,"column":6},"end":{"line":774,"column":8}},"175":{"start":{"line":777,"column":4},"end":{"line":783,"column":6}},"176":{"start":{"line":778,"column":6},"end":{"line":781,"column":null}},"177":{"start":{"line":793,"column":4},"end":{"line":793,"column":21}},"178":{"start":{"line":805,"column":4},"end":{"line":805,"column":66}},"179":{"start":{"line":732,"column":0},"end":{"line":732,"column":22}}},"fnMap":{"0":{"name":"(anonymous_1)","decl":{"start":{"line":49,"column":2},"end":{"line":49,"column":null}},"loc":{"start":{"line":58,"column":40},"end":{"line":86,"column":3}}},"1":{"name":"(anonymous_2)","decl":{"start":{"line":93,"column":9},"end":{"line":93,"column":17}},"loc":{"start":{"line":93,"column":36},"end":{"line":99,"column":3}}},"2":{"name":"(anonymous_3)","decl":{"start":{"line":109,"column":12},"end":{"line":109,"column":17}},"loc":{"start":{"line":112,"column":36},"end":{"line":307,"column":3}}},"3":{"name":"(anonymous_4)","decl":{"start":{"line":316,"column":12},"end":{"line":316,"column":26}},"loc":{"start":{"line":316,"column":70},"end":{"line":323,"column":3}}},"4":{"name":"(anonymous_5)","decl":{"start":{"line":343,"column":12},"end":{"line":343,"column":29}},"loc":{"start":{"line":343,"column":38},"end":{"line":350,"column":3}}},"5":{"name":"(anonymous_6)","decl":{"start":{"line":358,"column":12},"end":{"line":358,"column":22}},"loc":{"start":{"line":358,"column":62},"end":{"line":362,"column":3}}},"6":{"name":"(anonymous_7)","decl":{"start":{"line":383,"column":12},"end":{"line":383,"column":24}},"loc":{"start":{"line":383,"column":59},"end":{"line":390,"column":3}}},"7":{"name":"(anonymous_8)","decl":{"start":{"line":398,"column":12},"end":{"line":398,"column":22}},"loc":{"start":{"line":398,"column":62},"end":{"line":402,"column":3}}},"8":{"name":"(anonymous_9)","decl":{"start":{"line":415,"column":12},"end":{"line":415,"column":26}},"loc":{"start":{"line":415,"column":92},"end":{"line":488,"column":3}}},"9":{"name":"(anonymous_10)","decl":{"start":{"line":498,"column":10},"end":{"line":498,"column":22}},"loc":{"start":{"line":498,"column":32},"end":{"line":546,"column":3}}},"10":{"name":"(anonymous_11)","decl":{"start":{"line":505,"column":24},"end":{"line":505,"column":25}},"loc":{"start":{"line":505,"column":63},"end":{"line":536,"column":5}}},"11":{"name":"(anonymous_12)","decl":{"start":{"line":515,"column":23},"end":{"line":515,"column":27}},"loc":{"start":{"line":515,"column":31},"end":{"line":515,"column":76}}},"12":{"name":"(anonymous_13)","decl":{"start":{"line":525,"column":27},"end":{"line":525,"column":31}},"loc":{"start":{"line":525,"column":35},"end":{"line":525,"column":57}}},"13":{"name":"(anonymous_14)","decl":{"start":{"line":556,"column":12},"end":{"line":556,"column":28}},"loc":{"start":{"line":556,"column":80},"end":{"line":560,"column":3}}},"14":{"name":"(anonymous_15)","decl":{"start":{"line":569,"column":12},"end":{"line":569,"column":28}},"loc":{"start":{"line":569,"column":59},"end":{"line":584,"column":3}}},"15":{"name":"(anonymous_16)","decl":{"start":{"line":590,"column":9},"end":{"line":590,"column":24}},"loc":{"start":{"line":590,"column":24},"end":{"line":612,"column":3}}},"16":{"name":"(anonymous_17)","decl":{"start":{"line":619,"column":9},"end":{"line":619,"column":28}},"loc":{"start":{"line":619,"column":47},"end":{"line":641,"column":3}}},"17":{"name":"(anonymous_18)","decl":{"start":{"line":647,"column":9},"end":{"line":647,"column":24}},"loc":{"start":{"line":647,"column":55},"end":{"line":674,"column":3}}},"18":{"name":"(anonymous_19)","decl":{"start":{"line":680,"column":9},"end":{"line":680,"column":24}},"loc":{"start":{"line":680,"column":24},"end":{"line":682,"column":3}}},"19":{"name":"(anonymous_20)","decl":{"start":{"line":696,"column":12},"end":{"line":696,"column":17}},"loc":{"start":{"line":696,"column":66},"end":{"line":726,"column":3}}},"20":{"name":"(anonymous_21)","decl":{"start":{"line":740,"column":12},"end":{"line":740,"column":17}},"loc":{"start":{"line":740,"column":66},"end":{"line":759,"column":3}}},"21":{"name":"(anonymous_22)","decl":{"start":{"line":768,"column":12},"end":{"line":768,"column":24}},"loc":{"start":{"line":768,"column":38},"end":{"line":784,"column":3}}},"22":{"name":"(anonymous_23)","decl":{"start":{"line":777,"column":20},"end":{"line":777,"column":21}},"loc":{"start":{"line":778,"column":6},"end":{"line":781,"column":null}}},"23":{"name":"(anonymous_24)","decl":{"start":{"line":792,"column":12},"end":{"line":792,"column":35}},"loc":{"start":{"line":792,"column":35},"end":{"line":794,"column":3}}},"24":{"name":"(anonymous_25)","decl":{"start":{"line":802,"column":12},"end":{"line":802,"column":22}},"loc":{"start":{"line":802,"column":42},"end":{"line":806,"column":3}}}},"branchMap":{"0":{"loc":{"start":{"line":120,"column":6},"end":{"line":124,"column":7}},"type":"if","locations":[{"start":{"line":120,"column":6},"end":{"line":124,"column":7}},{"start":{"line":122,"column":13},"end":{"line":124,"column":7}}]},"1":{"loc":{"start":{"line":122,"column":13},"end":{"line":124,"column":7}},"type":"if","locations":[{"start":{"line":122,"column":13},"end":{"line":124,"column":7}}]},"2":{"loc":{"start":{"line":122,"column":17},"end":{"line":122,"column":57}},"type":"binary-expr","locations":[{"start":{"line":122,"column":17},"end":{"line":122,"column":37}},{"start":{"line":122,"column":41},"end":{"line":122,"column":57}}]},"3":{"loc":{"start":{"line":142,"column":6},"end":{"line":152,"column":7}},"type":"if","locations":[{"start":{"line":142,"column":6},"end":{"line":152,"column":7}}]},"4":{"loc":{"start":{"line":155,"column":6},"end":{"line":195,"column":7}},"type":"if","locations":[{"start":{"line":155,"column":6},"end":{"line":195,"column":7}}]},"5":{"loc":{"start":{"line":155,"column":10},"end":{"line":155,"column":68}},"type":"binary-expr","locations":[{"start":{"line":155,"column":10},"end":{"line":155,"column":35}},{"start":{"line":155,"column":39},"end":{"line":155,"column":68}}]},"6":{"loc":{"start":{"line":166,"column":8},"end":{"line":181,"column":9}},"type":"if","locations":[{"start":{"line":166,"column":8},"end":{"line":181,"column":9}}]},"7":{"loc":{"start":{"line":167,"column":60},"end":{"line":167,"column":96}},"type":"cond-expr","locations":[{"start":{"line":167,"column":73},"end":{"line":167,"column":91}},{"start":{"line":167,"column":94},"end":{"line":167,"column":96}}]},"8":{"loc":{"start":{"line":170,"column":10},"end":{"line":178,"column":11}},"type":"if","locations":[{"start":{"line":170,"column":10},"end":{"line":178,"column":11}}]},"9":{"loc":{"start":{"line":183,"column":59},"end":{"line":183,"column":95}},"type":"cond-expr","locations":[{"start":{"line":183,"column":72},"end":{"line":183,"column":90}},{"start":{"line":183,"column":93},"end":{"line":183,"column":95}}]},"10":{"loc":{"start":{"line":186,"column":8},"end":{"line":194,"column":9}},"type":"if","locations":[{"start":{"line":186,"column":8},"end":{"line":194,"column":9}}]},"11":{"loc":{"start":{"line":205,"column":8},"end":{"line":237,"column":9}},"type":"if","locations":[{"start":{"line":205,"column":8},"end":{"line":237,"column":9}},{"start":{"line":221,"column":15},"end":{"line":237,"column":9}}]},"12":{"loc":{"start":{"line":209,"column":10},"end":{"line":220,"column":11}},"type":"if","locations":[{"start":{"line":209,"column":10},"end":{"line":220,"column":11}}]},"13":{"loc":{"start":{"line":225,"column":10},"end":{"line":236,"column":11}},"type":"if","locations":[{"start":{"line":225,"column":10},"end":{"line":236,"column":11}}]},"14":{"loc":{"start":{"line":240,"column":8},"end":{"line":267,"column":9}},"type":"if","locations":[{"start":{"line":240,"column":8},"end":{"line":267,"column":9}}]},"15":{"loc":{"start":{"line":240,"column":12},"end":{"line":240,"column":70}},"type":"binary-expr","locations":[{"start":{"line":240,"column":12},"end":{"line":240,"column":37}},{"start":{"line":240,"column":41},"end":{"line":240,"column":70}}]},"16":{"loc":{"start":{"line":255,"column":53},"end":{"line":255,"column":89}},"type":"cond-expr","locations":[{"start":{"line":255,"column":66},"end":{"line":255,"column":84}},{"start":{"line":255,"column":87},"end":{"line":255,"column":89}}]},"17":{"loc":{"start":{"line":258,"column":10},"end":{"line":266,"column":11}},"type":"if","locations":[{"start":{"line":258,"column":10},"end":{"line":266,"column":11}}]},"18":{"loc":{"start":{"line":273,"column":8},"end":{"line":284,"column":9}},"type":"if","locations":[{"start":{"line":273,"column":8},"end":{"line":284,"column":9}}]},"19":{"loc":{"start":{"line":291,"column":6},"end":{"line":302,"column":7}},"type":"if","locations":[{"start":{"line":291,"column":6},"end":{"line":302,"column":7}}]},"20":{"loc":{"start":{"line":347,"column":14},"end":{"line":347,"column":57}},"type":"binary-expr","locations":[{"start":{"line":347,"column":14},"end":{"line":347,"column":44}},{"start":{"line":347,"column":48},"end":{"line":347,"column":57}}]},"21":{"loc":{"start":{"line":348,"column":17},"end":{"line":348,"column":63}},"type":"binary-expr","locations":[{"start":{"line":348,"column":17},"end":{"line":348,"column":50}},{"start":{"line":348,"column":54},"end":{"line":348,"column":63}}]},"22":{"loc":{"start":{"line":359,"column":22},"end":{"line":359,"column":57}},"type":"cond-expr","locations":[{"start":{"line":359,"column":35},"end":{"line":359,"column":52}},{"start":{"line":359,"column":55},"end":{"line":359,"column":57}}]},"23":{"loc":{"start":{"line":360,"column":25},"end":{"line":360,"column":59}},"type":"cond-expr","locations":[{"start":{"line":360,"column":37},"end":{"line":360,"column":54}},{"start":{"line":360,"column":57},"end":{"line":360,"column":59}}]},"24":{"loc":{"start":{"line":399,"column":22},"end":{"line":399,"column":60}},"type":"cond-expr","locations":[{"start":{"line":399,"column":35},"end":{"line":399,"column":55}},{"start":{"line":399,"column":58},"end":{"line":399,"column":60}}]},"25":{"loc":{"start":{"line":400,"column":25},"end":{"line":400,"column":59}},"type":"cond-expr","locations":[{"start":{"line":400,"column":37},"end":{"line":400,"column":54}},{"start":{"line":400,"column":57},"end":{"line":400,"column":59}}]},"26":{"loc":{"start":{"line":415,"column":46},"end":{"line":415,"column":72}},"type":"default-arg","locations":[{"start":{"line":415,"column":67},"end":{"line":415,"column":72}}]},"27":{"loc":{"start":{"line":426,"column":4},"end":{"line":452,"column":5}},"type":"if","locations":[{"start":{"line":426,"column":4},"end":{"line":452,"column":5}}]},"28":{"loc":{"start":{"line":426,"column":8},"end":{"line":426,"column":66}},"type":"binary-expr","locations":[{"start":{"line":426,"column":8},"end":{"line":426,"column":33}},{"start":{"line":426,"column":37},"end":{"line":426,"column":66}}]},"29":{"loc":{"start":{"line":433,"column":6},"end":{"line":443,"column":7}},"type":"if","locations":[{"start":{"line":433,"column":6},"end":{"line":443,"column":7}}]},"30":{"loc":{"start":{"line":434,"column":8},"end":{"line":436,"column":9}},"type":"if","locations":[{"start":{"line":434,"column":8},"end":{"line":436,"column":9}}]},"31":{"loc":{"start":{"line":437,"column":8},"end":{"line":439,"column":9}},"type":"if","locations":[{"start":{"line":437,"column":8},"end":{"line":439,"column":9}}]},"32":{"loc":{"start":{"line":440,"column":8},"end":{"line":442,"column":9}},"type":"if","locations":[{"start":{"line":440,"column":8},"end":{"line":442,"column":9}}]},"33":{"loc":{"start":{"line":448,"column":6},"end":{"line":451,"column":7}},"type":"if","locations":[{"start":{"line":448,"column":6},"end":{"line":451,"column":7}}]},"34":{"loc":{"start":{"line":455,"column":4},"end":{"line":475,"column":5}},"type":"if","locations":[{"start":{"line":455,"column":4},"end":{"line":475,"column":5}}]},"35":{"loc":{"start":{"line":461,"column":68},"end":{"line":461,"column":102}},"type":"cond-expr","locations":[{"start":{"line":461,"column":80},"end":{"line":461,"column":97}},{"start":{"line":461,"column":100},"end":{"line":461,"column":102}}]},"36":{"loc":{"start":{"line":478,"column":65},"end":{"line":478,"column":99}},"type":"cond-expr","locations":[{"start":{"line":478,"column":77},"end":{"line":478,"column":94}},{"start":{"line":478,"column":97},"end":{"line":478,"column":99}}]},"37":{"loc":{"start":{"line":506,"column":6},"end":{"line":508,"column":7}},"type":"if","locations":[{"start":{"line":506,"column":6},"end":{"line":508,"column":7}}]},"38":{"loc":{"start":{"line":506,"column":10},"end":{"line":506,"column":43}},"type":"binary-expr","locations":[{"start":{"line":506,"column":10},"end":{"line":506,"column":22}},{"start":{"line":506,"column":26},"end":{"line":506,"column":43}}]},"39":{"loc":{"start":{"line":510,"column":6},"end":{"line":512,"column":7}},"type":"if","locations":[{"start":{"line":510,"column":6},"end":{"line":512,"column":7}}]},"40":{"loc":{"start":{"line":514,"column":6},"end":{"line":516,"column":7}},"type":"if","locations":[{"start":{"line":514,"column":6},"end":{"line":516,"column":7}}]},"41":{"loc":{"start":{"line":521,"column":8},"end":{"line":521,"column":60}},"type":"if","locations":[{"start":{"line":521,"column":8},"end":{"line":521,"column":60}}]},"42":{"loc":{"start":{"line":521,"column":12},"end":{"line":521,"column":49}},"type":"binary-expr","locations":[{"start":{"line":521,"column":12},"end":{"line":521,"column":26}},{"start":{"line":521,"column":30},"end":{"line":521,"column":49}}]},"43":{"loc":{"start":{"line":523,"column":8},"end":{"line":531,"column":9}},"type":"if","locations":[{"start":{"line":523,"column":8},"end":{"line":531,"column":9}},{"start":{"line":527,"column":15},"end":{"line":531,"column":9}}]},"44":{"loc":{"start":{"line":527,"column":15},"end":{"line":531,"column":9}},"type":"if","locations":[{"start":{"line":527,"column":15},"end":{"line":531,"column":9}},{"start":{"line":529,"column":15},"end":{"line":531,"column":9}}]},"45":{"loc":{"start":{"line":540,"column":16},"end":{"line":542,"column":35}},"type":"cond-expr","locations":[{"start":{"line":541,"column":8},"end":{"line":541,"column":69}},{"start":{"line":542,"column":8},"end":{"line":542,"column":35}}]},"46":{"loc":{"start":{"line":558,"column":20},"end":{"line":558,"column":57}},"type":"cond-expr","locations":[{"start":{"line":558,"column":32},"end":{"line":558,"column":45}},{"start":{"line":558,"column":48},"end":{"line":558,"column":57}}]},"47":{"loc":{"start":{"line":571,"column":4},"end":{"line":573,"column":5}},"type":"if","locations":[{"start":{"line":571,"column":4},"end":{"line":573,"column":5}}]},"48":{"loc":{"start":{"line":576,"column":25},"end":{"line":576,"column":81}},"type":"cond-expr","locations":[{"start":{"line":576,"column":50},"end":{"line":576,"column":63}},{"start":{"line":576,"column":66},"end":{"line":576,"column":81}}]},"49":{"loc":{"start":{"line":577,"column":25},"end":{"line":577,"column":59}},"type":"cond-expr","locations":[{"start":{"line":577,"column":37},"end":{"line":577,"column":54}},{"start":{"line":577,"column":57},"end":{"line":577,"column":59}}]},"50":{"loc":{"start":{"line":591,"column":4},"end":{"line":593,"column":5}},"type":"if","locations":[{"start":{"line":591,"column":4},"end":{"line":593,"column":5}}]},"51":{"loc":{"start":{"line":591,"column":8},"end":{"line":591,"column":68}},"type":"binary-expr","locations":[{"start":{"line":591,"column":8},"end":{"line":591,"column":34}},{"start":{"line":591,"column":38},"end":{"line":591,"column":68}}]},"52":{"loc":{"start":{"line":602,"column":4},"end":{"line":610,"column":5}},"type":"if","locations":[{"start":{"line":602,"column":4},"end":{"line":610,"column":5}}]},"53":{"loc":{"start":{"line":620,"column":4},"end":{"line":622,"column":5}},"type":"if","locations":[{"start":{"line":620,"column":4},"end":{"line":622,"column":5}}]},"54":{"loc":{"start":{"line":620,"column":8},"end":{"line":620,"column":83}},"type":"binary-expr","locations":[{"start":{"line":620,"column":8},"end":{"line":620,"column":34}},{"start":{"line":620,"column":38},"end":{"line":620,"column":68}},{"start":{"line":620,"column":72},"end":{"line":620,"column":83}}]},"55":{"loc":{"start":{"line":631,"column":4},"end":{"line":639,"column":5}},"type":"if","locations":[{"start":{"line":631,"column":4},"end":{"line":639,"column":5}}]},"56":{"loc":{"start":{"line":662,"column":4},"end":{"line":673,"column":5}},"type":"if","locations":[{"start":{"line":662,"column":4},"end":{"line":673,"column":5}}]},"57":{"loc":{"start":{"line":699,"column":4},"end":{"line":706,"column":5}},"type":"if","locations":[{"start":{"line":699,"column":4},"end":{"line":706,"column":5}}]},"58":{"loc":{"start":{"line":699,"column":8},"end":{"line":699,"column":47}},"type":"binary-expr","locations":[{"start":{"line":699,"column":8},"end":{"line":699,"column":19}},{"start":{"line":699,"column":23},"end":{"line":699,"column":47}}]},"59":{"loc":{"start":{"line":716,"column":4},"end":{"line":723,"column":5}},"type":"if","locations":[{"start":{"line":716,"column":4},"end":{"line":723,"column":5}}]},"60":{"loc":{"start":{"line":749,"column":4},"end":{"line":756,"column":5}},"type":"if","locations":[{"start":{"line":749,"column":4},"end":{"line":756,"column":5}}]},"61":{"loc":{"start":{"line":769,"column":4},"end":{"line":775,"column":5}},"type":"if","locations":[{"start":{"line":769,"column":4},"end":{"line":775,"column":5}}]}},"s":{"0":6,"1":6,"2":6,"3":6,"4":6,"5":6,"6":6,"7":89,"8":89,"9":89,"10":89,"11":89,"12":89,"13":89,"14":89,"15":89,"16":89,"17":89,"18":89,"19":89,"20":63,"21":63,"22":63,"23":46,"24":46,"25":0,"26":0,"27":63,"28":63,"29":63,"30":63,"31":28,"32":28,"33":28,"34":28,"35":28,"36":28,"37":28,"38":28,"39":1,"40":1,"41":1,"42":1,"43":27,"44":27,"45":27,"46":27,"47":27,"48":18,"49":13,"50":5,"51":5,"52":5,"53":8,"54":8,"55":8,"56":13,"57":13,"58":13,"59":13,"60":13,"61":13,"62":13,"63":14,"64":14,"65":14,"66":49,"67":49,"68":49,"69":63,"70":63,"71":28,"72":28,"73":28,"74":12,"75":8,"76":8,"77":8,"78":14,"79":14,"80":14,"81":14,"82":14,"83":14,"84":14,"85":1,"86":1,"87":1,"88":1,"89":1,"90":0,"91":14,"92":14,"93":1,"94":14,"95":1,"96":1,"97":1,"98":1,"99":0,"100":13,"101":13,"102":1,"103":1,"104":0,"105":1,"106":0,"107":1,"108":0,"109":0,"110":1,"111":1,"112":4,"113":0,"114":4,"115":0,"116":0,"117":0,"118":0,"119":4,"120":0,"121":4,"122":1,"123":1,"124":1,"125":1,"126":1,"127":14,"128":14,"129":49,"130":13,"131":36,"132":36,"133":36,"134":36,"135":1,"136":0,"137":1,"138":1,"139":1,"140":1,"141":1,"142":1,"143":1,"144":0,"145":1,"146":1,"147":1,"148":1,"149":1,"150":1,"151":1,"152":1,"153":1,"154":1,"155":1,"156":0,"157":6,"158":1,"159":1,"160":0,"161":0,"162":1,"163":1,"164":0,"165":0,"166":1,"167":6,"168":0,"169":0,"170":0,"171":0,"172":0,"173":6,"174":1,"175":5,"176":8,"177":0,"178":0,"179":6},"f":{"0":89,"1":89,"2":63,"3":63,"4":63,"5":28,"6":12,"7":8,"8":14,"9":1,"10":1,"11":0,"12":0,"13":14,"14":49,"15":1,"16":1,"17":1,"18":0,"19":1,"20":0,"21":6,"22":8,"23":0,"24":0},"b":{"0":[46,0],"1":[0],"2":[0,0],"3":[28],"4":[28],"5":[28,28],"6":[1],"7":[1,0],"8":[1],"9":[21,6],"10":[27],"11":[5,8],"12":[5],"13":[8],"14":[13],"15":[13,13],"16":[10,3],"17":[13],"18":[14],"19":[49],"20":[63,63],"21":[63,63],"22":[22,6],"23":[22,6],"24":[8,0],"25":[8,0],"26":[0],"27":[14],"28":[14,14],"29":[1],"30":[1],"31":[1],"32":[0],"33":[1],"34":[1],"35":[1,0],"36":[10,3],"37":[0],"38":[1,1],"39":[0],"40":[0],"41":[0],"42":[4,4],"43":[0,4],"44":[0,4],"45":[0,1],"46":[11,3],"47":[13],"48":[2,34],"49":[0,36],"50":[0],"51":[1,1],"52":[1],"53":[0],"54":[1,1,1],"55":[1],"56":[1],"57":[0],"58":[1,1],"59":[0],"60":[0],"61":[1]}}
,"/home/luis/Development/oss/maas-mcp-server/src/mcp_resources/tagsResource.ts": {"path":"/home/luis/Development/oss/maas-mcp-server/src/mcp_resources/tagsResource.ts","statementMap":{"0":{"start":{"line":56,"column":0},"end":{"line":56,"column":16}},"1":{"start":{"line":162,"column":0},"end":{"line":162,"column":16}},"2":{"start":{"line":337,"column":0},"end":{"line":337,"column":16}},"3":{"start":{"line":1,"column":0},"end":{"line":1,"column":86}},"4":{"start":{"line":3,"column":0},"end":{"line":3,"column":null}},"5":{"start":{"line":11,"column":0},"end":{"line":11,"column":40}},"6":{"start":{"line":13,"column":0},"end":{"line":13,"column":48}},"7":{"start":{"line":14,"column":0},"end":{"line":14,"column":31}},"8":{"start":{"line":21,"column":13},"end":{"line":24,"column":2}},"9":{"start":{"line":32,"column":13},"end":{"line":35,"column":2}},"10":{"start":{"line":43,"column":13},"end":{"line":46,"column":2}},"11":{"start":{"line":57,"column":2},"end":{"line":151,"column":4}},"12":{"start":{"line":61,"column":6},"end":{"line":61,"column":45}},"13":{"start":{"line":63,"column":6},"end":{"line":149,"column":7}},"14":{"start":{"line":65,"column":25},"end":{"line":65,"column":74}},"15":{"start":{"line":67,"column":8},"end":{"line":70,"column":9}},"16":{"start":{"line":68,"column":10},"end":{"line":68,"column":77}},"17":{"start":{"line":69,"column":10},"end":{"line":69,"column":119}},"18":{"start":{"line":73,"column":8},"end":{"line":102,"column":9}},"19":{"start":{"line":74,"column":32},"end":{"line":74,"column":84}},"20":{"start":{"line":74,"column":59},"end":{"line":74,"column":83}},"21":{"start":{"line":75,"column":10},"end":{"line":75,"column":80}},"22":{"start":{"line":78,"column":29},"end":{"line":78,"column":58}},"23":{"start":{"line":81,"column":10},"end":{"line":87,"column":12}},"24":{"start":{"line":89,"column":10},"end":{"line":100,"column":11}},"25":{"start":{"line":90,"column":12},"end":{"line":93,"column":15}},"26":{"start":{"line":94,"column":12},"end":{"line":99,"column":14}},"27":{"start":{"line":101,"column":10},"end":{"line":101,"column":32}},"28":{"start":{"line":105,"column":8},"end":{"line":148,"column":9}},"29":{"start":{"line":107,"column":10},"end":{"line":110,"column":13}},"30":{"start":{"line":111,"column":10},"end":{"line":111,"column":22}},"31":{"start":{"line":112,"column":15},"end":{"line":148,"column":9}},"32":{"start":{"line":114,"column":10},"end":{"line":114,"column":55}},"33":{"start":{"line":115,"column":10},"end":{"line":115,"column":104}},"34":{"start":{"line":116,"column":15},"end":{"line":148,"column":9}},"35":{"start":{"line":118,"column":10},"end":{"line":121,"column":13}},"36":{"start":{"line":122,"column":10},"end":{"line":127,"column":12}},"37":{"start":{"line":128,"column":15},"end":{"line":148,"column":9}},"38":{"start":{"line":130,"column":10},"end":{"line":130,"column":77}},"39":{"start":{"line":131,"column":10},"end":{"line":136,"column":12}},"40":{"start":{"line":139,"column":10},"end":{"line":141,"column":13}},"41":{"start":{"line":142,"column":10},"end":{"line":147,"column":12}},"42":{"start":{"line":163,"column":2},"end":{"line":326,"column":4}},"43":{"start":{"line":168,"column":6},"end":{"line":324,"column":7}},"44":{"start":{"line":169,"column":32},"end":{"line":169,"column":64}},"45":{"start":{"line":170,"column":29},"end":{"line":170,"column":44}},"46":{"start":{"line":172,"column":8},"end":{"line":179,"column":9}},"47":{"start":{"line":173,"column":10},"end":{"line":173,"column":75}},"48":{"start":{"line":174,"column":10},"end":{"line":178,"column":12}},"49":{"start":{"line":182,"column":8},"end":{"line":189,"column":9}},"50":{"start":{"line":183,"column":10},"end":{"line":183,"column":63}},"51":{"start":{"line":184,"column":10},"end":{"line":188,"column":12}},"52":{"start":{"line":191,"column":8},"end":{"line":191,"column":66}},"53":{"start":{"line":193,"column":8},"end":{"line":298,"column":9}},"54":{"start":{"line":195,"column":29},"end":{"line":195,"column":90}},"55":{"start":{"line":198,"column":10},"end":{"line":205,"column":11}},"56":{"start":{"line":199,"column":12},"end":{"line":199,"column":55}},"57":{"start":{"line":200,"column":12},"end":{"line":204,"column":14}},"58":{"start":{"line":208,"column":10},"end":{"line":237,"column":11}},"59":{"start":{"line":209,"column":34},"end":{"line":209,"column":65}},"60":{"start":{"line":210,"column":12},"end":{"line":210,"column":82}},"61":{"start":{"line":213,"column":31},"end":{"line":213,"column":60}},"62":{"start":{"line":216,"column":12},"end":{"line":222,"column":14}},"63":{"start":{"line":224,"column":12},"end":{"line":235,"column":13}},"64":{"start":{"line":225,"column":14},"end":{"line":228,"column":17}},"65":{"start":{"line":229,"column":14},"end":{"line":234,"column":16}},"66":{"start":{"line":236,"column":12},"end":{"line":236,"column":34}},"67":{"start":{"line":240,"column":10},"end":{"line":297,"column":11}},"68":{"start":{"line":242,"column":12},"end":{"line":245,"column":15}},"69":{"start":{"line":248,"column":12},"end":{"line":254,"column":13}},"70":{"start":{"line":249,"column":14},"end":{"line":253,"column":16}},"71":{"start":{"line":256,"column":12},"end":{"line":256,"column":24}},"72":{"start":{"line":257,"column":17},"end":{"line":297,"column":11}},"73":{"start":{"line":259,"column":12},"end":{"line":259,"column":75}},"74":{"start":{"line":260,"column":12},"end":{"line":264,"column":14}},"75":{"start":{"line":265,"column":17},"end":{"line":297,"column":11}},"76":{"start":{"line":267,"column":12},"end":{"line":270,"column":15}},"77":{"start":{"line":271,"column":12},"end":{"line":276,"column":14}},"78":{"start":{"line":277,"column":17},"end":{"line":297,"column":11}},"79":{"start":{"line":279,"column":12},"end":{"line":279,"column":97}},"80":{"start":{"line":280,"column":12},"end":{"line":285,"column":14}},"81":{"start":{"line":288,"column":12},"end":{"line":290,"column":15}},"82":{"start":{"line":291,"column":12},"end":{"line":296,"column":14}},"83":{"start":{"line":300,"column":8},"end":{"line":311,"column":9}},"84":{"start":{"line":301,"column":10},"end":{"line":304,"column":13}},"85":{"start":{"line":305,"column":10},"end":{"line":310,"column":12}},"86":{"start":{"line":313,"column":8},"end":{"line":315,"column":9}},"87":{"start":{"line":314,"column":10},"end":{"line":314,"column":27}},"88":{"start":{"line":317,"column":29},"end":{"line":317,"column":95}},"89":{"start":{"line":318,"column":8},"end":{"line":318,"column":78}},"90":{"start":{"line":319,"column":8},"end":{"line":323,"column":10}},"91":{"start":{"line":338,"column":2},"end":{"line":492,"column":4}},"92":{"start":{"line":343,"column":6},"end":{"line":490,"column":7}},"93":{"start":{"line":344,"column":32},"end":{"line":344,"column":72}},"94":{"start":{"line":345,"column":29},"end":{"line":345,"column":44}},"95":{"start":{"line":347,"column":8},"end":{"line":354,"column":9}},"96":{"start":{"line":348,"column":10},"end":{"line":348,"column":75}},"97":{"start":{"line":349,"column":10},"end":{"line":353,"column":12}},"98":{"start":{"line":357,"column":8},"end":{"line":364,"column":9}},"99":{"start":{"line":358,"column":10},"end":{"line":358,"column":63}},"100":{"start":{"line":359,"column":10},"end":{"line":363,"column":12}},"101":{"start":{"line":366,"column":8},"end":{"line":366,"column":68}},"102":{"start":{"line":368,"column":8},"end":{"line":464,"column":9}},"103":{"start":{"line":370,"column":10},"end":{"line":385,"column":11}},"104":{"start":{"line":371,"column":12},"end":{"line":371,"column":74}},"105":{"start":{"line":374,"column":12},"end":{"line":381,"column":13}},"106":{"start":{"line":375,"column":14},"end":{"line":375,"column":57}},"107":{"start":{"line":376,"column":14},"end":{"line":380,"column":16}},"108":{"start":{"line":384,"column":12},"end":{"line":384,"column":128}},"109":{"start":{"line":389,"column":27},"end":{"line":389,"column":89}},"110":{"start":{"line":392,"column":10},"end":{"line":399,"column":11}},"111":{"start":{"line":393,"column":12},"end":{"line":393,"column":83}},"112":{"start":{"line":394,"column":12},"end":{"line":398,"column":14}},"113":{"start":{"line":401,"column":10},"end":{"line":401,"column":96}},"114":{"start":{"line":404,"column":29},"end":{"line":404,"column":53}},"115":{"start":{"line":407,"column":10},"end":{"line":413,"column":12}},"116":{"start":{"line":416,"column":10},"end":{"line":463,"column":11}},"117":{"start":{"line":418,"column":12},"end":{"line":421,"column":15}},"118":{"start":{"line":422,"column":12},"end":{"line":422,"column":24}},"119":{"start":{"line":423,"column":17},"end":{"line":463,"column":11}},"120":{"start":{"line":425,"column":12},"end":{"line":425,"column":77}},"121":{"start":{"line":426,"column":12},"end":{"line":430,"column":14}},"122":{"start":{"line":431,"column":17},"end":{"line":463,"column":11}},"123":{"start":{"line":433,"column":12},"end":{"line":436,"column":15}},"124":{"start":{"line":437,"column":12},"end":{"line":442,"column":14}},"125":{"start":{"line":443,"column":17},"end":{"line":463,"column":11}},"126":{"start":{"line":445,"column":12},"end":{"line":445,"column":99}},"127":{"start":{"line":446,"column":12},"end":{"line":451,"column":14}},"128":{"start":{"line":454,"column":12},"end":{"line":456,"column":15}},"129":{"start":{"line":457,"column":12},"end":{"line":462,"column":14}},"130":{"start":{"line":466,"column":8},"end":{"line":477,"column":9}},"131":{"start":{"line":467,"column":10},"end":{"line":470,"column":13}},"132":{"start":{"line":471,"column":10},"end":{"line":476,"column":12}},"133":{"start":{"line":479,"column":8},"end":{"line":481,"column":9}},"134":{"start":{"line":480,"column":10},"end":{"line":480,"column":27}},"135":{"start":{"line":483,"column":29},"end":{"line":483,"column":95}},"136":{"start":{"line":484,"column":8},"end":{"line":484,"column":79}},"137":{"start":{"line":485,"column":8},"end":{"line":489,"column":10}}},"fnMap":{"0":{"name":"registerTagsListResource","decl":{"start":{"line":56,"column":16},"end":{"line":56,"column":40}},"loc":{"start":{"line":56,"column":85},"end":{"line":152,"column":1}}},"1":{"name":"(anonymous_2)","decl":{"start":{"line":60,"column":4},"end":{"line":60,"column":9}},"loc":{"start":{"line":60,"column":38},"end":{"line":150,"column":5}}},"2":{"name":"(anonymous_3)","decl":{"start":{"line":74,"column":45},"end":{"line":74,"column":46}},"loc":{"start":{"line":74,"column":59},"end":{"line":74,"column":83}}},"3":{"name":"registerTagDetailsResource","decl":{"start":{"line":162,"column":16},"end":{"line":162,"column":42}},"loc":{"start":{"line":162,"column":87},"end":{"line":327,"column":1}}},"4":{"name":"(anonymous_5)","decl":{"start":{"line":166,"column":4},"end":{"line":166,"column":9}},"loc":{"start":{"line":166,"column":38},"end":{"line":325,"column":5}}},"5":{"name":"registerTagMachinesResource","decl":{"start":{"line":337,"column":16},"end":{"line":337,"column":43}},"loc":{"start":{"line":337,"column":88},"end":{"line":493,"column":1}}},"6":{"name":"(anonymous_7)","decl":{"start":{"line":341,"column":4},"end":{"line":341,"column":9}},"loc":{"start":{"line":341,"column":38},"end":{"line":491,"column":5}}}},"branchMap":{"0":{"loc":{"start":{"line":67,"column":8},"end":{"line":70,"column":9}},"type":"if","locations":[{"start":{"line":67,"column":8},"end":{"line":70,"column":9}}]},"1":{"loc":{"start":{"line":89,"column":10},"end":{"line":100,"column":11}},"type":"if","locations":[{"start":{"line":89,"column":10},"end":{"line":100,"column":11}}]},"2":{"loc":{"start":{"line":105,"column":8},"end":{"line":148,"column":9}},"type":"if","locations":[{"start":{"line":105,"column":8},"end":{"line":148,"column":9}},{"start":{"line":112,"column":15},"end":{"line":148,"column":9}}]},"3":{"loc":{"start":{"line":112,"column":15},"end":{"line":148,"column":9}},"type":"if","locations":[{"start":{"line":112,"column":15},"end":{"line":148,"column":9}},{"start":{"line":116,"column":15},"end":{"line":148,"column":9}}]},"4":{"loc":{"start":{"line":116,"column":15},"end":{"line":148,"column":9}},"type":"if","locations":[{"start":{"line":116,"column":15},"end":{"line":148,"column":9}},{"start":{"line":128,"column":15},"end":{"line":148,"column":9}}]},"5":{"loc":{"start":{"line":116,"column":19},"end":{"line":116,"column":92}},"type":"binary-expr","locations":[{"start":{"line":116,"column":19},"end":{"line":116,"column":55}},{"start":{"line":116,"column":59},"end":{"line":116,"column":92}}]},"6":{"loc":{"start":{"line":128,"column":15},"end":{"line":148,"column":9}},"type":"if","locations":[{"start":{"line":128,"column":15},"end":{"line":148,"column":9}},{"start":{"line":137,"column":15},"end":{"line":148,"column":9}}]},"7":{"loc":{"start":{"line":172,"column":8},"end":{"line":179,"column":9}},"type":"if","locations":[{"start":{"line":172,"column":8},"end":{"line":179,"column":9}}]},"8":{"loc":{"start":{"line":172,"column":12},"end":{"line":172,"column":47}},"type":"binary-expr","locations":[{"start":{"line":172,"column":12},"end":{"line":172,"column":21}},{"start":{"line":172,"column":25},"end":{"line":172,"column":47}}]},"9":{"loc":{"start":{"line":182,"column":8},"end":{"line":189,"column":9}},"type":"if","locations":[{"start":{"line":182,"column":8},"end":{"line":189,"column":9}}]},"10":{"loc":{"start":{"line":198,"column":10},"end":{"line":205,"column":11}},"type":"if","locations":[{"start":{"line":198,"column":10},"end":{"line":205,"column":11}}]},"11":{"loc":{"start":{"line":224,"column":12},"end":{"line":235,"column":13}},"type":"if","locations":[{"start":{"line":224,"column":12},"end":{"line":235,"column":13}}]},"12":{"loc":{"start":{"line":240,"column":10},"end":{"line":297,"column":11}},"type":"if","locations":[{"start":{"line":240,"column":10},"end":{"line":297,"column":11}},{"start":{"line":257,"column":17},"end":{"line":297,"column":11}}]},"13":{"loc":{"start":{"line":248,"column":12},"end":{"line":254,"column":13}},"type":"if","locations":[{"start":{"line":248,"column":12},"end":{"line":254,"column":13}}]},"14":{"loc":{"start":{"line":257,"column":17},"end":{"line":297,"column":11}},"type":"if","locations":[{"start":{"line":257,"column":17},"end":{"line":297,"column":11}},{"start":{"line":265,"column":17},"end":{"line":297,"column":11}}]},"15":{"loc":{"start":{"line":265,"column":17},"end":{"line":297,"column":11}},"type":"if","locations":[{"start":{"line":265,"column":17},"end":{"line":297,"column":11}},{"start":{"line":277,"column":17},"end":{"line":297,"column":11}}]},"16":{"loc":{"start":{"line":265,"column":21},"end":{"line":265,"column":94}},"type":"binary-expr","locations":[{"start":{"line":265,"column":21},"end":{"line":265,"column":57}},{"start":{"line":265,"column":61},"end":{"line":265,"column":94}}]},"17":{"loc":{"start":{"line":277,"column":17},"end":{"line":297,"column":11}},"type":"if","locations":[{"start":{"line":277,"column":17},"end":{"line":297,"column":11}},{"start":{"line":286,"column":17},"end":{"line":297,"column":11}}]},"18":{"loc":{"start":{"line":300,"column":8},"end":{"line":311,"column":9}},"type":"if","locations":[{"start":{"line":300,"column":8},"end":{"line":311,"column":9}}]},"19":{"loc":{"start":{"line":313,"column":8},"end":{"line":315,"column":9}},"type":"if","locations":[{"start":{"line":313,"column":8},"end":{"line":315,"column":9}}]},"20":{"loc":{"start":{"line":317,"column":29},"end":{"line":317,"column":95}},"type":"cond-expr","locations":[{"start":{"line":317,"column":59},"end":{"line":317,"column":77}},{"start":{"line":317,"column":80},"end":{"line":317,"column":95}}]},"21":{"loc":{"start":{"line":347,"column":8},"end":{"line":354,"column":9}},"type":"if","locations":[{"start":{"line":347,"column":8},"end":{"line":354,"column":9}}]},"22":{"loc":{"start":{"line":347,"column":12},"end":{"line":347,"column":47}},"type":"binary-expr","locations":[{"start":{"line":347,"column":12},"end":{"line":347,"column":21}},{"start":{"line":347,"column":25},"end":{"line":347,"column":47}}]},"23":{"loc":{"start":{"line":357,"column":8},"end":{"line":364,"column":9}},"type":"if","locations":[{"start":{"line":357,"column":8},"end":{"line":364,"column":9}}]},"24":{"loc":{"start":{"line":374,"column":12},"end":{"line":381,"column":13}},"type":"if","locations":[{"start":{"line":374,"column":12},"end":{"line":381,"column":13}}]},"25":{"loc":{"start":{"line":392,"column":10},"end":{"line":399,"column":11}},"type":"if","locations":[{"start":{"line":392,"column":10},"end":{"line":399,"column":11}}]},"26":{"loc":{"start":{"line":416,"column":10},"end":{"line":463,"column":11}},"type":"if","locations":[{"start":{"line":416,"column":10},"end":{"line":463,"column":11}},{"start":{"line":423,"column":17},"end":{"line":463,"column":11}}]},"27":{"loc":{"start":{"line":423,"column":17},"end":{"line":463,"column":11}},"type":"if","locations":[{"start":{"line":423,"column":17},"end":{"line":463,"column":11}},{"start":{"line":431,"column":17},"end":{"line":463,"column":11}}]},"28":{"loc":{"start":{"line":431,"column":17},"end":{"line":463,"column":11}},"type":"if","locations":[{"start":{"line":431,"column":17},"end":{"line":463,"column":11}},{"start":{"line":443,"column":17},"end":{"line":463,"column":11}}]},"29":{"loc":{"start":{"line":431,"column":21},"end":{"line":431,"column":94}},"type":"binary-expr","locations":[{"start":{"line":431,"column":21},"end":{"line":431,"column":57}},{"start":{"line":431,"column":61},"end":{"line":431,"column":94}}]},"30":{"loc":{"start":{"line":443,"column":17},"end":{"line":463,"column":11}},"type":"if","locations":[{"start":{"line":443,"column":17},"end":{"line":463,"column":11}},{"start":{"line":452,"column":17},"end":{"line":463,"column":11}}]},"31":{"loc":{"start":{"line":466,"column":8},"end":{"line":477,"column":9}},"type":"if","locations":[{"start":{"line":466,"column":8},"end":{"line":477,"column":9}}]},"32":{"loc":{"start":{"line":479,"column":8},"end":{"line":481,"column":9}},"type":"if","locations":[{"start":{"line":479,"column":8},"end":{"line":481,"column":9}}]},"33":{"loc":{"start":{"line":483,"column":29},"end":{"line":483,"column":95}},"type":"cond-expr","locations":[{"start":{"line":483,"column":59},"end":{"line":483,"column":77}},{"start":{"line":483,"column":80},"end":{"line":483,"column":95}}]}},"s":{"0":1,"1":1,"2":1,"3":1,"4":1,"5":1,"6":1,"7":1,"8":1,"9":1,"10":1,"11":40,"12":8,"13":8,"14":8,"15":3,"16":1,"17":1,"18":2,"19":2,"20":5,"21":1,"22":1,"23":1,"24":1,"25":1,"26":1,"27":0,"28":7,"29":2,"30":2,"31":5,"32":1,"33":1,"34":4,"35":1,"36":1,"37":3,"38":1,"39":1,"40":2,"41":2,"42":40,"43":11,"44":11,"45":10,"46":10,"47":1,"48":1,"49":9,"50":1,"51":1,"52":8,"53":8,"54":8,"55":3,"56":1,"57":1,"58":2,"59":2,"60":1,"61":1,"62":1,"63":1,"64":1,"65":1,"66":0,"67":7,"68":3,"69":3,"70":2,"71":1,"72":4,"73":1,"74":1,"75":3,"76":1,"77":1,"78":2,"79":1,"80":1,"81":1,"82":1,"83":10,"84":1,"85":1,"86":9,"87":9,"88":0,"89":0,"90":0,"91":40,"92":12,"93":12,"94":11,"95":11,"96":1,"97":1,"98":10,"99":1,"100":1,"101":9,"102":9,"103":9,"104":9,"105":6,"106":1,"107":1,"108":5,"109":8,"110":4,"111":1,"112":1,"113":3,"114":3,"115":3,"116":6,"117":2,"118":2,"119":4,"120":1,"121":1,"122":3,"123":1,"124":1,"125":2,"126":1,"127":1,"128":1,"129":1,"130":9,"131":1,"132":1,"133":8,"134":8,"135":0,"136":0,"137":0},"f":{"0":40,"1":8,"2":5,"3":40,"4":11,"5":40,"6":12},"b":{"0":[1],"1":[1],"2":[2,5],"3":[1,4],"4":[1,3],"5":[4,3],"6":[1,2],"7":[1],"8":[10,9],"9":[1],"10":[1],"11":[1],"12":[3,4],"13":[2],"14":[1,3],"15":[1,2],"16":[3,2],"17":[1,1],"18":[1],"19":[9],"20":[0,0],"21":[1],"22":[11,10],"23":[1],"24":[1],"25":[1],"26":[2,4],"27":[1,3],"28":[1,2],"29":[3,2],"30":[1,1],"31":[1],"32":[8],"33":[0,0]}}
,"/home/luis/Development/oss/maas-mcp-server/src/mcp_resources/cache/cacheManager.ts": {"path":"/home/luis/Development/oss/maas-mcp-server/src/mcp_resources/cache/cacheManager.ts","statementMap":{"0":{"start":{"line":6,"column":0},"end":{"line":6,"column":69}},"1":{"start":{"line":7,"column":0},"end":{"line":7,"column":57}},"2":{"start":{"line":8,"column":0},"end":{"line":8,"column":37}},"3":{"start":{"line":9,"column":0},"end":{"line":9,"column":43}},"4":{"start":{"line":32,"column":4},"end":{"line":32,"column":39}},"5":{"start":{"line":33,"column":4},"end":{"line":33,"column":41}},"6":{"start":{"line":34,"column":4},"end":{"line":34,"column":63}},"7":{"start":{"line":37,"column":4},"end":{"line":49,"column":5}},"8":{"start":{"line":38,"column":6},"end":{"line":38,"column":64}},"9":{"start":{"line":39,"column":6},"end":{"line":42,"column":9}},"10":{"start":{"line":44,"column":6},"end":{"line":44,"column":70}},"11":{"start":{"line":45,"column":6},"end":{"line":48,"column":9}},"12":{"start":{"line":57,"column":4},"end":{"line":59,"column":5}},"13":{"start":{"line":58,"column":6},"end":{"line":58,"column":49}},"14":{"start":{"line":60,"column":4},"end":{"line":60,"column":33}},"15":{"start":{"line":84,"column":4},"end":{"line":86,"column":5}},"16":{"start":{"line":85,"column":6},"end":{"line":85,"column":47}},"17":{"start":{"line":89,"column":14},"end":{"line":89,"column":47}},"18":{"start":{"line":92,"column":23},"end":{"line":92,"column":67}},"19":{"start":{"line":93,"column":4},"end":{"line":95,"column":5}},"20":{"start":{"line":94,"column":6},"end":{"line":94,"column":30}},"21":{"start":{"line":98,"column":4},"end":{"line":114,"column":5}},"22":{"start":{"line":99,"column":27},"end":{"line":99,"column":58}},"23":{"start":{"line":102,"column":6},"end":{"line":113,"column":7}},"24":{"start":{"line":103,"column":31},"end":{"line":103,"column":52}},"25":{"start":{"line":104,"column":8},"end":{"line":108,"column":9}},"26":{"start":{"line":105,"column":10},"end":{"line":107,"column":11}},"27":{"start":{"line":106,"column":12},"end":{"line":106,"column":64}},"28":{"start":{"line":109,"column":8},"end":{"line":109,"column":47}},"29":{"start":{"line":112,"column":8},"end":{"line":112,"column":45}},"30":{"start":{"line":116,"column":4},"end":{"line":116,"column":15}},"31":{"start":{"line":125,"column":4},"end":{"line":127,"column":5}},"32":{"start":{"line":126,"column":6},"end":{"line":126,"column":23}},"33":{"start":{"line":129,"column":18},"end":{"line":129,"column":43}},"34":{"start":{"line":130,"column":4},"end":{"line":130,"column":24}},"35":{"start":{"line":153,"column":4},"end":{"line":155,"column":5}},"36":{"start":{"line":154,"column":6},"end":{"line":154,"column":23}},"37":{"start":{"line":158,"column":14},"end":{"line":158,"column":29}},"38":{"start":{"line":160,"column":4},"end":{"line":162,"column":5}},"39":{"start":{"line":161,"column":6},"end":{"line":161,"column":51}},"40":{"start":{"line":164,"column":4},"end":{"line":166,"column":5}},"41":{"start":{"line":165,"column":6},"end":{"line":165,"column":24}},"42":{"start":{"line":168,"column":4},"end":{"line":168,"column":69}},"43":{"start":{"line":177,"column":4},"end":{"line":179,"column":5}},"44":{"start":{"line":178,"column":6},"end":{"line":178,"column":19}},"45":{"start":{"line":180,"column":4},"end":{"line":180,"column":37}},"46":{"start":{"line":187,"column":4},"end":{"line":187,"column":26}},"47":{"start":{"line":194,"column":4},"end":{"line":194,"column":32}},"48":{"start":{"line":203,"column":4},"end":{"line":205,"column":5}},"49":{"start":{"line":204,"column":6},"end":{"line":204,"column":15}},"50":{"start":{"line":206,"column":4},"end":{"line":206,"column":45}},"51":{"start":{"line":218,"column":4},"end":{"line":218,"column":60}},"52":{"start":{"line":235,"column":4},"end":{"line":235,"column":89}},"53":{"start":{"line":242,"column":4},"end":{"line":242,"column":24}},"54":{"start":{"line":250,"column":4},"end":{"line":250,"column":27}},"55":{"start":{"line":251,"column":4},"end":{"line":251,"column":61}},"56":{"start":{"line":258,"column":4},"end":{"line":258,"column":27}},"57":{"start":{"line":266,"column":4},"end":{"line":266,"column":26}},"58":{"start":{"line":267,"column":4},"end":{"line":267,"column":59}},"59":{"start":{"line":275,"column":4},"end":{"line":275,"column":69}},"60":{"start":{"line":284,"column":4},"end":{"line":284,"column":49}},"61":{"start":{"line":285,"column":4},"end":{"line":285,"column":71}},"62":{"start":{"line":18,"column":0},"end":{"line":18,"column":13}}},"fnMap":{"0":{"name":"(anonymous_1)","decl":{"start":{"line":31,"column":2},"end":{"line":31,"column":null}},"loc":{"start":{"line":31,"column":2},"end":{"line":50,"column":3}}},"1":{"name":"(anonymous_2)","decl":{"start":{"line":56,"column":9},"end":{"line":56,"column":15}},"loc":{"start":{"line":56,"column":27},"end":{"line":61,"column":3}}},"2":{"name":"(anonymous_3)","decl":{"start":{"line":77,"column":9},"end":{"line":77,"column":25}},"loc":{"start":{"line":81,"column":26},"end":{"line":117,"column":3}}},"3":{"name":"(anonymous_4)","decl":{"start":{"line":124,"column":9},"end":{"line":124,"column":12}},"loc":{"start":{"line":124,"column":27},"end":{"line":131,"column":3}}},"4":{"name":"(anonymous_5)","decl":{"start":{"line":147,"column":9},"end":{"line":147,"column":12}},"loc":{"start":{"line":151,"column":26},"end":{"line":169,"column":3}}},"5":{"name":"(anonymous_6)","decl":{"start":{"line":176,"column":9},"end":{"line":176,"column":15}},"loc":{"start":{"line":176,"column":27},"end":{"line":181,"column":3}}},"6":{"name":"(anonymous_7)","decl":{"start":{"line":186,"column":9},"end":{"line":186,"column":14}},"loc":{"start":{"line":186,"column":14},"end":{"line":188,"column":3}}},"7":{"name":"(anonymous_8)","decl":{"start":{"line":193,"column":9},"end":{"line":193,"column":13}},"loc":{"start":{"line":193,"column":13},"end":{"line":195,"column":3}}},"8":{"name":"(anonymous_9)","decl":{"start":{"line":202,"column":9},"end":{"line":202,"column":19}},"loc":{"start":{"line":202,"column":44},"end":{"line":207,"column":3}}},"9":{"name":"(anonymous_10)","decl":{"start":{"line":217,"column":9},"end":{"line":217,"column":27}},"loc":{"start":{"line":217,"column":48},"end":{"line":219,"column":3}}},"10":{"name":"(anonymous_11)","decl":{"start":{"line":232,"column":9},"end":{"line":232,"column":31}},"loc":{"start":{"line":232,"column":72},"end":{"line":236,"column":3}}},"11":{"name":"(anonymous_12)","decl":{"start":{"line":241,"column":9},"end":{"line":241,"column":18}},"loc":{"start":{"line":241,"column":18},"end":{"line":243,"column":3}}},"12":{"name":"(anonymous_13)","decl":{"start":{"line":249,"column":9},"end":{"line":249,"column":19}},"loc":{"start":{"line":249,"column":36},"end":{"line":252,"column":3}}},"13":{"name":"(anonymous_14)","decl":{"start":{"line":257,"column":9},"end":{"line":257,"column":22}},"loc":{"start":{"line":257,"column":22},"end":{"line":259,"column":3}}},"14":{"name":"(anonymous_15)","decl":{"start":{"line":265,"column":9},"end":{"line":265,"column":22}},"loc":{"start":{"line":265,"column":34},"end":{"line":268,"column":3}}},"15":{"name":"(anonymous_16)","decl":{"start":{"line":274,"column":9},"end":{"line":274,"column":23}},"loc":{"start":{"line":274,"column":44},"end":{"line":276,"column":3}}},"16":{"name":"(anonymous_17)","decl":{"start":{"line":283,"column":9},"end":{"line":283,"column":23}},"loc":{"start":{"line":283,"column":57},"end":{"line":286,"column":3}}}},"branchMap":{"0":{"loc":{"start":{"line":37,"column":4},"end":{"line":49,"column":5}},"type":"if","locations":[{"start":{"line":37,"column":4},"end":{"line":49,"column":5}},{"start":{"line":43,"column":11},"end":{"line":49,"column":5}}]},"1":{"loc":{"start":{"line":57,"column":4},"end":{"line":59,"column":5}},"type":"if","locations":[{"start":{"line":57,"column":4},"end":{"line":59,"column":5}}]},"2":{"loc":{"start":{"line":84,"column":4},"end":{"line":86,"column":5}},"type":"if","locations":[{"start":{"line":84,"column":4},"end":{"line":86,"column":5}}]},"3":{"loc":{"start":{"line":92,"column":23},"end":{"line":92,"column":67}},"type":"binary-expr","locations":[{"start":{"line":92,"column":23},"end":{"line":92,"column":39}},{"start":{"line":92,"column":43},"end":{"line":92,"column":52}},{"start":{"line":92,"column":56},"end":{"line":92,"column":67}}]},"4":{"loc":{"start":{"line":93,"column":4},"end":{"line":95,"column":5}},"type":"if","locations":[{"start":{"line":93,"column":4},"end":{"line":95,"column":5}}]},"5":{"loc":{"start":{"line":98,"column":4},"end":{"line":114,"column":5}},"type":"if","locations":[{"start":{"line":98,"column":4},"end":{"line":114,"column":5}}]},"6":{"loc":{"start":{"line":98,"column":8},"end":{"line":98,"column":49}},"type":"binary-expr","locations":[{"start":{"line":98,"column":8},"end":{"line":98,"column":35}},{"start":{"line":98,"column":39},"end":{"line":98,"column":49}}]},"7":{"loc":{"start":{"line":102,"column":6},"end":{"line":113,"column":7}},"type":"if","locations":[{"start":{"line":102,"column":6},"end":{"line":113,"column":7}},{"start":{"line":110,"column":13},"end":{"line":113,"column":7}}]},"8":{"loc":{"start":{"line":102,"column":10},"end":{"line":102,"column":85}},"type":"binary-expr","locations":[{"start":{"line":102,"column":10},"end":{"line":102,"column":40}},{"start":{"line":102,"column":44},"end":{"line":102,"column":85}}]},"9":{"loc":{"start":{"line":105,"column":10},"end":{"line":107,"column":11}},"type":"if","locations":[{"start":{"line":105,"column":10},"end":{"line":107,"column":11}}]},"10":{"loc":{"start":{"line":125,"column":4},"end":{"line":127,"column":5}},"type":"if","locations":[{"start":{"line":125,"column":4},"end":{"line":127,"column":5}}]},"11":{"loc":{"start":{"line":153,"column":4},"end":{"line":155,"column":5}},"type":"if","locations":[{"start":{"line":153,"column":4},"end":{"line":155,"column":5}}]},"12":{"loc":{"start":{"line":153,"column":8},"end":{"line":153,"column":54}},"type":"binary-expr","locations":[{"start":{"line":153,"column":8},"end":{"line":153,"column":21}},{"start":{"line":153,"column":26},"end":{"line":153,"column":33}},{"start":{"line":153,"column":37},"end":{"line":153,"column":53}}]},"13":{"loc":{"start":{"line":160,"column":4},"end":{"line":162,"column":5}},"type":"if","locations":[{"start":{"line":160,"column":4},"end":{"line":162,"column":5}}]},"14":{"loc":{"start":{"line":160,"column":8},"end":{"line":160,"column":76}},"type":"binary-expr","locations":[{"start":{"line":160,"column":8},"end":{"line":160,"column":20}},{"start":{"line":160,"column":24},"end":{"line":160,"column":76}}]},"15":{"loc":{"start":{"line":164,"column":4},"end":{"line":166,"column":5}},"type":"if","locations":[{"start":{"line":164,"column":4},"end":{"line":166,"column":5}}]},"16":{"loc":{"start":{"line":177,"column":4},"end":{"line":179,"column":5}},"type":"if","locations":[{"start":{"line":177,"column":4},"end":{"line":179,"column":5}}]},"17":{"loc":{"start":{"line":203,"column":4},"end":{"line":205,"column":5}},"type":"if","locations":[{"start":{"line":203,"column":4},"end":{"line":205,"column":5}}]},"18":{"loc":{"start":{"line":251,"column":25},"end":{"line":251,"column":57}},"type":"cond-expr","locations":[{"start":{"line":251,"column":35},"end":{"line":251,"column":44}},{"start":{"line":251,"column":47},"end":{"line":251,"column":57}}]},"19":{"loc":{"start":{"line":275,"column":11},"end":{"line":275,"column":68}},"type":"binary-expr","locations":[{"start":{"line":275,"column":11},"end":{"line":275,"column":49}},{"start":{"line":275,"column":53},"end":{"line":275,"column":68}}]}},"s":{"0":4,"1":4,"2":4,"3":4,"4":0,"5":0,"6":0,"7":0,"8":0,"9":0,"10":0,"11":0,"12":0,"13":0,"14":0,"15":0,"16":0,"17":0,"18":0,"19":0,"20":0,"21":0,"22":0,"23":0,"24":0,"25":0,"26":0,"27":0,"28":0,"29":0,"30":0,"31":0,"32":0,"33":0,"34":0,"35":0,"36":0,"37":0,"38":0,"39":0,"40":0,"41":0,"42":0,"43":0,"44":0,"45":0,"46":0,"47":0,"48":0,"49":0,"50":0,"51":0,"52":0,"53":0,"54":0,"55":0,"56":0,"57":0,"58":0,"59":0,"60":0,"61":0,"62":4},"f":{"0":0,"1":0,"2":0,"3":0,"4":0,"5":0,"6":0,"7":0,"8":0,"9":0,"10":0,"11":0,"12":0,"13":0,"14":0,"15":0,"16":0},"b":{"0":[0,0],"1":[0],"2":[0],"3":[0,0,0],"4":[0],"5":[0],"6":[0,0],"7":[0,0],"8":[0,0],"9":[0],"10":[0],"11":[0],"12":[0,0,0],"13":[0],"14":[0,0],"15":[0],"16":[0],"17":[0],"18":[0,0],"19":[0,0]}}
,"/home/luis/Development/oss/maas-mcp-server/src/mcp_resources/cache/index.ts": {"path":"/home/luis/Development/oss/maas-mcp-server/src/mcp_resources/cache/index.ts","statementMap":{"0":{"start":{"line":7,"column":0},"end":{"line":7,"column":32}},"1":{"start":{"line":10,"column":0},"end":{"line":10,"column":9}},"2":{"start":{"line":10,"column":9},"end":{"line":10,"column":69}},"3":{"start":{"line":11,"column":0},"end":{"line":11,"column":9}},"4":{"start":{"line":11,"column":9},"end":{"line":11,"column":57}},"5":{"start":{"line":14,"column":0},"end":{"line":14,"column":9}},"6":{"start":{"line":14,"column":9},"end":{"line":14,"column":49}}},"fnMap":{"0":{"name":"(anonymous_4)","decl":{"start":{"line":10,"column":9},"end":{"line":10,"column":31}},"loc":{"start":{"line":10,"column":9},"end":{"line":10,"column":69}}},"1":{"name":"(anonymous_5)","decl":{"start":{"line":11,"column":9},"end":{"line":11,"column":25}},"loc":{"start":{"line":11,"column":9},"end":{"line":11,"column":57}}},"2":{"name":"(anonymous_6)","decl":{"start":{"line":14,"column":9},"end":{"line":14,"column":21}},"loc":{"start":{"line":14,"column":9},"end":{"line":14,"column":49}}}},"branchMap":{},"s":{"0":6,"1":6,"2":6,"3":6,"4":6,"5":6,"6":95},"f":{"0":0,"1":0,"2":89},"b":{}}
,"/home/luis/Development/oss/maas-mcp-server/src/mcp_resources/cache/lruCacheStrategy.ts": {"path":"/home/luis/Development/oss/maas-mcp-server/src/mcp_resources/cache/lruCacheStrategy.ts","statementMap":{"0":{"start":{"line":6,"column":0},"end":{"line":6,"column":43}},"1":{"start":{"line":17,"column":28},"end":{"line":17,"column":32}},"2":{"start":{"line":18,"column":28},"end":{"line":18,"column":32}},"3":{"start":{"line":21,"column":4},"end":{"line":21,"column":19}},"4":{"start":{"line":22,"column":4},"end":{"line":22,"column":23}},"5":{"start":{"line":35,"column":38},"end":{"line":35,"column":42}},"6":{"start":{"line":36,"column":38},"end":{"line":36,"column":42}},"7":{"start":{"line":38,"column":51},"end":{"line":38,"column":55}},"8":{"start":{"line":39,"column":41},"end":{"line":39,"column":46}},"9":{"start":{"line":46,"column":4},"end":{"line":46,"column":27}},"10":{"start":{"line":47,"column":4},"end":{"line":47,"column":27}},"11":{"start":{"line":48,"column":4},"end":{"line":48,"column":32}},"12":{"start":{"line":49,"column":4},"end":{"line":49,"column":74}},"13":{"start":{"line":59,"column":4},"end":{"line":61,"column":5}},"14":{"start":{"line":60,"column":6},"end":{"line":60,"column":42}},"15":{"start":{"line":63,"column":4},"end":{"line":65,"column":33}},"16":{"start":{"line":64,"column":6},"end":{"line":64,"column":34}},"17":{"start":{"line":68,"column":4},"end":{"line":70,"column":5}},"18":{"start":{"line":69,"column":6},"end":{"line":69,"column":35}},"19":{"start":{"line":79,"column":16},"end":{"line":79,"column":26}},"20":{"start":{"line":80,"column":23},"end":{"line":80,"column":24}},"21":{"start":{"line":81,"column":18},"end":{"line":81,"column":27}},"22":{"start":{"line":84,"column":4},"end":{"line":94,"column":5}},"23":{"start":{"line":85,"column":19},"end":{"line":85,"column":31}},"24":{"start":{"line":87,"column":6},"end":{"line":91,"column":7}},"25":{"start":{"line":88,"column":8},"end":{"line":88,"column":33}},"26":{"start":{"line":89,"column":8},"end":{"line":89,"column":39}},"27":{"start":{"line":90,"column":8},"end":{"line":90,"column":23}},"28":{"start":{"line":93,"column":6},"end":{"line":93,"column":21}},"29":{"start":{"line":96,"column":4},"end":{"line":98,"column":5}},"30":{"start":{"line":97,"column":6},"end":{"line":97,"column":77}},"31":{"start":{"line":100,"column":4},"end":{"line":100,"column":24}},"32":{"start":{"line":109,"column":4},"end":{"line":109,"column":26}},"33":{"start":{"line":110,"column":4},"end":{"line":110,"column":21}},"34":{"start":{"line":113,"column":4},"end":{"line":115,"column":5}},"35":{"start":{"line":114,"column":6},"end":{"line":114,"column":28}},"36":{"start":{"line":118,"column":4},"end":{"line":118,"column":21}},"37":{"start":{"line":121,"column":4},"end":{"line":123,"column":5}},"38":{"start":{"line":122,"column":6},"end":{"line":122,"column":23}},"39":{"start":{"line":133,"column":4},"end":{"line":137,"column":5}},"40":{"start":{"line":134,"column":6},"end":{"line":134,"column":33}},"41":{"start":{"line":136,"column":6},"end":{"line":136,"column":28}},"42":{"start":{"line":139,"column":4},"end":{"line":143,"column":5}},"43":{"start":{"line":140,"column":6},"end":{"line":140,"column":33}},"44":{"start":{"line":142,"column":6},"end":{"line":142,"column":28}},"45":{"start":{"line":153,"column":4},"end":{"line":153,"column":26}},"46":{"start":{"line":154,"column":4},"end":{"line":154,"column":26}},"47":{"start":{"line":163,"column":4},"end":{"line":163,"column":27}},"48":{"start":{"line":163,"column":20},"end":{"line":163,"column":27}},"49":{"start":{"line":165,"column":20},"end":{"line":165,"column":29}},"50":{"start":{"line":166,"column":4},"end":{"line":166,"column":29}},"51":{"start":{"line":167,"column":4},"end":{"line":167,"column":35}},"52":{"start":{"line":168,"column":4},"end":{"line":168,"column":80}},"53":{"start":{"line":177,"column":17},"end":{"line":177,"column":62}},"54":{"start":{"line":179,"column":4},"end":{"line":181,"column":5}},"55":{"start":{"line":180,"column":6},"end":{"line":180,"column":23}},"56":{"start":{"line":184,"column":4},"end":{"line":189,"column":5}},"57":{"start":{"line":185,"column":6},"end":{"line":185,"column":28}},"58":{"start":{"line":186,"column":6},"end":{"line":186,"column":29}},"59":{"start":{"line":187,"column":6},"end":{"line":187,"column":55}},"60":{"start":{"line":188,"column":6},"end":{"line":188,"column":23}},"61":{"start":{"line":192,"column":4},"end":{"line":192,"column":27}},"62":{"start":{"line":194,"column":4},"end":{"line":194,"column":42}},"63":{"start":{"line":195,"column":4},"end":{"line":195,"column":22}},"64":{"start":{"line":213,"column":4},"end":{"line":221,"column":5}},"65":{"start":{"line":214,"column":27},"end":{"line":214,"column":47}},"66":{"start":{"line":215,"column":6},"end":{"line":215,"column":36}},"67":{"start":{"line":216,"column":6},"end":{"line":216,"column":29}},"68":{"start":{"line":219,"column":9},"end":{"line":221,"column":5}},"69":{"start":{"line":220,"column":6},"end":{"line":220,"column":23}},"70":{"start":{"line":223,"column":16},"end":{"line":223,"column":26}},"71":{"start":{"line":224,"column":33},"end":{"line":230,"column":6}},"72":{"start":{"line":233,"column":17},"end":{"line":233,"column":40}},"73":{"start":{"line":234,"column":4},"end":{"line":234,"column":26}},"74":{"start":{"line":235,"column":4},"end":{"line":235,"column":30}},"75":{"start":{"line":237,"column":4},"end":{"line":237,"column":56}},"76":{"start":{"line":238,"column":4},"end":{"line":238,"column":17}},"77":{"start":{"line":247,"column":17},"end":{"line":247,"column":36}},"78":{"start":{"line":248,"column":4},"end":{"line":250,"column":5}},"79":{"start":{"line":249,"column":6},"end":{"line":249,"column":19}},"80":{"start":{"line":252,"column":4},"end":{"line":252,"column":26}},"81":{"start":{"line":253,"column":19},"end":{"line":253,"column":41}},"82":{"start":{"line":255,"column":4},"end":{"line":257,"column":5}},"83":{"start":{"line":256,"column":6},"end":{"line":256,"column":47}},"84":{"start":{"line":259,"column":4},"end":{"line":259,"column":18}},"85":{"start":{"line":266,"column":17},"end":{"line":266,"column":32}},"86":{"start":{"line":267,"column":4},"end":{"line":267,"column":23}},"87":{"start":{"line":268,"column":4},"end":{"line":268,"column":21}},"88":{"start":{"line":269,"column":4},"end":{"line":269,"column":21}},"89":{"start":{"line":270,"column":4},"end":{"line":270,"column":63}},"90":{"start":{"line":277,"column":4},"end":{"line":277,"column":27}},"91":{"start":{"line":286,"column":16},"end":{"line":286,"column":17}},"92":{"start":{"line":287,"column":18},"end":{"line":287,"column":75}},"93":{"start":{"line":288,"column":35},"end":{"line":288,"column":37}},"94":{"start":{"line":291,"column":4},"end":{"line":295,"column":5}},"95":{"start":{"line":292,"column":6},"end":{"line":294,"column":7}},"96":{"start":{"line":293,"column":8},"end":{"line":293,"column":31}},"97":{"start":{"line":298,"column":4},"end":{"line":303,"column":5}},"98":{"start":{"line":299,"column":19},"end":{"line":299,"column":39}},"99":{"start":{"line":300,"column":6},"end":{"line":300,"column":28}},"100":{"start":{"line":301,"column":6},"end":{"line":301,"column":29}},"101":{"start":{"line":302,"column":6},"end":{"line":302,"column":14}},"102":{"start":{"line":305,"column":4},"end":{"line":307,"column":5}},"103":{"start":{"line":306,"column":6},"end":{"line":306,"column":90}},"104":{"start":{"line":309,"column":4},"end":{"line":309,"column":17}},"105":{"start":{"line":318,"column":4},"end":{"line":322,"column":5}},"106":{"start":{"line":319,"column":6},"end":{"line":319,"column":42}},"107":{"start":{"line":320,"column":6},"end":{"line":320,"column":34}},"108":{"start":{"line":321,"column":6},"end":{"line":321,"column":65}},"109":{"start":{"line":33,"column":0},"end":{"line":33,"column":13}}},"fnMap":{"0":{"name":"(anonymous_1)","decl":{"start":{"line":20,"column":2},"end":{"line":20,"column":14}},"loc":{"start":{"line":20,"column":47},"end":{"line":23,"column":3}}},"1":{"name":"(anonymous_2)","decl":{"start":{"line":45,"column":2},"end":{"line":45,"column":14}},"loc":{"start":{"line":45,"column":36},"end":{"line":50,"column":3}}},"2":{"name":"(anonymous_3)","decl":{"start":{"line":58,"column":10},"end":{"line":58,"column":30}},"loc":{"start":{"line":58,"column":30},"end":{"line":71,"column":3}}},"3":{"name":"(anonymous_4)","decl":{"start":{"line":63,"column":39},"end":{"line":63,"column":42}},"loc":{"start":{"line":63,"column":44},"end":{"line":65,"column":5}}},"4":{"name":"(anonymous_5)","decl":{"start":{"line":78,"column":10},"end":{"line":78,"column":30}},"loc":{"start":{"line":78,"column":30},"end":{"line":101,"column":3}}},"5":{"name":"(anonymous_6)","decl":{"start":{"line":108,"column":10},"end":{"line":108,"column":20}},"loc":{"start":{"line":108,"column":39},"end":{"line":124,"column":3}}},"6":{"name":"(anonymous_7)","decl":{"start":{"line":132,"column":10},"end":{"line":132,"column":20}},"loc":{"start":{"line":132,"column":39},"end":{"line":144,"column":3}}},"7":{"name":"(anonymous_8)","decl":{"start":{"line":152,"column":10},"end":{"line":152,"column":21}},"loc":{"start":{"line":152,"column":40},"end":{"line":155,"column":3}}},"8":{"name":"(anonymous_9)","decl":{"start":{"line":162,"column":10},"end":{"line":162,"column":19}},"loc":{"start":{"line":162,"column":19},"end":{"line":169,"column":3}}},"9":{"name":"(anonymous_10)","decl":{"start":{"line":176,"column":9},"end":{"line":176,"column":12}},"loc":{"start":{"line":176,"column":27},"end":{"line":196,"column":3}}},"10":{"name":"(anonymous_11)","decl":{"start":{"line":206,"column":9},"end":{"line":206,"column":12}},"loc":{"start":{"line":210,"column":48},"end":{"line":239,"column":3}}},"11":{"name":"(anonymous_12)","decl":{"start":{"line":246,"column":9},"end":{"line":246,"column":15}},"loc":{"start":{"line":246,"column":27},"end":{"line":260,"column":3}}},"12":{"name":"(anonymous_13)","decl":{"start":{"line":265,"column":9},"end":{"line":265,"column":14}},"loc":{"start":{"line":265,"column":14},"end":{"line":271,"column":3}}},"13":{"name":"(anonymous_14)","decl":{"start":{"line":276,"column":9},"end":{"line":276,"column":13}},"loc":{"start":{"line":276,"column":13},"end":{"line":278,"column":3}}},"14":{"name":"(anonymous_15)","decl":{"start":{"line":285,"column":9},"end":{"line":285,"column":19}},"loc":{"start":{"line":285,"column":44},"end":{"line":310,"column":3}}},"15":{"name":"(anonymous_16)","decl":{"start":{"line":317,"column":9},"end":{"line":317,"column":16}},"loc":{"start":{"line":317,"column":16},"end":{"line":323,"column":3}}}},"branchMap":{"0":{"loc":{"start":{"line":45,"column":14},"end":{"line":45,"column":36}},"type":"default-arg","locations":[{"start":{"line":45,"column":32},"end":{"line":45,"column":36}}]},"1":{"loc":{"start":{"line":59,"column":4},"end":{"line":61,"column":5}},"type":"if","locations":[{"start":{"line":59,"column":4},"end":{"line":61,"column":5}}]},"2":{"loc":{"start":{"line":68,"column":4},"end":{"line":70,"column":5}},"type":"if","locations":[{"start":{"line":68,"column":4},"end":{"line":70,"column":5}}]},"3":{"loc":{"start":{"line":87,"column":6},"end":{"line":91,"column":7}},"type":"if","locations":[{"start":{"line":87,"column":6},"end":{"line":91,"column":7}}]},"4":{"loc":{"start":{"line":96,"column":4},"end":{"line":98,"column":5}},"type":"if","locations":[{"start":{"line":96,"column":4},"end":{"line":98,"column":5}}]},"5":{"loc":{"start":{"line":113,"column":4},"end":{"line":115,"column":5}},"type":"if","locations":[{"start":{"line":113,"column":4},"end":{"line":115,"column":5}}]},"6":{"loc":{"start":{"line":121,"column":4},"end":{"line":123,"column":5}},"type":"if","locations":[{"start":{"line":121,"column":4},"end":{"line":123,"column":5}}]},"7":{"loc":{"start":{"line":133,"column":4},"end":{"line":137,"column":5}},"type":"if","locations":[{"start":{"line":133,"column":4},"end":{"line":137,"column":5}},{"start":{"line":135,"column":11},"end":{"line":137,"column":5}}]},"8":{"loc":{"start":{"line":139,"column":4},"end":{"line":143,"column":5}},"type":"if","locations":[{"start":{"line":139,"column":4},"end":{"line":143,"column":5}},{"start":{"line":141,"column":11},"end":{"line":143,"column":5}}]},"9":{"loc":{"start":{"line":163,"column":4},"end":{"line":163,"column":27}},"type":"if","locations":[{"start":{"line":163,"column":4},"end":{"line":163,"column":27}}]},"10":{"loc":{"start":{"line":179,"column":4},"end":{"line":181,"column":5}},"type":"if","locations":[{"start":{"line":179,"column":4},"end":{"line":181,"column":5}}]},"11":{"loc":{"start":{"line":184,"column":4},"end":{"line":189,"column":5}},"type":"if","locations":[{"start":{"line":184,"column":4},"end":{"line":189,"column":5}}]},"12":{"loc":{"start":{"line":213,"column":4},"end":{"line":221,"column":5}},"type":"if","locations":[{"start":{"line":213,"column":4},"end":{"line":221,"column":5}},{"start":{"line":219,"column":9},"end":{"line":221,"column":5}}]},"13":{"loc":{"start":{"line":219,"column":9},"end":{"line":221,"column":5}},"type":"if","locations":[{"start":{"line":219,"column":9},"end":{"line":221,"column":5}}]},"14":{"loc":{"start":{"line":248,"column":4},"end":{"line":250,"column":5}},"type":"if","locations":[{"start":{"line":248,"column":4},"end":{"line":250,"column":5}}]},"15":{"loc":{"start":{"line":255,"column":4},"end":{"line":257,"column":5}},"type":"if","locations":[{"start":{"line":255,"column":4},"end":{"line":257,"column":5}}]},"16":{"loc":{"start":{"line":287,"column":18},"end":{"line":287,"column":75}},"type":"cond-expr","locations":[{"start":{"line":287,"column":46},"end":{"line":287,"column":53}},{"start":{"line":287,"column":56},"end":{"line":287,"column":75}}]},"17":{"loc":{"start":{"line":292,"column":6},"end":{"line":294,"column":7}},"type":"if","locations":[{"start":{"line":292,"column":6},"end":{"line":294,"column":7}}]},"18":{"loc":{"start":{"line":305,"column":4},"end":{"line":307,"column":5}},"type":"if","locations":[{"start":{"line":305,"column":4},"end":{"line":307,"column":5}}]},"19":{"loc":{"start":{"line":318,"column":4},"end":{"line":322,"column":5}},"type":"if","locations":[{"start":{"line":318,"column":4},"end":{"line":322,"column":5}}]}},"s":{"0":10,"1":0,"2":0,"3":0,"4":0,"5":0,"6":0,"7":0,"8":0,"9":0,"10":0,"11":0,"12":0,"13":0,"14":0,"15":0,"16":0,"17":0,"18":0,"19":0,"20":0,"21":0,"22":0,"23":0,"24":0,"25":0,"26":0,"27":0,"28":0,"29":0,"30":0,"31":0,"32":0,"33":0,"34":0,"35":0,"36":0,"37":0,"38":0,"39":0,"40":0,"41":0,"42":0,"43":0,"44":0,"45":0,"46":0,"47":0,"48":0,"49":0,"50":0,"51":0,"52":0,"53":0,"54":0,"55":0,"56":0,"57":0,"58":0,"59":0,"60":0,"61":0,"62":0,"63":0,"64":0,"65":0,"66":0,"67":0,"68":0,"69":0,"70":0,"71":0,"72":0,"73":0,"74":0,"
[...]
umn":25},"end":{"line":89,"column":81}},"type":"cond-expr","locations":[{"start":{"line":89,"column":50},"end":{"line":89,"column":63}},{"start":{"line":89,"column":66},"end":{"line":89,"column":81}}]},"3":{"loc":{"start":{"line":141,"column":4},"end":{"line":171,"column":5}},"type":"if","locations":[{"start":{"line":141,"column":4},"end":{"line":171,"column":5}}]},"4":{"loc":{"start":{"line":142,"column":24},"end":{"line":142,"column":64}},"type":"cond-expr","locations":[{"start":{"line":142,"column":37},"end":{"line":142,"column":59}},{"start":{"line":142,"column":62},"end":{"line":142,"column":64}}]},"5":{"loc":{"start":{"line":179,"column":6},"end":{"line":179,"column":63}},"type":"cond-expr","locations":[{"start":{"line":179,"column":31},"end":{"line":179,"column":36}},{"start":{"line":179,"column":39},"end":{"line":179,"column":63}}]},"6":{"loc":{"start":{"line":205,"column":20},"end":{"line":205,"column":58}},"type":"cond-expr","locations":[{"start":{"line":205,"column":33},"end":{"line":205,"column":53}},{"start":{"line":205,"column":56},"end":{"line":205,"column":58}}]},"7":{"loc":{"start":{"line":210,"column":2},"end":{"line":363,"column":3}},"type":"if","locations":[{"start":{"line":210,"column":2},"end":{"line":363,"column":3}},{"start":{"line":254,"column":9},"end":{"line":363,"column":3}}]},"8":{"loc":{"start":{"line":219,"column":4},"end":{"line":239,"column":5}},"type":"if","locations":[{"start":{"line":219,"column":4},"end":{"line":239,"column":5}}]},"9":{"loc":{"start":{"line":219,"column":8},"end":{"line":219,"column":46}},"type":"binary-expr","locations":[{"start":{"line":219,"column":8},"end":{"line":219,"column":32}},{"start":{"line":219,"column":36},"end":{"line":219,"column":46}}]},"10":{"loc":{"start":{"line":254,"column":9},"end":{"line":363,"column":3}},"type":"if","locations":[{"start":{"line":254,"column":9},"end":{"line":363,"column":3}},{"start":{"line":277,"column":9},"end":{"line":363,"column":3}}]},"11":{"loc":{"start":{"line":277,"column":9},"end":{"line":363,"column":3}},"type":"if","locations":[{"start":{"line":277,"column":9},"end":{"line":363,"column":3}},{"start":{"line":309,"column":9},"end":{"line":363,"column":3}}]},"12":{"loc":{"start":{"line":277,"column":13},"end":{"line":277,"column":86}},"type":"binary-expr","locations":[{"start":{"line":277,"column":13},"end":{"line":277,"column":49}},{"start":{"line":277,"column":53},"end":{"line":277,"column":86}}]},"13":{"loc":{"start":{"line":309,"column":9},"end":{"line":363,"column":3}},"type":"if","locations":[{"start":{"line":309,"column":9},"end":{"line":363,"column":3}},{"start":{"line":333,"column":9},"end":{"line":363,"column":3}}]}},"s":{"0":8,"1":8,"2":8,"3":8,"4":8,"5":8,"6":8,"7":8,"8":32,"9":32,"10":30,"11":8,"12":8,"13":6,"14":6,"15":6,"16":6,"17":2,"18":1,"19":1,"20":1,"21":1,"22":1,"23":1,"24":1,"25":10,"26":10,"27":5,"28":5,"29":4,"30":4,"31":4,"32":4,"33":4,"34":1,"35":1,"36":19,"37":19,"38":19,"39":10,"40":10,"41":2,"42":2,"43":2,"44":8,"45":8,"46":9,"47":2,"48":2,"49":2,"50":2,"51":7,"52":3,"53":3,"54":3,"55":3,"56":4,"57":2,"58":2,"59":2,"60":2,"61":2,"62":2,"63":2,"64":2},"f":{"0":32,"1":10,"2":19},"b":{"0":[6],"1":[1],"2":[1,0],"3":[4],"4":[2,2],"5":[1,0],"6":[16,3],"7":[10,9],"8":[2],"9":[10,3],"10":[2,7],"11":[3,4],"12":[7,5],"13":[2,2]}}
,"/home/luis/Development/oss/maas-mcp-server/src/mcp_tools/schemas/common.ts": {"path":"/home/luis/Development/oss/maas-mcp-server/src/mcp_tools/schemas/common.ts","statementMap":{"0":{"start":{"line":1,"column":0},"end":{"line":1,"column":24}},"1":{"start":{"line":4,"column":13},"end":{"line":6,"column":74}},"2":{"start":{"line":9,"column":13},"end":{"line":9,"column":80}},"3":{"start":{"line":11,"column":13},"end":{"line":16,"column":38}},"4":{"start":{"line":19,"column":13},"end":{"line":19,"column":76}},"5":{"start":{"line":22,"column":13},"end":{"line":22,"column":70}},"6":{"start":{"line":23,"column":13},"end":{"line":23,"column":75}},"7":{"start":{"line":26,"column":13},"end":{"line":26,"column":88}},"8":{"start":{"line":27,"column":13},"end":{"line":27,"column":94}},"9":{"start":{"line":30,"column":13},"end":{"line":33,"column":14}}},"fnMap":{},"branchMap":{},"s":{"0":5,"1":5,"2":5,"3":5,"4":5,"5":5,"6":5,"7":5,"8":5,"9":5},"f":{},"b":{}}
,"/home/luis/Development/oss/maas-mcp-server/src/mcp_tools/schemas/createTagSchema.ts": {"path":"/home/luis/Development/oss/maas-mcp-server/src/mcp_tools/schemas/createTagSchema.ts","statementMap":{"0":{"start":{"line":1,"column":0},"end":{"line":1,"column":24}},"1":{"start":{"line":2,"column":0},"end":{"line":2,"column":41}},"2":{"start":{"line":8,"column":13},"end":{"line":22,"column":79}}},"fnMap":{},"branchMap":{},"s":{"0":5,"1":5,"2":5},"f":{},"b":{}}
,"/home/luis/Development/oss/maas-mcp-server/src/mcp_tools/schemas/listMachinesSchema.ts": {"path":"/home/luis/Development/oss/maas-mcp-server/src/mcp_tools/schemas/listMachinesSchema.ts","statementMap":{"0":{"start":{"line":1,"column":0},"end":{"line":1,"column":24}},"1":{"start":{"line":2,"column":0},"end":{"line":2,"column":41}},"2":{"start":{"line":8,"column":13},"end":{"line":40,"column":73}}},"fnMap":{},"branchMap":{},"s":{"0":5,"1":5,"2":5},"f":{},"b":{}}
,"/home/luis/Development/oss/maas-mcp-server/src/mcp_tools/schemas/tagSchema.ts": {"path":"/home/luis/Development/oss/maas-mcp-server/src/mcp_tools/schemas/tagSchema.ts","statementMap":{"0":{"start":{"line":1,"column":0},"end":{"line":1,"column":24}},"1":{"start":{"line":2,"column":0},"end":{"line":2,"column":41}},"2":{"start":{"line":8,"column":13},"end":{"line":15,"column":81}}},"fnMap":{},"branchMap":{},"s":{"0":5,"1":5,"2":5},"f":{},"b":{}}
,"/home/luis/Development/oss/maas-mcp-server/src/types/index.ts": {"path":"/home/luis/Development/oss/maas-mcp-server/src/types/index.ts","statementMap":{"0":{"start":{"line":10,"column":0},"end":{"line":10,"column":null}},"1":{"start":{"line":11,"column":2},"end":{"line":11,"column":null}},"2":{"start":{"line":12,"column":2},"end":{"line":12,"column":null}},"3":{"start":{"line":20,"column":0},"end":{"line":20,"column":null}},"4":{"start":{"line":21,"column":2},"end":{"line":21,"column":null}},"5":{"start":{"line":28,"column":0},"end":{"line":28,"column":80}},"6":{"start":{"line":29,"column":0},"end":{"line":29,"column":74}},"7":{"start":{"line":34,"column":13},"end":{"line":34,"column":59}},"8":{"start":{"line":35,"column":13},"end":{"line":35,"column":53}},"9":{"start":{"line":42,"column":0},"end":{"line":42,"column":null}},"10":{"start":{"line":43,"column":2},"end":{"line":43,"column":null}}},"fnMap":{"0":{"name":"(anonymous_0)","decl":{"start":{"line":11,"column":2},"end":{"line":11,"column":19}},"loc":{"start":{"line":11,"column":2},"end":{"line":11,"column":null}}},"1":{"name":"(anonymous_1)","decl":{"start":{"line":12,"column":2},"end":{"line":12,"column":24}},"loc":{"start":{"line":12,"column":2},"end":{"line":12,"column":null}}},"2":{"name":"(anonymous_2)","decl":{"start":{"line":21,"column":2},"end":{"line":21,"column":15}},"loc":{"start":{"line":21,"column":2},"end":{"line":21,"column":null}}},"3":{"name":"(anonymous_3)","decl":{"start":{"line":43,"column":2},"end":{"line":43,"column":14}},"loc":{"start":{"line":43,"column":2},"end":{"line":43,"column":null}}}},"branchMap":{},"s":{"0":5,"1":5,"2":5,"3":5,"4":5,"5":5,"6":5,"7":5,"8":5,"9":5,"10":5},"f":{"0":0,"1":0,"2":0,"3":0},"b":{}}
,"/home/luis/Development/oss/maas-mcp-server/src/types/maas.ts": {"path":"/home/luis/Development/oss/maas-mcp-server/src/types/maas.ts","statementMap":{"0":{"start":{"line":84,"column":4},"end":{"line":84,"column":19}},"1":{"start":{"line":85,"column":4},"end":{"line":85,"column":31}},"2":{"start":{"line":86,"column":4},"end":{"line":86,"column":33}},"3":{"start":{"line":87,"column":4},"end":{"line":87,"column":39}},"4":{"start":{"line":88,"column":4},"end":{"line":88,"column":27}},"5":{"start":{"line":91,"column":4},"end":{"line":95,"column":5}},"6":{"start":{"line":92,"column":6},"end":{"line":92,"column":58}},"7":{"start":{"line":94,"column":7},"end":{"line":94,"column":55}},"8":{"start":{"line":53,"column":0},"end":{"line":53,"column":13}}},"fnMap":{"0":{"name":"(anonymous_0)","decl":{"start":{"line":78,"column":2},"end":{"line":78,"column":null}},"loc":{"start":{"line":82,"column":17},"end":{"line":96,"column":3}}}},"branchMap":{"0":{"loc":{"start":{"line":91,"column":4},"end":{"line":95,"column":5}},"type":"if","locations":[{"start":{"line":91,"column":4},"end":{"line":95,"column":5}},{"start":{"line":93,"column":11},"end":{"line":95,"column":5}}]}},"s":{"0":114,"1":114,"2":114,"3":114,"4":114,"5":114,"6":114,"7":0,"8":13},"f":{"0":114},"b":{"0":[114,0]}}
,"/home/luis/Development/oss/maas-mcp-server/src/utils/auditLogger.ts": {"path":"/home/luis/Development/oss/maas-mcp-server/src/utils/auditLogger.ts","statementMap":{"0":{"start":{"line":90,"column":0},"end":{"line":90,"column":16}},"1":{"start":{"line":104,"column":0},"end":{"line":104,"column":16}},"2":{"start":{"line":185,"column":0},"end":{"line":185,"column":16}},"3":{"start":{"line":222,"column":0},"end":{"line":222,"column":16}},"4":{"start":{"line":260,"column":0},"end":{"line":260,"column":16}},"5":{"start":{"line":300,"column":0},"end":{"line":300,"column":16}},"6":{"start":{"line":336,"column":0},"end":{"line":336,"column":16}},"7":{"start":{"line":7,"column":0},"end":{"line":7,"column":33}},"8":{"start":{"line":11,"column":20},"end":{"line":15,"column":2}},"9":{"start":{"line":20,"column":0},"end":{"line":20,"column":null}},"10":{"start":{"line":21,"column":2},"end":{"line":21,"column":null}},"11":{"start":{"line":22,"column":2},"end":{"line":22,"column":null}},"12":{"start":{"line":23,"column":2},"end":{"line":23,"column":null}},"13":{"start":{"line":29,"column":0},"end":{"line":29,"column":null}},"14":{"start":{"line":30,"column":2},"end":{"line":30,"column":null}},"15":{"start":{"line":31,"column":2},"end":{"line":31,"column":null}},"16":{"start":{"line":32,"column":2},"end":{"line":32,"column":null}},"17":{"start":{"line":33,"column":2},"end":{"line":33,"column":null}},"18":{"start":{"line":34,"column":2},"end":{"line":34,"column":null}},"19":{"start":{"line":35,"column":2},"end":{"line":35,"column":null}},"20":{"start":{"line":36,"column":2},"end":{"line":36,"column":null}},"21":{"start":{"line":75,"column":48},"end":{"line":80,"column":2}},"22":{"start":{"line":83,"column":39},"end":{"line":83,"column":68}},"23":{"start":{"line":91,"column":2},"end":{"line":94,"column":4}},"24":{"start":{"line":96,"column":2},"end":{"line":96,"column":61}},"25":{"start":{"line":105,"column":2},"end":{"line":105,"column":32}},"26":{"start":{"line":116,"column":2},"end":{"line":118,"column":3}},"27":{"start":{"line":117,"column":4},"end":{"line":117,"column":15}},"28":{"start":{"line":120,"column":17},"end":{"line":120,"column":59}},"29":{"start":{"line":122,"column":2},"end":{"line":128,"column":3}},"30":{"start":{"line":123,"column":4},"end":{"line":127,"column":5}},"31":{"start":{"line":123,"column":38},"end":{"line":123,"column":85}},"32":{"start":{"line":124,"column":6},"end":{"line":124,"column":31}},"33":{"start":{"line":125,"column":11},"end":{"line":127,"column":5}},"34":{"start":{"line":126,"column":6},"end":{"line":126,"column":68}},"35":{"start":{"line":130,"column":2},"end":{"line":130,"column":16}},"36":{"start":{"line":140,"column":2},"end":{"line":142,"column":3}},"37":{"start":{"line":141,"column":4},"end":{"line":141,"column":21}},"38":{"start":{"line":144,"column":2},"end":{"line":146,"column":3}},"39":{"start":{"line":145,"column":4},"end":{"line":145,"column":17}},"40":{"start":{"line":148,"column":2},"end":{"line":150,"column":3}},"41":{"start":{"line":149,"column":4},"end":{"line":149,"column":36}},"42":{"start":{"line":152,"column":2},"end":{"line":152,"column":15}},"43":{"start":{"line":163,"column":19},"end":{"line":167,"column":4}},"44":{"start":{"line":170,"column":2},"end":{"line":170,"column":161}},"45":{"start":{"line":195,"column":2},"end":{"line":207,"column":5}},"46":{"start":{"line":232,"column":2},"end":{"line":244,"column":5}},"47":{"start":{"line":271,"column":2},"end":{"line":284,"column":5}},"48":{"start":{"line":311,"column":2},"end":{"line":324,"column":5}},"49":{"start":{"line":343,"column":2},"end":{"line":352,"column":5}},"50":{"start":{"line":355,"column":0},"end":{"line":363,"column":2}}},"fnMap":{"0":{"name":"(anonymous_1)","decl":{"start":{"line":20,"column":0},"end":{"line":20,"column":12}},"loc":{"start":{"line":20,"column":25},"end":{"line":24,"column":1}}},"1":{"name":"(anonymous_2)","decl":{"start":{"line":29,"column":0},"end":{"line":29,"column":12}},"loc":{"start":{"line":29,"column":26},"end":{"line":37,"column":1}}},"2":{"name":"setAuditLogOptions","decl":{"start":{"line":90,"column":16},"end":{"line":90,"column":34}},"loc":{"start":{"line":90,"column":68},"end":{"line":97,"column":1}}},"3":{"name":"getAuditLogOptions","decl":{"start":{"line":104,"column":16},"end":{"line":104,"column":34}},"loc":{"start":{"line":104,"column":34},"end":{"line":106,"column":1}}},"4":{"name":"maskSensitiveData","decl":{"start":{"line":115,"column":9},"end":{"line":115,"column":26}},"loc":{"start":{"line":115,"column":96},"end":{"line":131,"column":1}}},"5":{"name":"(anonymous_6)","decl":{"start":{"line":123,"column":29},"end":{"line":123,"column":34}},"loc":{"start":{"line":123,"column":38},"end":{"line":123,"column":85}}},"6":{"name":"prepareResourceState","decl":{"start":{"line":139,"column":9},"end":{"line":139,"column":29}},"loc":{"start":{"line":139,"column":40},"end":{"line":153,"column":1}}},"7":{"name":"logAuditEvent","decl":{"start":{"line":161,"column":9},"end":{"line":161,"column":22}},"loc":{"start":{"line":161,"column":65},"end":{"line":171,"column":1}}},"8":{"name":"logResourceAccess","decl":{"start":{"line":185,"column":16},"end":{"line":185,"column":33}},"loc":{"start":{"line":193,"column":21},"end":{"line":208,"column":1}}},"9":{"name":"logResourceAccessFailure","decl":{"start":{"line":222,"column":16},"end":{"line":222,"column":40}},"loc":{"start":{"line":230,"column":31},"end":{"line":245,"column":1}}},"10":{"name":"logResourceModification","decl":{"start":{"line":260,"column":16},"end":{"line":260,"column":39}},"loc":{"start":{"line":269,"column":31},"end":{"line":285,"column":1}}},"11":{"name":"logResourceModificationFailure","decl":{"start":{"line":300,"column":16},"end":{"line":300,"column":46}},"loc":{"start":{"line":309,"column":31},"end":{"line":325,"column":1}}},"12":{"name":"logCacheOperation","decl":{"start":{"line":336,"column":16},"end":{"line":336,"column":33}},"loc":{"start":{"line":341,"column":31},"end":{"line":353,"column":1}}}},"branchMap":{"0":{"loc":{"start":{"line":20,"column":12},"end":{"line":20,"column":null}},"type":"binary-expr","locations":[{"start":{"line":20,"column":12},"end":{"line":20,"column":25}},{"start":{"line":20,"column":25},"end":{"line":20,"column":null}}]},"1":{"loc":{"start":{"line":29,"column":12},"end":{"line":29,"column":null}},"type":"binary-expr","locations":[{"start":{"line":29,"column":12},"end":{"line":29,"column":26}},{"start":{"line":29,"column":26},"end":{"line":29,"column":null}}]},"2":{"loc":{"start":{"line":115,"column":37},"end":{"line":115,"column":96}},"type":"default-arg","locations":[{"start":{"line":115,"column":65},"end":{"line":115,"column":96}}]},"3":{"loc":{"start":{"line":116,"column":2},"end":{"line":118,"column":3}},"type":"if","locations":[{"start":{"line":116,"column":2},"end":{"line":118,"column":3}}]},"4":{"loc":{"start":{"line":116,"column":6},"end":{"line":116,"column":37}},"type":"binary-expr","locations":[{"start":{"line":116,"column":6},"end":{"line":116,"column":10}},{"start":{"line":116,"column":14},"end":{"line":116,"column":37}}]},"5":{"loc":{"start":{"line":120,"column":17},"end":{"line":120,"column":59}},"type":"cond-expr","locations":[{"start":{"line":120,"column":38},"end":{"line":120,"column":46}},{"start":{"line":120,"column":49},"end":{"line":120,"column":59}}]},"6":{"loc":{"start":{"line":123,"column":4},"end":{"line":127,"column":5}},"type":"if","locations":[{"start":{"line":123,"column":4},"end":{"line":127,"column":5}},{"start":{"line":125,"column":11},"end":{"line":127,"column":5}}]},"7":{"loc":{"start":{"line":125,"column":11},"end":{"line":127,"column":5}},"type":"if","locations":[{"start":{"line":125,"column":11},"end":{"line":127,"column":5}}]},"8":{"loc":{"start":{"line":140,"column":2},"end":{"line":142,"column":3}},"type":"if","locations":[{"start":{"line":140,"column":2},"end":{"line":142,"column":3}}]},"9":{"loc":{"start":{"line":144,"column":2},"end":{"line":146,"column":3}},"type":"if","locations":[{"start":{"line":144,"column":2},"end":{"line":146,"column":3}}]},"10":{"loc":{"start":{"line":148,"column":2},"end":{"line":150,"column":3}},"type":"if","locations":[{"start":{"line":148,"column":2},"end":{"line":150,"column":3}}]},"11":{"loc":{"start":{"line":170,"column":91},"end":{"line":170,"column":139}},"type":"cond-expr","locations":[{"start":{"line":170,"column":110},"end":{"line":170,"column":134}},{"start":{"line":170,"column":137},"end":{"line":170,"column":139}}]},"12":{"loc":{"start":{"line":243,"column":18},"end":{"line":243,"column":97}},"type":"cond-expr","locations":[{"start":{"line":243,"column":43},"end":{"line":243,"column":89}},{"start":{"line":243,"column":92},"end":{"line":243,"column":97}}]},"13":{"loc":{"start":{"line":323,"column":18},"end":{"line":323,"column":97}},"type":"cond-expr","locations":[{"start":{"line":323,"column":43},"end":{"line":323,"column":89}},{"start":{"line":323,"column":92},"end":{"line":323,"column":97}}]}},"s":{"0":6,"1":6,"2":6,"3":6,"4":6,"5":6,"6":6,"7":6,"8":6,"9":6,"10":6,"11":6,"12":6,"13":6,"14":6,"15":6,"16":6,"17":6,"18":6,"19":6,"20":6,"21":6,"22":6,"23":0,"24":0,"25":0,"26":0,"27":0,"28":0,"29":0,"30":0,"31":0,"32":0,"33":0,"34":0,"35":0,"36":216,"37":216,"38":0,"39":0,"40":0,"41":0,"42":0,"43":108,"44":108,"45":33,"46":39,"47":0,"48":0,"49":36,"50":6},"f":{"0":6,"1":6,"2":0,"3":0,"4":0,"5":0,"6":216,"7":108,"8":33,"9":39,"10":0,"11":0,"12":36},"b":{"0":[6,6],"1":[6,6],"2":[0],"3":[0],"4":[0,0],"5":[0,0],"6":[0,0],"7":[0],"8":[216],"9":[0],"10":[0],"11":[70,38],"12":[39,0],"13":[0,0]}}
,"/home/luis/Development/oss/maas-mcp-server/src/utils/logger.ts": {"path":"/home/luis/Development/oss/maas-mcp-server/src/utils/logger.ts","statementMap":{"0":{"start":{"line":1,"column":0},"end":{"line":1,"column":24}},"1":{"start":{"line":2,"column":0},"end":{"line":2,"column":34}},"2":{"start":{"line":5,"column":33},"end":{"line":7,"column":1}},"3":{"start":{"line":6,"column":2},"end":{"line":6,"column":75}},"4":{"start":{"line":5,"column":13},"end":{"line":5,"column":33}},"5":{"start":{"line":10,"column":15},"end":{"line":16,"column":2}},"6":{"start":{"line":19,"column":35},"end":{"line":25,"column":1}},"7":{"start":{"line":20,"column":2},"end":{"line":24,"column":5}},"8":{"start":{"line":19,"column":13},"end":{"line":19,"column":35}},"9":{"start":{"line":27,"column":0},"end":{"line":27,"column":22}}},"fnMap":{"0":{"name":"(anonymous_1)","decl":{"start":{"line":5,"column":33},"end":{"line":5,"column":36}},"loc":{"start":{"line":5,"column":38},"end":{"line":7,"column":1}}},"1":{"name":"(anonymous_2)","decl":{"start":{"line":19,"column":35},"end":{"line":19,"column":36}},"loc":{"start":{"line":19,"column":88},"end":{"line":25,"column":1}}}},"branchMap":{"0":{"loc":{"start":{"line":12,"column":13},"end":{"line":14,"column":15}},"type":"cond-expr","locations":[{"start":{"line":13,"column":6},"end":{"line":13,"column":31}},{"start":{"line":14,"column":6},"end":{"line":14,"column":15}}]},"1":{"loc":{"start":{"line":23,"column":12},"end":{"line":23,"column":73}},"type":"cond-expr","locations":[{"start":{"line":23,"column":21},"end":{"line":23,"column":61}},{"start":{"line":23,"column":64},"end":{"line":23,"column":73}}]}},"s":{"0":6,"1":6,"2":6,"3":42,"4":6,"5":6,"6":6,"7":0,"8":6,"9":6},"f":{"0":42,"1":0},"b":{"0":[0,6],"1":[0,0]}}
}
