TN:
SF:src/mcp_resources/BaseResourceHandler.ts
FN:49,(anonymous_1)
FN:93,(anonymous_2)
FN:109,(anonymous_3)
FN:316,(anonymous_4)
FN:343,(anonymous_5)
FN:358,(anonymous_6)
FN:383,(anonymous_7)
FN:398,(anonymous_8)
FN:415,(anonymous_9)
FN:498,(anonymous_10)
FN:505,(anonymous_11)
FN:515,(anonymous_12)
FN:525,(anonymous_13)
FN:556,(anonymous_14)
FN:569,(anonymous_15)
FN:590,(anonymous_16)
FN:619,(anonymous_17)
FN:647,(anonymous_18)
FN:680,(anonymous_19)
FN:696,(anonymous_20)
FN:740,(anonymous_21)
FN:768,(anonymous_22)
FN:777,(anonymous_23)
FN:792,(anonymous_24)
FN:802,(anonymous_25)
FNF:25
FNH:19
FNDA:89,(anonymous_1)
FNDA:89,(anonymous_2)
FNDA:63,(anonymous_3)
FNDA:63,(anonymous_4)
FNDA:63,(anonymous_5)
FNDA:28,(anonymous_6)
FNDA:12,(anonymous_7)
FNDA:8,(anonymous_8)
FNDA:14,(anonymous_9)
FNDA:1,(anonymous_10)
FNDA:1,(anonymous_11)
FNDA:0,(anonymous_12)
FNDA:0,(anonymous_13)
FNDA:14,(anonymous_14)
FNDA:49,(anonymous_15)
FNDA:1,(anonymous_16)
FNDA:1,(anonymous_17)
FNDA:1,(anonymous_18)
FNDA:0,(anonymous_19)
FNDA:1,(anonymous_20)
FNDA:0,(anonymous_21)
FNDA:6,(anonymous_22)
FNDA:8,(anonymous_23)
FNDA:0,(anonymous_24)
FNDA:0,(anonymous_25)
DA:8,6
DA:9,6
DA:10,6
DA:11,6
DA:16,6
DA:17,6
DA:18,6
DA:23,6
DA:60,89
DA:61,89
DA:62,89
DA:63,89
DA:64,89
DA:65,89
DA:66,89
DA:67,89
DA:68,89
DA:71,89
DA:79,89
DA:81,89
DA:94,89
DA:115,63
DA:118,63
DA:119,63
DA:120,46
DA:121,46
DA:122,0
DA:123,0
DA:128,63
DA:130,63
DA:131,63
DA:133,63
DA:136,28
DA:139,28
DA:142,28
DA:143,28
DA:155,28
DA:157,28
DA:165,28
DA:166,28
DA:167,1
DA:170,1
DA:171,1
DA:180,1
DA:183,27
DA:186,27
DA:187,27
DA:197,27
DA:199,27
DA:202,18
DA:205,13
DA:206,5
DA:209,5
DA:210,5
DA:222,8
DA:225,8
DA:226,8
DA:240,13
DA:241,13
DA:248,13
DA:255,13
DA:258,13
DA:259,13
DA:270,13
DA:273,14
DA:274,14
DA:287,14
DA:291,49
DA:292,49
DA:305,49
DA:317,63
DA:346,63
DA:359,28
DA:360,28
DA:361,28
DA:384,12
DA:399,8
DA:400,8
DA:401,8
DA:417,14
DA:420,14
DA:423,14
DA:426,14
DA:427,14
DA:430,14
DA:433,14
DA:434,1
DA:435,1
DA:437,1
DA:438,1
DA:440,1
DA:441,0
DA:445,14
DA:448,14
DA:450,1
DA:455,14
DA:456,1
DA:459,1
DA:461,1
DA:463,1
DA:473,0
DA:478,13
DA:480,13
DA:505,1
DA:506,1
DA:507,0
DA:510,1
DA:511,0
DA:514,1
DA:515,0
DA:518,1
DA:520,1
DA:521,4
DA:523,4
DA:524,0
DA:525,0
DA:526,0
DA:527,4
DA:528,0
DA:530,4
DA:534,1
DA:535,1
DA:539,1
DA:540,1
DA:545,1
DA:558,14
DA:559,14
DA:571,49
DA:572,13
DA:576,36
DA:577,36
DA:578,36
DA:579,36
DA:591,1
DA:592,0
DA:596,1
DA:598,1
DA:599,1
DA:602,1
DA:603,1
DA:611,1
DA:620,1
DA:621,0
DA:625,1
DA:627,1
DA:628,1
DA:631,1
DA:632,1
DA:640,1
DA:648,1
DA:654,1
DA:656,1
DA:662,1
DA:663,1
DA:681,0
DA:688,6
DA:697,1
DA:699,1
DA:700,0
DA:701,0
DA:709,1
DA:716,1
DA:717,0
DA:718,0
DA:725,1
DA:732,6
DA:742,0
DA:749,0
DA:750,0
DA:751,0
DA:758,0
DA:769,6
DA:770,1
DA:777,5
DA:778,8
DA:793,0
DA:805,0
LF:177
LH:152
BRDA:120,0,0,46
BRDA:120,0,1,0
BRDA:122,1,0,0
BRDA:122,2,0,0
BRDA:122,2,1,0
BRDA:142,3,0,28
BRDA:155,4,0,28
BRDA:155,5,0,28
BRDA:155,5,1,28
BRDA:166,6,0,1
BRDA:167,7,0,1
BRDA:167,7,1,0
BRDA:170,8,0,1
BRDA:183,9,0,21
BRDA:183,9,1,6
BRDA:186,10,0,27
BRDA:205,11,0,5
BRDA:205,11,1,8
BRDA:209,12,0,5
BRDA:225,13,0,8
BRDA:240,14,0,13
BRDA:240,15,0,13
BRDA:240,15,1,13
BRDA:255,16,0,10
BRDA:255,16,1,3
BRDA:258,17,0,13
BRDA:273,18,0,14
BRDA:291,19,0,49
BRDA:347,20,0,63
BRDA:347,20,1,63
BRDA:348,21,0,63
BRDA:348,21,1,63
BRDA:359,22,0,22
BRDA:359,22,1,6
BRDA:360,23,0,22
BRDA:360,23,1,6
BRDA:399,24,0,8
BRDA:399,24,1,0
BRDA:400,25,0,8
BRDA:400,25,1,0
BRDA:415,26,0,0
BRDA:426,27,0,14
BRDA:426,28,0,14
BRDA:426,28,1,14
BRDA:433,29,0,1
BRDA:434,30,0,1
BRDA:437,31,0,1
BRDA:440,32,0,0
BRDA:448,33,0,1
BRDA:455,34,0,1
BRDA:461,35,0,1
BRDA:461,35,1,0
BRDA:478,36,0,10
BRDA:478,36,1,3
BRDA:506,37,0,0
BRDA:506,38,0,1
BRDA:506,38,1,1
BRDA:510,39,0,0
BRDA:514,40,0,0
BRDA:521,41,0,0
BRDA:521,42,0,4
BRDA:521,42,1,4
BRDA:523,43,0,0
BRDA:523,43,1,4
BRDA:527,44,0,0
BRDA:527,44,1,4
BRDA:540,45,0,0
BRDA:540,45,1,1
BRDA:558,46,0,11
BRDA:558,46,1,3
BRDA:571,47,0,13
BRDA:576,48,0,2
BRDA:576,48,1,34
BRDA:577,49,0,0
BRDA:577,49,1,36
BRDA:591,50,0,0
BRDA:591,51,0,1
BRDA:591,51,1,1
BRDA:602,52,0,1
BRDA:620,53,0,0
BRDA:620,54,0,1
BRDA:620,54,1,1
BRDA:620,54,2,1
BRDA:631,55,0,1
BRDA:662,56,0,1
BRDA:699,57,0,0
BRDA:699,58,0,1
BRDA:699,58,1,1
BRDA:716,59,0,0
BRDA:749,60,0,0
BRDA:769,61,0,1
BRF:91
BRH:68
end_of_record
TN:
SF:src/mcp_resources/tagsResource.ts
FN:56,registerTagsListResource
FN:60,(anonymous_2)
FN:74,(anonymous_3)
FN:162,registerTagDetailsResource
FN:166,(anonymous_5)
FN:337,registerTagMachinesResource
FN:341,(anonymous_7)
FNF:7
FNH:7
FNDA:40,registerTagsListResource
FNDA:8,(anonymous_2)
FNDA:5,(anonymous_3)
FNDA:40,registerTagDetailsResource
FNDA:11,(anonymous_5)
FNDA:40,registerTagMachinesResource
FNDA:12,(anonymous_7)
DA:1,1
DA:3,1
DA:11,1
DA:13,1
DA:14,1
DA:21,1
DA:32,1
DA:43,1
DA:56,1
DA:57,40
DA:61,8
DA:63,8
DA:65,8
DA:67,3
DA:68,1
DA:69,1
DA:73,2
DA:74,5
DA:75,1
DA:78,1
DA:81,1
DA:89,1
DA:90,1
DA:94,1
DA:101,0
DA:105,7
DA:107,2
DA:111,2
DA:112,5
DA:114,1
DA:115,1
DA:116,4
DA:118,1
DA:122,1
DA:128,3
DA:130,1
DA:131,1
DA:139,2
DA:142,2
DA:162,1
DA:163,40
DA:168,11
DA:169,11
DA:170,10
DA:172,10
DA:173,1
DA:174,1
DA:182,9
DA:183,1
DA:184,1
DA:191,8
DA:193,8
DA:195,8
DA:198,3
DA:199,1
DA:200,1
DA:208,2
DA:209,2
DA:210,1
DA:213,1
DA:216,1
DA:224,1
DA:225,1
DA:229,1
DA:236,0
DA:240,7
DA:242,3
DA:248,3
DA:249,2
DA:256,1
DA:257,4
DA:259,1
DA:260,1
DA:265,3
DA:267,1
DA:271,1
DA:277,2
DA:279,1
DA:280,1
DA:288,1
DA:291,1
DA:300,10
DA:301,1
DA:305,1
DA:313,9
DA:314,9
DA:317,0
DA:318,0
DA:319,0
DA:337,1
DA:338,40
DA:343,12
DA:344,12
DA:345,11
DA:347,11
DA:348,1
DA:349,1
DA:357,10
DA:358,1
DA:359,1
DA:366,9
DA:368,9
DA:370,9
DA:371,9
DA:374,6
DA:375,1
DA:376,1
DA:384,5
DA:389,8
DA:392,4
DA:393,1
DA:394,1
DA:401,3
DA:404,3
DA:407,3
DA:416,6
DA:418,2
DA:422,2
DA:423,4
DA:425,1
DA:426,1
DA:431,3
DA:433,1
DA:437,1
DA:443,2
DA:445,1
DA:446,1
DA:454,1
DA:457,1
DA:466,9
DA:467,1
DA:471,1
DA:479,8
DA:480,8
DA:483,0
DA:484,0
DA:485,0
LF:137
LH:129
BRDA:67,0,0,1
BRDA:89,1,0,1
BRDA:105,2,0,2
BRDA:105,2,1,5
BRDA:112,3,0,1
BRDA:112,3,1,4
BRDA:116,4,0,1
BRDA:116,4,1,3
BRDA:116,5,0,4
BRDA:116,5,1,3
BRDA:128,6,0,1
BRDA:128,6,1,2
BRDA:172,7,0,1
BRDA:172,8,0,10
BRDA:172,8,1,9
BRDA:182,9,0,1
BRDA:198,10,0,1
BRDA:224,11,0,1
BRDA:240,12,0,3
BRDA:240,12,1,4
BRDA:248,13,0,2
BRDA:257,14,0,1
BRDA:257,14,1,3
BRDA:265,15,0,1
BRDA:265,15,1,2
BRDA:265,16,0,3
BRDA:265,16,1,2
BRDA:277,17,0,1
BRDA:277,17,1,1
BRDA:300,18,0,1
BRDA:313,19,0,9
BRDA:317,20,0,0
BRDA:317,20,1,0
BRDA:347,21,0,1
BRDA:347,22,0,11
BRDA:347,22,1,10
BRDA:357,23,0,1
BRDA:374,24,0,1
BRDA:392,25,0,1
BRDA:416,26,0,2
BRDA:416,26,1,4
BRDA:423,27,0,1
BRDA:423,27,1,3
BRDA:431,28,0,1
BRDA:431,28,1,2
BRDA:431,29,0,3
BRDA:431,29,1,2
BRDA:443,30,0,1
BRDA:443,30,1,1
BRDA:466,31,0,1
BRDA:479,32,0,8
BRDA:483,33,0,0
BRDA:483,33,1,0
BRF:53
BRH:49
end_of_record
TN:
SF:src/mcp_resources/cache/cacheManager.ts
FN:31,(anonymous_1)
FN:56,(anonymous_2)
FN:77,(anonymous_3)
FN:124,(anonymous_4)
FN:147,(anonymous_5)
FN:176,(anonymous_6)
FN:186,(anonymous_7)
FN:193,(anonymous_8)
FN:202,(anonymous_9)
FN:217,(anonymous_10)
FN:232,(anonymous_11)
FN:241,(anonymous_12)
FN:249,(anonymous_13)
FN:257,(anonymous_14)
FN:265,(anonymous_15)
FN:274,(anonymous_16)
FN:283,(anonymous_17)
FNF:17
FNH:0
FNDA:0,(anonymous_1)
FNDA:0,(anonymous_2)
FNDA:0,(anonymous_3)
FNDA:0,(anonymous_4)
FNDA:0,(anonymous_5)
FNDA:0,(anonymous_6)
FNDA:0,(anonymous_7)
FNDA:0,(anonymous_8)
FNDA:0,(anonymous_9)
FNDA:0,(anonymous_10)
FNDA:0,(anonymous_11)
FNDA:0,(anonymous_12)
FNDA:0,(anonymous_13)
FNDA:0,(anonymous_14)
FNDA:0,(anonymous_15)
FNDA:0,(anonymous_16)
FNDA:0,(anonymous_17)
DA:6,4
DA:7,4
DA:8,4
DA:9,4
DA:18,4
DA:32,0
DA:33,0
DA:34,0
DA:37,0
DA:38,0
DA:39,0
DA:44,0
DA:45,0
DA:57,0
DA:58,0
DA:60,0
DA:84,0
DA:85,0
DA:89,0
DA:92,0
DA:93,0
DA:94,0
DA:98,0
DA:99,0
DA:102,0
DA:103,0
DA:104,0
DA:105,0
DA:106,0
DA:109,0
DA:112,0
DA:116,0
DA:125,0
DA:126,0
DA:129,0
DA:130,0
DA:153,0
DA:154,0
DA:158,0
DA:160,0
DA:161,0
DA:164,0
DA:165,0
DA:168,0
DA:177,0
DA:178,0
DA:180,0
DA:187,0
DA:194,0
DA:203,0
DA:204,0
DA:206,0
DA:218,0
DA:235,0
DA:242,0
DA:250,0
DA:251,0
DA:258,0
DA:266,0
DA:267,0
DA:275,0
DA:284,0
DA:285,0
LF:63
LH:5
BRDA:37,0,0,0
BRDA:37,0,1,0
BRDA:57,1,0,0
BRDA:84,2,0,0
BRDA:92,3,0,0
BRDA:92,3,1,0
BRDA:92,3,2,0
BRDA:93,4,0,0
BRDA:98,5,0,0
BRDA:98,6,0,0
BRDA:98,6,1,0
BRDA:102,7,0,0
BRDA:102,7,1,0
BRDA:102,8,0,0
BRDA:102,8,1,0
BRDA:105,9,0,0
BRDA:125,10,0,0
BRDA:153,11,0,0
BRDA:153,12,0,0
BRDA:153,12,1,0
BRDA:153,12,2,0
BRDA:160,13,0,0
BRDA:160,14,0,0
BRDA:160,14,1,0
BRDA:164,15,0,0
BRDA:177,16,0,0
BRDA:203,17,0,0
BRDA:251,18,0,0
BRDA:251,18,1,0
BRDA:275,19,0,0
BRDA:275,19,1,0
BRF:31
BRH:0
end_of_record
TN:
SF:src/mcp_resources/cache/index.ts
FN:10,(anonymous_4)
FN:11,(anonymous_5)
FN:14,(anonymous_6)
FNF:3
FNH:1
FNDA:0,(anonymous_4)
FNDA:0,(anonymous_5)
FNDA:89,(anonymous_6)
DA:7,6
DA:10,6
DA:11,6
DA:14,95
LF:4
LH:4
BRF:0
BRH:0
end_of_record
TN:
SF:src/mcp_resources/cache/lruCacheStrategy.ts
FN:20,(anonymous_1)
FN:45,(anonymous_2)
FN:58,(anonymous_3)
FN:63,(anonymous_4)
FN:78,(anonymous_5)
FN:108,(anonymous_6)
FN:132,(anonymous_7)
FN:152,(anonymous_8)
FN:162,(anonymous_9)
FN:176,(anonymous_10)
FN:206,(anonymous_11)
FN:246,(anonymous_12)
FN:265,(anonymous_13)
FN:276,(anonymous_14)
FN:285,(anonymous_15)
FN:317,(anonymous_16)
FNF:16
FNH:0
FNDA:0,(anonymous_1)
FNDA:0,(anonymous_2)
FNDA:0,(anonymous_3)
FNDA:0,(anonymous_4)
FNDA:0,(anonymous_5)
FNDA:0,(anonymous_6)
FNDA:0,(anonymous_7)
FNDA:0,(anonymous_8)
FNDA:0,(anonymous_9)
FNDA:0,(anonymous_10)
FNDA:0,(anonymous_11)
FNDA:0,(anonymous_12)
FNDA:0,(anonymous_13)
FNDA:0,(anonymous_14)
FNDA:0,(anonymous_15)
FNDA:0,(anonymous_16)
DA:6,10
DA:17,0
DA:18,0
DA:21,0
DA:22,0
DA:33,10
DA:35,0
DA:36,0
DA:38,0
DA:39,0
DA:46,0
DA:47,0
DA:48,0
DA:49,0
DA:59,0
DA:60,0
DA:63,0
DA:64,0
DA:68,0
DA:69,0
DA:79,0
DA:80,0
DA:81,0
DA:84,0
DA:85,0
DA:87,0
DA:88,0
DA:89,0
DA:90,0
DA:93,0
DA:96,0
DA:97,0
DA:100,0
DA:109,0
DA:110,0
DA:113,0
DA:114,0
DA:118,0
DA:121,0
DA:122,0
DA:133,0
DA:134,0
DA:136,0
DA:139,0
DA:140,0
DA:142,0
DA:153,0
DA:154,0
DA:163,0
DA:165,0
DA:166,0
DA:167,0
DA:168,0
DA:177,0
DA:179,0
DA:180,0
DA:184,0
DA:185,0
DA:186,0
DA:187,0
DA:188,0
DA:192,0
DA:194,0
DA:195,0
DA:213,0
DA:214,0
DA:215,0
DA:216,0
DA:219,0
DA:220,0
DA:223,0
DA:224,0
DA:233,0
DA:234,0
DA:235,0
DA:237,0
DA:238,0
DA:247,0
DA:248,0
DA:249,0
DA:252,0
DA:253,0
DA:255,0
DA:256,0
DA:259,0
DA:266,0
DA:267,0
DA:268,0
DA:269,0
DA:270,0
DA:277,0
DA:286,0
DA:287,0
DA:288,0
DA:291,0
DA:292,0
DA:293,0
DA:298,0
DA:299,0
DA:300,0
DA:301,0
DA:302,0
DA:305,0
DA:306,0
DA:309,0
DA:318,0
DA:319,0
DA:320,0
DA:321,0
LF:109
LH:2
BRDA:45,0,0,0
BRDA:59,1,0,0
BRDA:68,2,0,0
BRDA:87,3,0,0
BRDA:96,4,0,0
BRDA:113,5,0,0
BRDA:121,6,0,0
BRDA:133,7,0,0
BRDA:133,7,1,0
BRDA:139,8,0,0
BRDA:139,8,1,0
BRDA:163,9,0,0
BRDA:179,10,0,0
BRDA:184,11,0,0
BRDA:213,12,0,0
BRDA:213,12,1,0
BRDA:219,13,0,0
BRDA:248,14,0,0
BRDA:255,15,0,0
BRDA:287,16,0,0
BRDA:287,16,1,0
BRDA:292,17,0,0
BRDA:305,18,0,0
BRDA:318,19,0,0
BRF:24
BRH:0
end_of_record
TN:
SF:src/mcp_resources/cache/timeBasedCacheStrategy.ts
FN:25,(anonymous_1)
FN:38,(anonymous_2)
FN:43,(anonymous_3)
FN:57,(anonymous_4)
FN:80,(anonymous_5)
FN:110,(anonymous_6)
FN:145,(anonymous_7)
FN:156,(anonymous_8)
FN:165,(anonymous_9)
FN:174,(anonymous_10)
FN:197,(anonymous_11)
FNF:11
FNH:0
FNDA:0,(anonymous_1)
FNDA:0,(anonymous_2)
FNDA:0,(anonymous_3)
FNDA:0,(anonymous_4)
FNDA:0,(anonymous_5)
FNDA:0,(anonymous_6)
FNDA:0,(anonymous_7)
FNDA:0,(anonymous_8)
FNDA:0,(anonymous_9)
FNDA:0,(anonymous_10)
FNDA:0,(anonymous_11)
DA:6,10
DA:15,10
DA:18,0
DA:19,0
DA:26,0
DA:27,0
DA:28,0
DA:29,0
DA:39,0
DA:40,0
DA:43,0
DA:44,0
DA:48,0
DA:49,0
DA:58,0
DA:59,0
DA:61,0
DA:62,0
DA:63,0
DA:64,0
DA:68,0
DA:69,0
DA:72,0
DA:81,0
DA:83,0
DA:84,0
DA:88,0
DA:89,0
DA:90,0
DA:91,0
DA:94,0
DA:95,0
DA:118,0
DA:119,0
DA:120,0
DA:121,0
DA:122,0
DA:126,0
DA:127,0
DA:135,0
DA:136,0
DA:137,0
DA:146,0
DA:147,0
DA:148,0
DA:150,0
DA:157,0
DA:158,0
DA:159,0
DA:166,0
DA:175,0
DA:176,0
DA:178,0
DA:179,0
DA:180,0
DA:181,0
DA:185,0
DA:186,0
DA:189,0
DA:198,0
DA:199,0
DA:200,0
DA:201,0
LF:63
LH:2
BRDA:25,0,0,0
BRDA:39,1,0,0
BRDA:48,2,0,0
BRDA:62,3,0,0
BRDA:68,4,0,0
BRDA:83,5,0,0
BRDA:88,6,0,0
BRDA:118,7,0,0
BRDA:118,8,0,0
BRDA:118,8,1,0
BRDA:120,9,0,0
BRDA:147,10,0,0
BRDA:176,11,0,0
BRDA:176,11,1,0
BRDA:179,12,0,0
BRDA:185,13,0,0
BRDA:198,14,0,0
BRF:17
BRH:0
end_of_record
TN:
SF:src/mcp_resources/handlers/DomainResourceHandler.ts
FN:62,(anonymous_0)
FN:83,(anonymous_1)
FN:101,(anonymous_2)
FN:124,(anonymous_3)
FN:137,(anonymous_4)
FN:177,registerDomainResources
FNF:6
FNH:3
FNDA:7,(anonymous_0)
FNDA:0,(anonymous_1)
FNDA:8,(anonymous_2)
FNDA:0,(anonymous_3)
FNDA:0,(anonymous_4)
FNDA:1,registerDomainResources
DA:5,1
DA:7,1
DA:11,1
DA:21,1
DA:27,1
DA:47,1
DA:54,1
DA:63,7
DA:65,7
DA:84,0
DA:93,1
DA:102,8
DA:104,8
DA:125,0
DA:139,0
DA:142,0
DA:143,0
DA:144,0
DA:145,0
DA:148,0
DA:149,0
DA:152,0
DA:153,0
DA:156,0
DA:163,0
DA:164,0
DA:167,0
DA:177,1
DA:179,1
DA:180,1
DA:183,1
DA:184,1
LF:32
LH:17
BRDA:142,0,0,0
BRDA:143,1,0,0
BRDA:144,2,0,0
BRDA:145,3,0,0
BRDA:148,4,0,0
BRDA:149,5,0,0
BRDA:152,6,0,0
BRDA:153,7,0,0
BRDA:158,8,0,0
BRDA:158,8,1,0
BRDA:163,9,0,0
BRF:11
BRH:0
end_of_record
TN:
SF:src/mcp_resources/handlers/SubnetResourceHandler.ts
FN:62,(anonymous_0)
FN:83,(anonymous_1)
FN:101,(anonymous_2)
FN:124,(anonymous_3)
FN:137,(anonymous_4)
FN:179,registerSubnetResources
FNF:6
FNH:3
FNDA:7,(anonymous_0)
FNDA:0,(anonymous_1)
FNDA:8,(anonymous_2)
FNDA:0,(anonymous_3)
FNDA:0,(anonymous_4)
FNDA:1,registerSubnetResources
DA:5,1
DA:7,1
DA:11,1
DA:21,1
DA:27,1
DA:47,1
DA:54,1
DA:63,7
DA:65,7
DA:84,0
DA:93,1
DA:102,8
DA:104,8
DA:125,0
DA:139,0
DA:142,0
DA:143,0
DA:144,0
DA:145,0
DA:148,0
DA:149,0
DA:152,0
DA:153,0
DA:154,0
DA:155,0
DA:158,0
DA:165,0
DA:166,0
DA:169,0
DA:179,1
DA:181,1
DA:182,1
DA:185,1
DA:186,1
LF:34
LH:17
BRDA:142,0,0,0
BRDA:143,1,0,0
BRDA:144,2,0,0
BRDA:145,3,0,0
BRDA:148,4,0,0
BRDA:149,5,0,0
BRDA:152,6,0,0
BRDA:153,7,0,0
BRDA:154,8,0,0
BRDA:155,9,0,0
BRDA:160,10,0,0
BRDA:160,10,1,0
BRDA:165,11,0,0
BRF:13
BRH:0
end_of_record
TN:
SF:src/mcp_resources/handlers/TagResourceHandler.ts
FN:82,(anonymous_1)
FN:103,(anonymous_2)
FN:117,(anonymous_3)
FN:147,(anonymous_4)
FN:170,(anonymous_5)
FN:183,(anonymous_6)
FN:235,(anonymous_7)
FN:256,(anonymous_8)
FN:270,(anonymous_9)
FN:298,(anonymous_10)
FN:345,registerTagResources
FNF:11
FNH:11
FNDA:2,(anonymous_1)
FNDA:2,(anonymous_2)
FNDA:1,(anonymous_3)
FNDA:2,(anonymous_4)
FNDA:1,(anonymous_5)
FNDA:1,(anonymous_6)
FNDA:8,(anonymous_7)
FNDA:4,(anonymous_8)
FNDA:4,(anonymous_9)
FNDA:3,(anonymous_10)
FNDA:1,registerTagResources
DA:5,1
DA:7,1
DA:12,1
DA:25,1
DA:26,1
DA:27,1
DA:28,1
DA:34,1
DA:46,1
DA:66,1
DA:74,1
DA:83,2
DA:85,2
DA:104,2
DA:118,1
DA:121,1
DA:122,0
DA:123,0
DA:130,1
DA:139,1
DA:148,2
DA:150,2
DA:171,1
DA:185,1
DA:188,1
DA:189,1
DA:190,1
DA:191,1
DA:194,1
DA:195,1
DA:198,1
DA:199,1
DA:200,1
DA:203,1
DA:210,1
DA:211,0
DA:214,1
DA:225,1
DA:236,8
DA:238,8
DA:257,4
DA:271,4
DA:274,4
DA:275,0
DA:276,0
DA:283,4
DA:299,3
DA:304,3
DA:305,3
DA:308,1
DA:309,1
DA:310,1
DA:318,0
DA:323,2
DA:326,2
DA:327,0
DA:328,0
DA:335,2
DA:345,1
DA:347,1
DA:348,1
DA:351,1
DA:352,1
DA:355,1
DA:356,1
LF:65
LH:57
BRDA:121,0,0,0
BRDA:188,1,0,0
BRDA:189,2,0,0
BRDA:190,3,0,0
BRDA:191,4,0,0
BRDA:194,5,0,0
BRDA:195,6,0,0
BRDA:198,7,0,0
BRDA:199,8,0,0
BRDA:200,9,0,0
BRDA:205,10,0,0
BRDA:205,10,1,1
BRDA:210,11,0,0
BRDA:274,12,0,0
BRDA:308,13,0,1
BRDA:326,14,0,0
BRF:16
BRH:2
end_of_record
TN:
SF:src/mcp_resources/handlers/ZoneResourceHandler.ts
FN:62,(anonymous_0)
FN:83,(anonymous_1)
FN:101,(anonymous_2)
FN:124,(anonymous_3)
FN:137,(anonymous_4)
FN:176,registerZoneResources
FNF:6
FNH:3
FNDA:7,(anonymous_0)
FNDA:0,(anonymous_1)
FNDA:8,(anonymous_2)
FNDA:0,(anonymous_3)
FNDA:0,(anonymous_4)
FNDA:1,registerZoneResources
DA:5,1
DA:7,1
DA:11,1
DA:21,1
DA:27,1
DA:47,1
DA:54,1
DA:63,7
DA:65,7
DA:84,0
DA:93,1
DA:102,8
DA:104,8
DA:125,0
DA:139,0
DA:142,0
DA:143,0
DA:144,0
DA:145,0
DA:148,0
DA:149,0
DA:152,0
DA:155,0
DA:162,0
DA:163,0
DA:166,0
DA:176,1
DA:178,1
DA:179,1
DA:182,1
DA:183,1
LF:31
LH:17
BRDA:142,0,0,0
BRDA:143,1,0,0
BRDA:144,2,0,0
BRDA:145,3,0,0
BRDA:148,4,0,0
BRDA:149,5,0,0
BRDA:152,6,0,0
BRDA:157,7,0,0
BRDA:157,7,1,0
BRDA:162,8,0,0
BRF:10
BRH:0
end_of_record
TN:
SF:src/mcp_resources/schemas/collectionQueryParams.ts
FN:46,(anonymous_0)
FN:48,(anonymous_1)
FN:49,(anonymous_2)
FNF:3
FNH:0
FNDA:0,(anonymous_0)
FNDA:0,(anonymous_1)
FNDA:0,(anonymous_2)
DA:5,4
DA:14,4
DA:37,4
DA:46,0
DA:48,0
DA:49,0
DA:133,4
DA:153,4
DA:169,4
DA:188,4
DA:205,4
LF:11
LH:8
BRDA:46,0,0,0
BRDA:46,0,1,0
BRDA:48,1,0,0
BRDA:48,1,1,0
BRDA:49,2,0,0
BRDA:49,2,1,0
BRF:6
BRH:0
end_of_record
TN:
SF:src/mcp_resources/schemas/deviceResourceSchema.ts
FN:8,(anonymous_0)
FN:8,(anonymous_1)
FNF:2
FNH:0
FNDA:0,(anonymous_0)
FNDA:0,(anonymous_1)
DA:1,4
DA:2,4
DA:8,4
DA:14,4
DA:43,4
LF:5
LH:5
BRF:0
BRH:0
end_of_record
TN:
SF:src/mcp_resources/schemas/domainResourceSchema.ts
FN:8,(anonymous_0)
FN:8,(anonymous_1)
FNF:2
FNH:0
FNDA:0,(anonymous_0)
FNDA:0,(anonymous_1)
DA:1,4
DA:2,4
DA:8,4
DA:14,4
DA:29,4
LF:5
LH:5
BRF:0
BRH:0
end_of_record
TN:
SF:src/mcp_resources/schemas/index.ts
FNF:0
FNH:0
DA:7,4
DA:10,4
DA:11,4
DA:12,4
DA:13,4
DA:14,4
DA:15,4
DA:18,4
LF:8
LH:8
BRF:0
BRH:0
end_of_record
TN:
SF:src/mcp_resources/schemas/machineDetailsSchema.ts
FN:8,(anonymous_0)
FN:8,(anonymous_1)
FNF:2
FNH:0
FNDA:0,(anonymous_0)
FNDA:0,(anonymous_1)
DA:1,5
DA:2,5
DA:8,5
DA:14,5
DA:45,5
LF:5
LH:5
BRF:0
BRH:0
end_of_record
TN:
SF:src/mcp_resources/schemas/subnetResourceSchema.ts
FN:8,(anonymous_0)
FN:8,(anonymous_1)
FNF:2
FNH:0
FNDA:0,(anonymous_0)
FNDA:0,(anonymous_1)
DA:1,4
DA:2,4
DA:8,4
DA:14,4
DA:40,4
LF:5
LH:5
BRF:0
BRH:0
end_of_record
TN:
SF:src/mcp_resources/schemas/tagResourcesSchema.ts
FN:13,(anonymous_0)
FN:14,(anonymous_1)
FN:15,(anonymous_2)
FNF:3
FNH:3
FNDA:1,(anonymous_0)
FNDA:1,(anonymous_1)
FNDA:1,(anonymous_2)
DA:1,5
DA:2,5
DA:13,6
DA:14,6
DA:15,6
DA:22,5
DA:35,5
DA:44,5
LF:8
LH:8
BRF:0
BRH:0
end_of_record
TN:
SF:src/mcp_resources/schemas/uriPatterns.ts
FN:46,extractParamsFromUri
FNF:1
FNH:1
FNDA:56,extractParamsFromUri
DA:8,12
DA:9,12
DA:13,12
DA:14,12
DA:15,12
DA:19,12
DA:20,12
DA:24,12
DA:25,12
DA:29,12
DA:30,12
DA:34,12
DA:35,12
DA:46,12
DA:47,56
DA:50,56
DA:51,56
DA:54,56
DA:55,56
DA:56,29
DA:59,27
LF:21
LH:21
BRDA:55,0,0,29
BRDA:55,1,0,56
BRDA:55,1,1,48
BRF:3
BRH:3
end_of_record
TN:
SF:src/mcp_resources/schemas/zoneResourceSchema.ts
FN:8,(anonymous_0)
FN:8,(anonymous_1)
FNF:2
FNH:0
FNDA:0,(anonymous_0)
FNDA:0,(anonymous_1)
DA:1,4
DA:2,4
DA:8,4
DA:14,4
DA:26,4
LF:5
LH:5
BRF:0
BRH:0
end_of_record
TN:
SF:src/mcp_resources/utils/resourceUtils.ts
FN:20,extractAndValidateParams
FN:129,validateResourceData
FN:199,handleResourceFetchError
FNF:3
FNH:3
FNDA:32,extractAndValidateParams
FNDA:10,validateResourceData
FNDA:19,handleResourceFetchError
DA:4,8
DA:5,8
DA:6,8
DA:7,8
DA:8,8
DA:20,8
DA:26,32
DA:28,32
DA:31,30
DA:34,8
DA:36,8
DA:37,6
DA:43,6
DA:51,6
DA:65,6
DA:69,2
DA:71,1
DA:85,1
DA:89,1
DA:90,1
DA:93,1
DA:100,1
DA:115,1
DA:129,8
DA:135,10
DA:136,10
DA:139,5
DA:141,5
DA:142,4
DA:143,4
DA:149,4
DA:157,4
DA:170,4
DA:174,1
DA:187,1
DA:199,8
DA:205,19
DA:208,19
DA:210,19
DA:212,10
DA:219,10
DA:220,2
DA:227,2
DA:238,2
DA:242,8
DA:253,8
DA:254,9
DA:256,2
DA:258,2
DA:265,2
DA:276,2
DA:277,7
DA:279,3
DA:285,3
DA:293,3
DA:308,3
DA:309,4
DA:311,2
DA:313,2
DA:321,2
DA:332,2
DA:335,2
DA:340,2
DA:348,2
DA:362,2
LF:65
LH:65
BRDA:36,0,0,6
BRDA:69,1,0,1
BRDA:89,2,0,1
BRDA:89,2,1,0
BRDA:141,3,0,4
BRDA:142,4,0,2
BRDA:142,4,1,2
BRDA:179,5,0,1
BRDA:179,5,1,0
BRDA:205,6,0,16
BRDA:205,6,1,3
BRDA:210,7,0,10
BRDA:210,7,1,9
BRDA:219,8,0,2
BRDA:219,9,0,10
BRDA:219,9,1,3
BRDA:254,10,0,2
BRDA:254,10,1,7
BRDA:277,11,0,3
BRDA:277,11,1,4
BRDA:277,12,0,7
BRDA:277,12,1,5
BRDA:309,13,0,2
BRDA:309,13,1,2
BRF:24
BRH:22
end_of_record
TN:
SF:src/mcp_tools/schemas/common.ts
FNF:0
FNH:0
DA:1,5
DA:4,5
DA:9,5
DA:11,5
DA:19,5
DA:22,5
DA:23,5
DA:26,5
DA:27,5
DA:30,5
LF:10
LH:10
BRF:0
BRH:0
end_of_record
TN:
SF:src/mcp_tools/schemas/createTagSchema.ts
FNF:0
FNH:0
DA:1,5
DA:2,5
DA:8,5
LF:3
LH:3
BRF:0
BRH:0
end_of_record
TN:
SF:src/mcp_tools/schemas/listMachinesSchema.ts
FNF:0
FNH:0
DA:1,5
DA:2,5
DA:8,5
LF:3
LH:3
BRF:0
BRH:0
end_of_record
TN:
SF:src/mcp_tools/schemas/tagSchema.ts
FNF:0
FNH:0
DA:1,5
DA:2,5
DA:8,5
LF:3
LH:3
BRF:0
BRH:0
end_of_record
TN:
SF:src/types/index.ts
FN:11,(anonymous_0)
FN:12,(anonymous_1)
FN:21,(anonymous_2)
FN:43,(anonymous_3)
FNF:4
FNH:0
FNDA:0,(anonymous_0)
FNDA:0,(anonymous_1)
FNDA:0,(anonymous_2)
FNDA:0,(anonymous_3)
DA:10,5
DA:11,5
DA:12,5
DA:20,5
DA:21,5
DA:28,5
DA:29,5
DA:34,5
DA:35,5
DA:42,5
DA:43,5
LF:11
LH:11
BRF:0
BRH:0
end_of_record
TN:
SF:src/types/maas.ts
FN:78,(anonymous_0)
FNF:1
FNH:1
FNDA:114,(anonymous_0)
DA:53,13
DA:84,114
DA:85,114
DA:86,114
DA:87,114
DA:88,114
DA:91,114
DA:92,114
DA:94,0
LF:9
LH:8
BRDA:91,0,0,114
BRDA:91,0,1,0
BRF:2
BRH:1
end_of_record
TN:
SF:src/utils/auditLogger.ts
FN:20,(anonymous_1)
FN:29,(anonymous_2)
FN:90,setAuditLogOptions
FN:104,getAuditLogOptions
FN:115,maskSensitiveData
FN:123,(anonymous_6)
FN:139,prepareResourceState
FN:161,logAuditEvent
FN:185,logResourceAccess
FN:222,logResourceAccessFailure
FN:260,logResourceModification
FN:300,logResourceModificationFailure
FN:336,logCacheOperation
FNF:13
FNH:7
FNDA:6,(anonymous_1)
FNDA:6,(anonymous_2)
FNDA:0,setAuditLogOptions
FNDA:0,getAuditLogOptions
FNDA:0,maskSensitiveData
FNDA:0,(anonymous_6)
FNDA:216,prepareResourceState
FNDA:108,logAuditEvent
FNDA:33,logResourceAccess
FNDA:39,logResourceAccessFailure
FNDA:0,logResourceModification
FNDA:0,logResourceModificationFailure
FNDA:36,logCacheOperation
DA:7,6
DA:11,6
DA:20,6
DA:21,6
DA:22,6
DA:23,6
DA:29,6
DA:30,6
DA:31,6
DA:32,6
DA:33,6
DA:34,6
DA:35,6
DA:36,6
DA:75,6
DA:83,6
DA:90,6
DA:91,0
DA:96,0
DA:104,6
DA:105,0
DA:116,0
DA:117,0
DA:120,0
DA:122,0
DA:123,0
DA:124,0
DA:125,0
DA:126,0
DA:130,0
DA:140,216
DA:141,216
DA:144,0
DA:145,0
DA:148,0
DA:149,0
DA:152,0
DA:163,108
DA:170,108
DA:185,6
DA:195,33
DA:222,6
DA:232,39
DA:260,6
DA:271,0
DA:300,6
DA:311,0
DA:336,6
DA:343,36
DA:355,6
LF:50
LH:31
BRDA:20,0,0,6
BRDA:20,0,1,6
BRDA:29,1,0,6
BRDA:29,1,1,6
BRDA:115,2,0,0
BRDA:116,3,0,0
BRDA:116,4,0,0
BRDA:116,4,1,0
BRDA:120,5,0,0
BRDA:120,5,1,0
BRDA:123,6,0,0
BRDA:123,6,1,0
BRDA:125,7,0,0
BRDA:140,8,0,216
BRDA:144,9,0,0
BRDA:148,10,0,0
BRDA:170,11,0,70
BRDA:170,11,1,38
BRDA:243,12,0,39
BRDA:243,12,1,0
BRDA:323,13,0,0
BRDA:323,13,1,0
BRF:22
BRH:8
end_of_record
TN:
SF:src/utils/logger.ts
FN:5,(anonymous_1)
FN:19,(anonymous_2)
FNF:2
FNH:1
FNDA:42,(anonymous_1)
FNDA:0,(anonymous_2)
DA:1,6
DA:2,6
DA:5,6
DA:6,42
DA:10,6
DA:19,6
DA:20,0
DA:27,6
LF:8
LH:7
BRDA:12,0,0,0
BRDA:12,0,1,6
BRDA:23,1,0,0
BRDA:23,1,1,0
BRF:4
BRH:1
end_of_record
